#
# A fatal error has been detected by the Java Runtime Environment:
#
#  SIGBUS (0x7) at pc=0x00007f7841ac4982, pid=13651, tid=140154193794816
#
# JRE version: Java(TM) SE Runtime Environment (7.0_79-b15) (build 1.7.0_79-b15)
# Java VM: Java HotSpot(TM) 64-Bit Server VM (24.79-b02 mixed mode linux-amd64 compressed oops)
# Problematic frame:
# C  [libzip.so+0x4982]  newEntry+0x62
#
# Failed to write core dump. Core dumps have been disabled. To enable core dumping, try "ulimit -c unlimited" before starting Java again
#
# If you would like to submit a bug report, please visit:
#   http://bugreport.java.com/bugreport/crash.jsp
# The crash happened outside the Java Virtual Machine in native code.
# See problematic frame for where to report the bug.
#

---------------  T H R E A D  ---------------

Current thread (0x00007f77bc266800):  JavaThread "http-bio-9090-exec-19" daemon [_thread_in_native, id=14321, stack(0x00007f7830df5000,0x00007f7830ef6000)]

siginfo:si_signo=SIGBUS: si_errno=0, si_code=2 (BUS_ADRERR), si_addr=0x00007f78442ae809

Registers:
RAX=0x00007f77ec045730, RBX=0x00007f783c175590, RCX=0x00007f77ec045730, RDX=0x00007f77ec045730
RSP=0x00007f7830ef1b70, RBP=0x00007f7830ef1bc0, RSI=0x0000000000000003, RDI=0x00007f77ec000020
R8 =0x00000000000000a3, R9 =0x0000000000000021, R10=0x00007f78390b1cb8, R11=0x0000000000000007
R12=0x00007f78442ae7ec, R13=0x00007f77ec045730, R14=0x0000000047901532, R15=0x00007f783c175210
RIP=0x00007f7841ac4982, EFLAGS=0x0000000000010202, CSGSFS=0x0000000000000033, ERR=0x0000000000000004
  TRAPNO=0x000000000000000e

Top of Stack: (sp=0x00007f7830ef1b70)
0x00007f7830ef1b70:   00000000eae00c90 00007f7700000000
0x00007f7830ef1b80:   00007f7830ef1c00 00007f784301338c
0x00007f7830ef1b90:   00007f77ec045730 00007f783c175590
0x00007f7830ef1ba0:   00007f783c175210 00007f77c0043430
0x00007f7830ef1bb0:   0000000047901532 00007f7830ef1c20
0x00007f7830ef1bc0:   00007f7830ef1c00 00007f7841ac50b0
0x00007f7830ef1bd0:   0000002130ef1c00 00007f7830ef1c20
0x00007f7830ef1be0:   0000000000000021 00007f77bc2669e8
0x00007f7830ef1bf0:   00007f7830ef1c20 00007f7830ef2078
0x00007f7830ef1c00:   00007f7830ef2060 00007f7841ac3eed
0x00007f7830ef1c10:   01007f7830ef2350 00007f783c175210
0x00007f7830ef1c20:   617261622f67726f 49422f42442f617a
0x00007f7830ef1c30:   63655674726f706d 73616c632e726f74
0x00007f7830ef1c40:   00007f7843210073 0000000200000000
0x00007f7830ef1c50:   00007f7800000000 0000000000000079
0x00007f7830ef1c60:   0000000000000000 00007f784321fb78
0x00007f7830ef1c70:   000000200000001e 0000000000000000
0x00007f7830ef1c80:   00007f7800000000 0000003000000000
0x00007f7830ef1c90:   00007f7830ef1d38 00007f7830ef2280
0x00007f7830ef1ca0:   0000003000000000 0000003000000010
0x00007f7830ef1cb0:   00007f7830ef2390 00007f7830ef22a0
0x00007f7830ef1cc0:   0000000000000000 00007f77bc266800
0x00007f7830ef1cd0:   00007f7830ef2100 00007f77bc266800
0x00007f7830ef1ce0:   00007f77bc002000 00000000fc0df348
0x00007f7830ef1cf0:   00007f77bc002060 00000000fc0df470
0x00007f7830ef1d00:   00000000fc0df490 00000000fc0df520
0x00007f7830ef1d10:   00007f7800000000 0000000200000000
0x00007f7830ef1d20:   00007f7830ef48c8 00007f78390004e7
0x00007f7830ef1d30:   00007f7830ef48c8 00007f78390004e7
0x00007f7830ef1d40:   00007f78390003d0 00007f7700000000
0x00007f7830ef1d50:   00007f7830ef4930 00007f7830ef48c8
0x00007f7830ef1d60:   00007f77bc22ead0 00007f78002503a0 

Instructions: (pc=0x00007f7841ac4982)
0x00007f7841ac4962:   00 48 c7 40 28 00 00 00 00 41 80 7f 30 00 0f 84
0x00007f7841ac4972:   8a 02 00 00 4c 8b 63 08 4d 2b 67 28 4d 03 67 18
0x00007f7841ac4982:   41 0f b6 5c 24 1d 41 0f b6 44 24 1c c1 e3 08 09
0x00007f7841ac4992:   c3 41 0f b6 44 24 1e 88 45 bd 41 0f b6 54 24 20 

Register to memory mapping:

RAX=0x00007f77ec045730 is an unknown value
RBX=0x00007f783c175590 is an unknown value
RCX=0x00007f77ec045730 is an unknown value
RDX=0x00007f77ec045730 is an unknown value
RSP=0x00007f7830ef1b70 is pointing into the stack for thread: 0x00007f77bc266800
RBP=0x00007f7830ef1bc0 is pointing into the stack for thread: 0x00007f77bc266800
RSI=0x0000000000000003 is an unknown value
RDI=0x00007f77ec000020 is an unknown value
R8 =0x00000000000000a3 is an unknown value
R9 =0x0000000000000021 is an unknown value
R10=0x00007f78390b1cb8 is at entry_point+88 in (nmethod*)0x00007f78390b1ad0
R11=0x0000000000000007 is an unknown value
R12=0x00007f78442ae7ec is an unknown value
R13=0x00007f77ec045730 is an unknown value
R14=0x0000000047901532 is an unknown value
R15=0x00007f783c175210 is an unknown value


Stack: [0x00007f7830df5000,0x00007f7830ef6000],  sp=0x00007f7830ef1b70,  free space=1010k
Native frames: (J=compiled Java code, j=interpreted, Vv=VM code, C=native code)
C  [libzip.so+0x4982]  newEntry+0x62
C  [libzip.so+0x50b0]  ZIP_GetEntry+0xd0
C  [libzip.so+0x3eed]  Java_java_util_zip_ZipFile_getEntry+0xad
J 117  java.util.zip.ZipFile.getEntry(J[BZ)J (0 bytes) @ 0x00007f78390b1d2e [0x00007f78390b1c60+0xce]

Java frames: (J=compiled Java code, j=interpreted, Vv=VM code)
J 117  java.util.zip.ZipFile.getEntry(J[BZ)J (0 bytes) @ 0x00007f78390b1cb8 [0x00007f78390b1c60+0x58]
J 589 C2 java.util.zip.ZipFile.getEntry(Ljava/lang/String;)Ljava/util/zip/ZipEntry; (86 bytes) @ 0x00007f783915b1d0 [0x00007f783915ae80+0x350]
J 962 C2 java.util.jar.JarFile.getEntry(Ljava/lang/String;)Ljava/util/zip/ZipEntry; (22 bytes) @ 0x00007f7839220b08 [0x00007f7839220ae0+0x28]
J 327 C2 sun.misc.URLClassPath.getResource(Ljava/lang/String;Z)Lsun/misc/Resource; (74 bytes) @ 0x00007f783916eaa8 [0x00007f783916e940+0x168]
j  java.net.URLClassLoader$1.run()Ljava/lang/Class;+26
j  java.net.URLClassLoader$1.run()Ljava/lang/Object;+1
v  ~StubRoutines::call_stub
j  java.security.AccessController.doPrivileged(Ljava/security/PrivilegedExceptionAction;Ljava/security/AccessControlContext;)Ljava/lang/Object;+0
j  java.net.URLClassLoader.findClass(Ljava/lang/String;)Ljava/lang/Class;+13
j  java.lang.ClassLoader.loadClass(Ljava/lang/String;Z)Ljava/lang/Class;+70
j  sun.misc.Launcher$AppClassLoader.loadClass(Ljava/lang/String;Z)Ljava/lang/Class;+36
j  java.lang.ClassLoader.loadClass(Ljava/lang/String;)Ljava/lang/Class;+3
v  ~StubRoutines::call_stub
j  org.baraza.web.BWebFiles.importFile(Ljavax/servlet/http/HttpServletRequest;)Ljava/lang/String;+268
j  org.baraza.web.BWebFiles.doGet(Ljavax/servlet/http/HttpServletRequest;Ljavax/servlet/http/HttpServletResponse;)V+32
j  org.baraza.web.BWebFiles.doPost(Ljavax/servlet/http/HttpServletRequest;Ljavax/servlet/http/HttpServletResponse;)V+3
j  javax.servlet.http.HttpServlet.service(Ljavax/servlet/http/HttpServletRequest;Ljavax/servlet/http/HttpServletResponse;)V+149
j  javax.servlet.http.HttpServlet.service(Ljavax/servlet/ServletRequest;Ljavax/servlet/ServletResponse;)V+30
j  org.apache.catalina.core.ApplicationFilterChain.internalDoFilter(Ljavax/servlet/ServletRequest;Ljavax/servlet/ServletResponse;)V+446
j  org.apache.catalina.core.ApplicationFilterChain.doFilter(Ljavax/servlet/ServletRequest;Ljavax/servlet/ServletResponse;)V+101
j  org.apache.catalina.core.StandardWrapperValve.invoke(Lorg/apache/catalina/connector/Request;Lorg/apache/catalina/connector/Response;)V+783
j  org.apache.catalina.core.StandardContextValve.invoke(Lorg/apache/catalina/connector/Request;Lorg/apache/catalina/connector/Response;)V+166
j  org.apache.catalina.authenticator.AuthenticatorBase.invoke(Lorg/apache/catalina/connector/Request;Lorg/apache/catalina/connector/Response;)V+449
j  org.apache.catalina.core.StandardHostValve.invoke(Lorg/apache/catalina/connector/Request;Lorg/apache/catalina/connector/Response;)V+148
j  org.apache.catalina.valves.ErrorReportValve.invoke(Lorg/apache/catalina/connector/Request;Lorg/apache/catalina/connector/Response;)V+6
j  org.apache.catalina.core.StandardEngineValve.invoke(Lorg/apache/catalina/connector/Request;Lorg/apache/catalina/connector/Response;)V+71
j  org.apache.catalina.connector.CoyoteAdapter.service(Lorg/apache/coyote/Request;Lorg/apache/coyote/Response;)V+196
j  org.apache.coyote.http11.AbstractHttp11Processor.process(Lorg/apache/tomcat/util/net/SocketWrapper;)Lorg/apache/tomcat/util/net/AbstractEndpoint$Handler$SocketState;+640
j  org.apache.coyote.AbstractProtocol$AbstractConnectionHandler.process(Lorg/apache/tomcat/util/net/SocketWrapper;Lorg/apache/tomcat/util/net/SocketStatus;)Lorg/apache/tomcat/util/net/AbstractEndpoint$Handler$SocketState;+214
j  org.apache.tomcat.util.net.JIoEndpoint$SocketProcessor.run()V+130
j  java.util.concurrent.ThreadPoolExecutor.runWorker(Ljava/util/concurrent/ThreadPoolExecutor$Worker;)V+95
j  java.util.concurrent.ThreadPoolExecutor$Worker.run()V+5
j  org.apache.tomcat.util.threads.TaskThread$WrappingRunnable.run()V+4
j  java.lang.Thread.run()V+11
v  ~StubRoutines::call_stub

---------------  P R O C E S S  ---------------

Java Threads: ( => current thread )
  0x00007f77b0001000 JavaThread "http-bio-9090-exec-33" daemon [_thread_blocked, id=15207, stack(0x00007f78308f0000,0x00007f78309f1000)]
  0x00007f77c8001800 JavaThread "http-bio-9090-exec-32" daemon [_thread_blocked, id=15204, stack(0x00007f78307ef000,0x00007f78308f0000)]
  0x00007f77e4011000 JavaThread "http-bio-9090-exec-31" daemon [_thread_blocked, id=15203, stack(0x00007f78305ed000,0x00007f78306ee000)]
  0x00007f77e8004000 JavaThread "http-bio-9090-exec-30" daemon [_thread_blocked, id=15092, stack(0x00007f7830af2000,0x00007f7830bf3000)]
  0x00007f77cc1b1000 JavaThread "http-bio-9090-exec-28" daemon [_thread_blocked, id=15041, stack(0x00007f78311f9000,0x00007f78312fa000)]
  0x00007f77e4004800 JavaThread "http-bio-9090-exec-25" daemon [_thread_blocked, id=14520, stack(0x00007f78309f1000,0x00007f7830af2000)]
  0x00007f77e8001800 JavaThread "http-bio-9090-exec-24" daemon [_thread_blocked, id=14451, stack(0x00007f7830cf4000,0x00007f7830df5000)]
  0x00007f77e400f000 JavaThread "http-bio-9090-exec-22" daemon [_thread_blocked, id=14449, stack(0x00007f78306ee000,0x00007f78307ef000)]
=>0x00007f77bc266800 JavaThread "http-bio-9090-exec-19" daemon [_thread_in_native, id=14321, stack(0x00007f7830df5000,0x00007f7830ef6000)]
  0x00007f77e4008000 JavaThread "http-bio-9090-exec-17" daemon [_thread_blocked, id=14319, stack(0x00007f7831304000,0x00007f7831405000)]
  0x00007f77e4006000 JavaThread "http-bio-9090-exec-7" daemon [_thread_blocked, id=13681, stack(0x00007f7830ef6000,0x00007f7830ff7000)]
  0x00007f77e4003000 JavaThread "http-bio-9090-exec-4" daemon [_thread_blocked, id=13679, stack(0x00007f78310f8000,0x00007f78311f9000)]
  0x00007f77e4001800 JavaThread "http-bio-9090-exec-1" daemon [_thread_blocked, id=13676, stack(0x00007f7831410000,0x00007f7831511000)]
  0x00007f783c008800 JavaThread "DestroyJavaVM" [_thread_blocked, id=13652, stack(0x00007f784419c000,0x00007f784429d000)]
  0x00007f783c66c000 JavaThread "Thread-1" [_thread_blocked, id=13675, stack(0x00007f7831511000,0x00007f7831612000)]
  0x00007f783c66b000 JavaThread "http-bio-9090-AsyncTimeout" daemon [_thread_blocked, id=13674, stack(0x00007f7831612000,0x00007f7831713000)]
  0x00007f783c65e000 JavaThread "http-bio-9090-Acceptor-0" daemon [_thread_in_native, id=13673, stack(0x00007f7831713000,0x00007f7831814000)]
  0x00007f783c665000 JavaThread "ContainerBackgroundProcessor[StandardEngine[Tomcat]]" daemon [_thread_blocked, id=13672, stack(0x00007f7831814000,0x00007f7831915000)]
  0x00007f783c281800 JavaThread "AWT-XAWT" daemon [_thread_in_native, id=13667, stack(0x00007f783232b000,0x00007f783242c000)]
  0x00007f783c263000 JavaThread "Java2D Disposer" daemon [_thread_blocked, id=13666, stack(0x00007f783283d000,0x00007f783293e000)]
  0x00007f783c217000 JavaThread "TimerQueue" daemon [_thread_blocked, id=13665, stack(0x00007f783293e000,0x00007f7832a3f000)]
  0x00007f783c166800 JavaThread "Service Thread" daemon [_thread_blocked, id=13663, stack(0x00007f78380f1000,0x00007f78381f2000)]
  0x00007f783c164800 JavaThread "C2 CompilerThread1" daemon [_thread_blocked, id=13662, stack(0x00007f78381f2000,0x00007f78382f3000)]
  0x00007f783c161800 JavaThread "C2 CompilerThread0" daemon [_thread_blocked, id=13661, stack(0x00007f78382f3000,0x00007f78383f4000)]
  0x00007f783c15f000 JavaThread "Signal Dispatcher" daemon [_thread_blocked, id=13660, stack(0x00007f78383f4000,0x00007f78384f5000)]
  0x00007f783c136000 JavaThread "Finalizer" daemon [_thread_blocked, id=13659, stack(0x00007f78384f5000,0x00007f78385f6000)]
  0x00007f783c134000 JavaThread "Reference Handler" daemon [_thread_blocked, id=13658, stack(0x00007f78385f6000,0x00007f78386f7000)]

Other Threads:
  0x00007f783c12f800 VMThread [stack: 0x00007f78386f7000,0x00007f78387f8000] [id=13657]
  0x00007f783c171800 WatcherThread [stack: 0x00007f7833eff000,0x00007f7834000000] [id=13664]

VM state:not at safepoint (normal execution)

VM Mutex/Monitor currently owned by a thread: None

Heap
 PSYoungGen      total 50176K, used 23716K [0x00000000faa80000, 0x00000000ff080000, 0x0000000100000000)
  eden space 31744K, 72% used [0x00000000faa80000,0x00000000fc0fda28,0x00000000fc980000)
  from space 18432K, 3% used [0x00000000fde80000,0x00000000fdf2b798,0x00000000ff080000)
  to   space 19968K, 0% used [0x00000000fc980000,0x00000000fc980000,0x00000000fdd00000)
 ParOldGen       total 83968K, used 52891K [0x00000000f0000000, 0x00000000f5200000, 0x00000000faa80000)
  object space 83968K, 62% used [0x00000000f0000000,0x00000000f33a6cd8,0x00000000f5200000)
 PSPermGen       total 35328K, used 35273K [0x00000000eae00000, 0x00000000ed080000, 0x00000000f0000000)
  object space 35328K, 99% used [0x00000000eae00000,0x00000000ed072628,0x00000000ed080000)

Card table byte_map: [0x00007f7841a16000,0x00007f7841ac0000] byte_map_base: 0x00007f78412bf000

Polling page: 0x00007f78442c2000

Code Cache  [0x00007f7839000000, 0x00007f7839360000, 0x00007f783c000000)
 total_blobs=1576 nmethods=1016 adapters=512 free_code_cache=45769Kb largest_free_block=46804480

Compilation events (10 events):
Event: 4164.661 Thread 0x00007f783c164800 1103             sun.misc.URLClassPath::access$000 (6 bytes)
Event: 4164.661 Thread 0x00007f783c164800 nmethod 1103 0x00007f7839349a90 code [0x00007f7839349be0, 0x00007f7839349c68]
Event: 4165.854 Thread 0x00007f783c164800 1104             java.util.AbstractCollection::addAll (42 bytes)
Event: 4165.858 Thread 0x00007f783c164800 nmethod 1104 0x00007f783934c210 code [0x00007f783934c3e0, 0x00007f783934c788]
Event: 4193.377 Thread 0x00007f783c161800 1105             com.sun.org.apache.xerces.internal.parsers.XML11Configuration::addRecognizedParamsAndSetDefaults (173 bytes)
Event: 4193.400 Thread 0x00007f783c161800 nmethod 1105 0x00007f78393589d0 code [0x00007f7839358c40, 0x00007f7839359e10]
Event: 4193.402 Thread 0x00007f783c164800 1106   !         java.text.MessageFormat::makeFormat (654 bytes)
Event: 4193.425 Thread 0x00007f783c164800 nmethod 1106 0x00007f783935b090 code [0x00007f783935b300, 0x00007f783935c3b0]
Event: 4204.411 Thread 0x00007f783c161800 1107             org.apache.commons.fileupload.MultipartStream::findByte (30 bytes)
Event: 4204.414 Thread 0x00007f783c161800 nmethod 1107 0x00007f7839349550 code [0x00007f7839349680, 0x00007f78393497f8]

GC Heap History (10 events):
Event: 1618.607 GC heap before
{Heap before GC invocations=14 (full 0):
 PSYoungGen      total 34816K, used 34800K [0x00000000faa80000, 0x00000000ffb00000, 0x0000000100000000)
  eden space 34304K, 100% used [0x00000000faa80000,0x00000000fcc00000,0x00000000fcc00000)
  from space 512K, 96% used [0x00000000fcc80000,0x00000000fccfc010,0x00000000fcd00000)
  to   space 24064K, 0% used [0x00000000fe380000,0x00000000fe380000,0x00000000ffb00000)
 ParOldGen       total 83968K, used 52409K [0x00000000f0000000, 0x00000000f5200000, 0x00000000faa80000)
  object space 83968K, 62% used [0x00000000f0000000,0x00000000f332e528,0x00000000f5200000)
 PSPermGen       total 34816K, used 34720K [0x00000000eae00000, 0x00000000ed000000, 0x00000000f0000000)
  object space 34816K, 99% used [0x00000000eae00000,0x00000000ecfe80d0,0x00000000ed000000)
Event: 1618.611 GC heap after
Heap after GC invocations=14 (full 0):
 PSYoungGen      total 56320K, used 416K [0x00000000faa80000, 0x00000000ff980000, 0x0000000100000000)
  eden space 33792K, 0% used [0x00000000faa80000,0x00000000faa80000,0x00000000fcb80000)
  from space 22528K, 1% used [0x00000000fe380000,0x00000000fe3e8000,0x00000000ff980000)
  to   space 23552K, 0% used [0x00000000fcb80000,0x00000000fcb80000,0x00000000fe280000)
 ParOldGen       total 83968K, used 52521K [0x00000000f0000000, 0x00000000f5200000, 0x00000000faa80000)
  object space 83968K, 62% used [0x00000000f0000000,0x00000000f334a588,0x00000000f5200000)
 PSPermGen       total 34816K, used 34720K [0x00000000eae00000, 0x00000000ed000000, 0x00000000f0000000)
  object space 34816K, 99% used [0x00000000eae00000,0x00000000ecfe80d0,0x00000000ed000000)
}
Event: 1781.161 GC heap before
{Heap before GC invocations=15 (full 0):
 PSYoungGen      total 56320K, used 34181K [0x00000000faa80000, 0x00000000ff980000, 0x0000000100000000)
  eden space 33792K, 99% used [0x00000000faa80000,0x00000000fcb79760,0x00000000fcb80000)
  from space 22528K, 1% used [0x00000000fe380000,0x00000000fe3e8000,0x00000000ff980000)
  to   space 23552K, 0% used [0x00000000fcb80000,0x00000000fcb80000,0x00000000fe280000)
 ParOldGen       total 83968K, used 52521K [0x00000000f0000000, 0x00000000f5200000, 0x00000000faa80000)
  object space 83968K, 62% used [0x00000000f0000000,0x00000000f334a588,0x00000000f5200000)
 PSPermGen       total 35328K, used 34881K [0x00000000eae00000, 0x00000000ed080000, 0x00000000f0000000)
  object space 35328K, 98% used [0x00000000eae00000,0x00000000ed010708,0x00000000ed080000)
Event: 1781.163 GC heap after
Heap after GC invocations=15 (full 0):
 PSYoungGen      total 34304K, used 592K [0x00000000faa80000, 0x00000000ff700000, 0x0000000100000000)
  eden space 33280K, 0% used [0x00000000faa80000,0x00000000faa80000,0x00000000fcb00000)
  from space 1024K, 57% used [0x00000000fcb80000,0x00000000fcc14010,0x00000000fcc80000)
  to   space 22528K, 0% used [0x00000000fe100000,0x00000000fe100000,0x00000000ff700000)
 ParOldGen       total 83968K, used 52577K [0x00000000f0000000, 0x00000000f5200000, 0x00000000faa80000)
  object space 83968K, 62% used [0x00000000f0000000,0x00000000f3358598,0x00000000f5200000)
 PSPermGen       total 35328K, used 34881K [0x00000000eae00000, 0x00000000ed080000, 0x00000000f0000000)
  object space 35328K, 98% used [0x00000000eae00000,0x00000000ed010708,0x00000000ed080000)
}
Event: 1851.142 GC heap before
{Heap before GC invocations=16 (full 0):
 PSYoungGen      total 34304K, used 33872K [0x00000000faa80000, 0x00000000ff700000, 0x0000000100000000)
  eden space 33280K, 100% used [0x00000000faa80000,0x00000000fcb00000,0x00000000fcb00000)
  from space 1024K, 57% used [0x00000000fcb80000,0x00000000fcc14010,0x00000000fcc80000)
  to   space 22528K, 0% used [0x00000000fe100000,0x00000000fe100000,0x00000000ff700000)
 ParOldGen       total 83968K, used 52577K [0x00000000f0000000, 0x00000000f5200000, 0x00000000faa80000)
  object space 83968K, 62% used [0x00000000f0000000,0x00000000f3358598,0x00000000f5200000)
 PSPermGen       total 35328K, used 34889K [0x00000000eae00000, 0x00000000ed080000, 0x00000000f0000000)
  object space 35328K, 98% used [0x00000000eae00000,0x00000000ed012588,0x00000000ed080000)
Event: 1851.144 GC heap after
Heap after GC invocations=16 (full 0):
 PSYoungGen      total 52736K, used 512K [0x00000000faa80000, 0x00000000ff480000, 0x0000000100000000)
  eden space 32768K, 0% used [0x00000000faa80000,0x00000000faa80000,0x00000000fca80000)
  from space 19968K, 2% used [0x00000000fe100000,0x00000000fe180020,0x00000000ff480000)
  to   space 21504K, 0% used [0x00000000fca80000,0x00000000fca80000,0x00000000fdf80000)
 ParOldGen       total 83968K, used 52681K [0x00000000f0000000, 0x00000000f5200000, 0x00000000faa80000)
  object space 83968K, 62% used [0x00000000f0000000,0x00000000f33725c8,0x00000000f5200000)
 PSPermGen       total 35328K, used 34889K [0x00000000eae00000, 0x00000000ed080000, 0x00000000f0000000)
  object space 35328K, 98% used [0x00000000eae00000,0x00000000ed012588,0x00000000ed080000)
}
Event: 2212.673 GC heap before
{Heap before GC invocations=17 (full 0):
 PSYoungGen      total 52736K, used 33280K [0x00000000faa80000, 0x00000000ff480000, 0x0000000100000000)
  eden space 32768K, 100% used [0x00000000faa80000,0x00000000fca80000,0x00000000fca80000)
  from space 19968K, 2% used [0x00000000fe100000,0x00000000fe180020,0x00000000ff480000)
  to   space 21504K, 0% used [0x00000000fca80000,0x00000000fca80000,0x00000000fdf80000)
 ParOldGen       total 83968K, used 52681K [0x00000000f0000000, 0x00000000f5200000, 0x00000000faa80000)
  object space 83968K, 62% used [0x00000000f0000000,0x00000000f33725c8,0x00000000f5200000)
 PSPermGen       total 35328K, used 34894K [0x00000000eae00000, 0x00000000ed080000, 0x00000000f0000000)
  object space 35328K, 98% used [0x00000000eae00000,0x00000000ed013be0,0x00000000ed080000)
Event: 2212.676 GC heap after
Heap after GC invocations=17 (full 0):
 PSYoungGen      total 33280K, used 720K [0x00000000faa80000, 0x00000000ff300000, 0x0000000100000000)
  eden space 32256K, 0% used [0x00000000faa80000,0x00000000faa80000,0x00000000fca00000)
  from space 1024K, 70% used [0x00000000fca80000,0x00000000fcb34030,0x00000000fcb80000)
  to   space 20992K, 0% used [0x00000000fde80000,0x00000000fde80000,0x00000000ff300000)
 ParOldGen       total 83968K, used 52769K [0x00000000f0000000, 0x00000000f5200000, 0x00000000faa80000)
  object space 83968K, 62% used [0x00000000f0000000,0x00000000f3388608,0x00000000f5200000)
 PSPermGen       total 35328K, used 34894K [0x00000000eae00000, 0x00000000ed080000, 0x00000000f0000000)
  object space 35328K, 98% used [0x00000000eae00000,0x00000000ed013be0,0x00000000ed080000)
}
Event: 4150.189 GC heap before
{Heap before GC invocations=18 (full 0):
 PSYoungGen      total 33280K, used 32976K [0x00000000faa80000, 0x00000000ff300000, 0x0000000100000000)
  eden space 32256K, 100% used [0x00000000faa80000,0x00000000fca00000,0x00000000fca00000)
  from space 1024K, 70% used [0x00000000fca80000,0x00000000fcb34030,0x00000000fcb80000)
  to   space 20992K, 0% used [0x00000000fde80000,0x00000000fde80000,0x00000000ff300000)
 ParOldGen       total 83968K, used 52769K [0x00000000f0000000, 0x00000000f5200000, 0x00000000faa80000)
  object space 83968K, 62% used [0x00000000f0000000,0x00000000f3388608,0x00000000f5200000)
 PSPermGen       total 35328K, used 35046K [0x00000000eae00000, 0x00000000ed080000, 0x00000000f0000000)
  object space 35328K, 99% used [0x00000000eae00000,0x00000000ed039ac8,0x00000000ed080000)
Event: 4150.191 GC heap after
Heap after GC invocations=18 (full 0):
 PSYoungGen      total 50176K, used 685K [0x00000000faa80000, 0x00000000ff080000, 0x0000000100000000)
  eden space 31744K, 0% used [0x00000000faa80000,0x00000000faa80000,0x00000000fc980000)
  from space 18432K, 3% used [0x00000000fde80000,0x00000000fdf2b798,0x00000000ff080000)
  to   space 19968K, 0% used [0x00000000fc980000,0x00000000fc980000,0x00000000fdd00000)
 ParOldGen       total 83968K, used 52891K [0x00000000f0000000, 0x00000000f5200000, 0x00000000faa80000)
  object space 83968K, 62% used [0x00000000f0000000,0x00000000f33a6cd8,0x00000000f5200000)
 PSPermGen       total 35328K, used 35046K [0x00000000eae00000, 0x00000000ed080000, 0x00000000f0000000)
  object space 35328K, 99% used [0x00000000eae00000,0x00000000ed039ac8,0x00000000ed080000)
}

Deoptimization events (10 events):
Event: 3637.224 Thread 0x00007f77e400f000 Uncommon trap: reason=array_check action=maybe_recompile pc=0x00007f78393308fc method=java.util.Arrays.fill([Ljava/lang/Object;Ljava/lang/Object;)V @ 13
Event: 3637.224 Thread 0x00007f77bc266800 Uncommon trap: reason=array_check action=maybe_recompile pc=0x00007f78393308fc method=java.util.Arrays.fill([Ljava/lang/Object;Ljava/lang/Object;)V @ 13
Event: 4204.358 Thread 0x00007f77bc266800 Uncommon trap: reason=class_check action=maybe_recompile pc=0x00007f78392579c0 method=java.lang.reflect.Method.getAnnotation(Ljava/lang/Class;)Ljava/lang/annotation/Annotation; @ 17
Event: 4204.358 Thread 0x00007f77bc266800 Uncommon trap: reason=class_check action=maybe_recompile pc=0x00007f78392579c0 method=java.lang.reflect.Method.getAnnotation(Ljava/lang/Class;)Ljava/lang/annotation/Annotation; @ 17
Event: 4204.358 Thread 0x00007f77bc266800 Uncommon trap: reason=class_check action=maybe_recompile pc=0x00007f78392579c0 method=java.lang.reflect.Method.getAnnotation(Ljava/lang/Class;)Ljava/lang/annotation/Annotation; @ 17
Event: 4204.358 Thread 0x00007f77bc266800 Uncommon trap: reason=class_check action=maybe_recompile pc=0x00007f78392579c0 method=java.lang.reflect.Method.getAnnotation(Ljava/lang/Class;)Ljava/lang/annotation/Annotation; @ 17
Event: 4204.414 Thread 0x00007f77bc266800 Uncommon trap: reason=bimorphic action=maybe_recompile pc=0x00007f7839293878 method=java.lang.StringCoding$StringDecoder.decode([BII)[C @ 48
Event: 4204.414 Thread 0x00007f77bc266800 Uncommon trap: reason=bimorphic action=maybe_recompile pc=0x00007f7839293878 method=java.lang.StringCoding$StringDecoder.decode([BII)[C @ 48
Event: 4204.414 Thread 0x00007f77bc266800 Uncommon trap: reason=bimorphic action=maybe_recompile pc=0x00007f7839293878 method=java.lang.StringCoding$StringDecoder.decode([BII)[C @ 48
Event: 4204.414 Thread 0x00007f77bc266800 Uncommon trap: reason=bimorphic action=maybe_recompile pc=0x00007f7839293878 method=java.lang.StringCoding$StringDecoder.decode([BII)[C @ 48

Internal exceptions (10 events):
Event: 4204.398 Thread 0x00007f77bc266800 Threw 0x00000000fc071450 at /HUDSON/workspace/7u-2-build-linux-amd64/jdk7u79/2331/hotspot/src/share/vm/prims/jvm.cpp:1304
Event: 4204.399 Thread 0x00007f77bc266800 Threw 0x00000000fc077ab0 at /HUDSON/workspace/7u-2-build-linux-amd64/jdk7u79/2331/hotspot/src/share/vm/prims/jvm.cpp:1304
Event: 4204.400 Thread 0x00007f77bc266800 Threw 0x00000000fc07c7e0 at /HUDSON/workspace/7u-2-build-linux-amd64/jdk7u79/2331/hotspot/src/share/vm/prims/jvm.cpp:1304
Event: 4204.400 Thread 0x00007f77bc266800 Threw 0x00000000fc083290 at /HUDSON/workspace/7u-2-build-linux-amd64/jdk7u79/2331/hotspot/src/share/vm/prims/jvm.cpp:1304
Event: 4204.400 Thread 0x00007f77bc266800 Threw 0x00000000fc0872e0 at /HUDSON/workspace/7u-2-build-linux-amd64/jdk7u79/2331/hotspot/src/share/vm/prims/jvm.cpp:1304
Event: 4204.401 Thread 0x00007f77bc266800 Threw 0x00000000fc08c2f0 at /HUDSON/workspace/7u-2-build-linux-amd64/jdk7u79/2331/hotspot/src/share/vm/prims/jvm.cpp:1304
Event: 4204.408 Thread 0x00007f77bc266800 Threw 0x00000000fc095cb0 at /HUDSON/workspace/7u-2-build-linux-amd64/jdk7u79/2331/hotspot/src/share/vm/prims/jvm.cpp:1304
Event: 4204.409 Thread 0x00007f77bc266800 Threw 0x00000000fc09afa0 at /HUDSON/workspace/7u-2-build-linux-amd64/jdk7u79/2331/hotspot/src/share/vm/prims/jvm.cpp:1304
Event: 4204.410 Thread 0x00007f77bc266800 Threw 0x00000000fc0a0298 at /HUDSON/workspace/7u-2-build-linux-amd64/jdk7u79/2331/hotspot/src/share/vm/prims/jvm.cpp:1304
Event: 4204.414 Thread 0x00007f77bc266800 Threw 0x00000000fc0df448 at /HUDSON/workspace/7u-2-build-linux-amd64/jdk7u79/2331/hotspot/src/share/vm/prims/jvm.cpp:1304

Events (10 events):
Event: 4204.414 Thread 0x00007f77bc266800 DEOPT PACKING pc=0x00007f7839293878 sp=0x00007f7830ef3b00
Event: 4204.414 Thread 0x00007f77bc266800 DEOPT UNPACKING pc=0x00007f7839039445 sp=0x00007f7830ef3a90 mode 2
Event: 4204.414 Thread 0x00007f77bc266800 Uncommon trap: trap_request=0xffffffc6 fr.pc=0x00007f7839293878
Event: 4204.414 Thread 0x00007f77bc266800 DEOPT PACKING pc=0x00007f7839293878 sp=0x00007f7830ef3b00
Event: 4204.414 Thread 0x00007f77bc266800 DEOPT UNPACKING pc=0x00007f7839039445 sp=0x00007f7830ef3a90 mode 2
Event: 4204.414 Thread 0x00007f77bc266800 Uncommon trap: trap_request=0xffffffc6 fr.pc=0x00007f7839293878
Event: 4204.414 Thread 0x00007f77bc266800 DEOPT PACKING pc=0x00007f7839293878 sp=0x00007f7830ef3b00
Event: 4204.414 Thread 0x00007f77bc266800 DEOPT UNPACKING pc=0x00007f7839039445 sp=0x00007f7830ef3a90 mode 2
Event: 4204.414 loading class 0x00007f77ec171480
Event: 4204.414 loading class 0x00007f77ec171480 done


Dynamic libraries:
00400000-00401000 r-xp 00000000 fd:01 262270                             /opt/jdk1.7.0_79/bin/java
00600000-00601000 rw-p 00000000 fd:01 262270                             /opt/jdk1.7.0_79/bin/java
016a5000-0170c000 rw-p 00000000 00:00 0                                  [heap]
eae00000-ed080000 rw-p 00000000 00:00 0 
ed080000-f0000000 rw-p 00000000 00:00 0 
f0000000-f5200000 rw-p 00000000 00:00 0 
f5200000-faa80000 rw-p 00000000 00:00 0 
faa80000-ff080000 rw-p 00000000 00:00 0 
ff080000-100000000 ---p 00000000 00:00 0 
7f77b0000000-7f77b005f000 rw-p 00000000 00:00 0 
7f77b005f000-7f77b4000000 ---p 00000000 00:00 0 
7f77b8000000-7f77b8036000 rw-p 00000000 00:00 0 
7f77b8036000-7f77bc000000 ---p 00000000 00:00 0 
7f77bc000000-7f77bc2f9000 rw-p 00000000 00:00 0 
7f77bc2f9000-7f77c0000000 ---p 00000000 00:00 0 
7f77c0000000-7f77c00bc000 rw-p 00000000 00:00 0 
7f77c00bc000-7f77c4000000 ---p 00000000 00:00 0 
7f77c4000000-7f77c409f000 rw-p 00000000 00:00 0 
7f77c409f000-7f77c8000000 ---p 00000000 00:00 0 
7f77c8000000-7f77c8021000 rw-p 00000000 00:00 0 
7f77c8021000-7f77cc000000 ---p 00000000 00:00 0 
7f77cc000000-7f77cc340000 rw-p 00000000 00:00 0 
7f77cc340000-7f77d0000000 ---p 00000000 00:00 0 
7f77d0000000-7f77d0068000 rw-p 00000000 00:00 0 
7f77d0068000-7f77d4000000 ---p 00000000 00:00 0 
7f77d4000000-7f77d4083000 rw-p 00000000 00:00 0 
7f77d4083000-7f77d8000000 ---p 00000000 00:00 0 
7f77d8000000-7f77d8021000 rw-p 00000000 00:00 0 
7f77d8021000-7f77dc000000 ---p 00000000 00:00 0 
7f77dc000000-7f77dc021000 rw-p 00000000 00:00 0 
7f77dc021000-7f77e0000000 ---p 00000000 00:00 0 
7f77e0000000-7f77e0021000 rw-p 00000000 00:00 0 
7f77e0021000-7f77e4000000 ---p 00000000 00:00 0 
7f77e4000000-7f77e4021000 rw-p 00000000 00:00 0 
7f77e4021000-7f77e8000000 ---p 00000000 00:00 0 
7f77e8000000-7f77e8021000 rw-p 00000000 00:00 0 
7f77e8021000-7f77ec000000 ---p 00000000 00:00 0 
7f77ec000000-7f77ec222000 rw-p 00000000 00:00 0 
7f77ec222000-7f77f0000000 ---p 00000000 00:00 0 
7f77f0000000-7f77f0021000 rw-p 00000000 00:00 0 
7f77f0021000-7f77f4000000 ---p 00000000 00:00 0 
7f77f4000000-7f77f4022000 rw-p 00000000 00:00 0 
7f77f4022000-7f77f8000000 ---p 00000000 00:00 0 
7f77f8000000-7f77f8021000 rw-p 00000000 00:00 0 
7f77f8021000-7f77fc000000 ---p 00000000 00:00 0 
7f77fc000000-7f77fc021000 rw-p 00000000 00:00 0 
7f77fc021000-7f7800000000 ---p 00000000 00:00 0 
7f7800000000-7f7800f10000 rw-p 00000000 00:00 0 
7f7800f10000-7f7804000000 ---p 00000000 00:00 0 
7f7804000000-7f7804021000 rw-p 00000000 00:00 0 
7f7804021000-7f7808000000 ---p 00000000 00:00 0 
7f7808000000-7f78091d3000 rw-p 00000000 00:00 0 
7f78091d3000-7f780c000000 ---p 00000000 00:00 0 
7f780d000000-7f780d032000 r-xp 00000000 fd:01 2037                       /opt/jdk1.7.0_79/jre/lib/amd64/libsunec.so
7f780d032000-7f780d231000 ---p 00032000 fd:01 2037                       /opt/jdk1.7.0_79/jre/lib/amd64/libsunec.so
7f780d231000-7f780d237000 rw-p 00031000 fd:01 2037                       /opt/jdk1.7.0_79/jre/lib/amd64/libsunec.so
7f780d237000-7f780d247000 rw-p 00000000 00:00 0 
7f780d247000-7f780d2b0000 r-xp 00000000 fd:01 2038                       /opt/jdk1.7.0_79/jre/lib/amd64/libt2k.so
7f780d2b0000-7f780d4af000 ---p 00069000 fd:01 2038                       /opt/jdk1.7.0_79/jre/lib/amd64/libt2k.so
7f780d4af000-7f780d4b6000 rw-p 00068000 fd:01 2038                       /opt/jdk1.7.0_79/jre/lib/amd64/libt2k.so
7f780d4b6000-7f780d4c6000 rw-p 00000000 00:00 0 
7f780d50a000-7f780d50b000 rw-p 00000000 00:00 0 
7f780d50b000-7f780d50f000 r--s 0002d000 fd:01 262167                     /opt/jdk1.7.0_79/jre/lib/ext/sunjce_provider.jar
7f780d50f000-7f780d510000 r--s 00003000 fd:01 262170                     /opt/jdk1.7.0_79/jre/lib/ext/sunec.jar
7f780d510000-7f780d523000 r--s 00000000 fd:01 1721247                    /usr/share/X11/fonts/Type1/UTI_____.pfa
7f780d523000-7f780d52c000 r--s 00000000 fd:01 1721259                    /usr/share/X11/fonts/Type1/c0632bt_.pfb
7f780d52c000-7f780d536000 r--s 00000000 fd:01 1721257                    /usr/share/X11/fonts/Type1/c0611bt_.pfb
7f780d536000-7f780d53f000 r--s 00000000 fd:01 1721261                    /usr/share/X11/fonts/Type1/c0633bt_.pfb
7f780d53f000-7f780d551000 r--s 00000000 fd:01 1721245                    /usr/share/X11/fonts/Type1/UTB_____.pfa
7f780d551000-7f780d55f000 r--s 00000000 fd:01 1721266                    /usr/share/X11/fonts/Type1/cursor.pfa
7f780d55f000-7f780d571000 r--s 00000000 fd:01 1721249                    /usr/share/X11/fonts/Type1/UTRG____.pfa
7f780d571000-7f780d57b000 r--s 00000000 fd:01 1721251                    /usr/share/X11/fonts/Type1/c0419bt_.pfb
7f780d57b000-7f780d58e000 r--s 00000000 fd:01 1721243                    /usr/share/X11/fonts/Type1/UTBI____.pfa
7f780d58e000-7f780d597000 r--s 00000000 fd:01 1721263                    /usr/share/X11/fonts/Type1/c0648bt_.pfb
7f780d597000-7f780d5a0000 r--s 00000000 fd:01 1721265                    /usr/share/X11/fonts/Type1/c0649bt_.pfb
7f780d5a0000-7f780d5aa000 r--s 00000000 fd:01 1721253                    /usr/share/X11/fonts/Type1/c0582bt_.pfb
7f780d5aa000-7f780d5b4000 r--s 00000000 fd:01 1721255                    /usr/share/X11/fonts/Type1/c0583bt_.pfb
7f780d5b4000-7f780d5c6000 r--s 00000000 fd:01 2097513                    /usr/share/fonts/default/Type1/b018035l.pfb
7f780d5c6000-7f780d5d9000 r--s 00000000 fd:01 2097509                    /usr/share/fonts/default/Type1/b018015l.pfb
7f780d5d9000-7f780d5e9000 r--s 00000000 fd:01 2097499                    /usr/share/fonts/default/Type1/a010013l.pfb
7f780d5e9000-7f780d605000 r--s 00000000 fd:01 2097565                    /usr/share/fonts/default/Type1/p052024l.pfb
7f780d605000-7f780d61d000 r--s 00000000 fd:01 2097521                    /usr/share/fonts/default/Type1/c059036l.pfb
7f780d61d000-7f780d638000 r--s 00000000 fd:01 2097561                    /usr/share/fonts/default/Type1/p052004l.pfb
7f780d638000-7f780d64d000 r--s 00000000 fd:01 2097511                    /usr/share/fonts/default/Type1/b018032l.pfb
7f780d64d000-7f780d65e000 r--s 00000000 fd:01 2097539                    /usr/share/fonts/default/Type1/n019063l.pfb
7f780d65e000-7f780d678000 r--s 00000000 fd:01 2097515                    /usr/share/fonts/default/Type1/c059013l.pfb
7f780d678000-7f780d688000 r--s 00000000 fd:01 2097503                    /usr/share/fonts/default/Type1/a010033l.pfb
7f780d688000-7f780d6a3000 r--s 00000000 fd:01 2097517                    /usr/share/fonts/default/Type1/c059016l.pfb
7f780d6a3000-7f780d6be000 r--s 00000000 fd:01 2097563                    /usr/share/fonts/default/Type1/p052023l.pfb
7f780d6be000-7f780d6d9000 r--s 00000000 fd:01 2097559                    /usr/share/fonts/default/Type1/p052003l.pfb
7f780d6d9000-7f780d6f2000 r--s 00000000 fd:01 2097507                    /usr/share/fonts/default/Type1/b018012l.pfb
7f780d6f2000-7f780d704000 r--s 00000000 fd:01 2097537                    /usr/share/fonts/default/Type1/n019044l.pfb
7f780d704000-7f780d71b000 r--s 00000000 fd:01 2097569                    /usr/share/fonts/default/Type1/z003034l.pfb
7f780d71b000-7f780d72e000 r--s 00000000 fd:01 2097541                    /usr/share/fonts/default/Type1/n019064l.pfb
7f780d72e000-7f780d73a000 r--s 00000000 fd:01 2097523                    /usr/share/fonts/default/Type1/d050000l.pfb
7f780d73a000-7f780d743000 r--s 00000000 fd:01 2097567                    /usr/share/fonts/default/Type1/s050000l.pfb
7f780d743000-7f780d754000 r--s 00000000 fd:01 2097505                    /usr/share/fonts/default/Type1/a010035l.pfb
7f780d754000-7f780d766000 r--s 00000000 fd:01 2097535                    /usr/share/fonts/default/Type1/n019043l.pfb
7f780d766000-7f780d77e000 r--s 00000000 fd:01 2097519                    /usr/share/fonts/default/Type1/c059033l.pfb
7f780d77e000-7f780d78e000 r--s 00000000 fd:01 2097501                    /usr/share/fonts/default/Type1/a010015l.pfb
7f780d78e000-7f780d7a7000 r--s 00000000 fd:01 2097543                    /usr/share/fonts/default/Type1/n021003l.pfb
7f780d7a7000-7f780d7bd000 r--s 00000000 fd:01 2097557                    /usr/share/fonts/default/Type1/n022024l.pfb
7f780d7bd000-7f780d7d4000 r--s 00000000 fd:01 2097547                    /usr/share/fonts/default/Type1/n021023l.pfb
7f780d7d4000-7f7814000000 r--p 00000000 fd:01 1192281                    /usr/lib/locale/locale-archive
7f7814000000-7f7814021000 rw-p 00000000 00:00 0 
7f7814021000-7f7818000000 ---p 00000000 00:00 0 
7f7818000000-7f7818021000 rw-p 00000000 00:00 0 
7f7818021000-7f781c000000 ---p 00000000 00:00 0 
7f781c000000-7f781c041000 rw-p 00000000 00:00 0 
7f781c041000-7f7820000000 ---p 00000000 00:00 0 
7f7820000000-7f7820021000 rw-p 00000000 00:00 0 
7f7820021000-7f7824000000 ---p 00000000 00:00 0 
7f7824000000-7f7824021000 rw-p 00000000 00:00 0 
7f7824021000-7f7828000000 ---p 00000000 00:00 0 
7f7828000000-7f7828021000 rw-p 00000000 00:00 0 
7f7828021000-7f782c000000 ---p 00000000 00:00 0 
7f782c000000-7f782c021000 rw-p 00000000 00:00 0 
7f782c021000-7f7830000000 ---p 00000000 00:00 0 
7f7830000000-7f7830004000 r--s 00037000 fd:01 262166                     /opt/jdk1.7.0_79/jre/lib/ext/sunpkcs11.jar
7f7830004000-7f7830016000 r--s 00000000 fd:01 2097529                    /usr/share/fonts/default/Type1/n019004l.pfb
7f7830016000-7f783002e000 r--s 00000000 fd:01 2097551                    /usr/share/fonts/default/Type1/n022003l.pfb
7f783002e000-7f7830047000 r--s 00000000 fd:01 2097545                    /usr/share/fonts/default/Type1/n021004l.pfb
7f7830047000-7f783005d000 r--s 00000000 fd:01 2097555                    /usr/share/fonts/default/Type1/n022023l.pfb
7f783005d000-7f7830071000 r--s 00000000 fd:01 2097527                    /usr/share/fonts/default/Type1/n019003l.pfb
7f7830071000-7f7830087000 r--s 00000000 fd:01 2097549                    /usr/share/fonts/default/Type1/n021024l.pfb
7f7830087000-7f78300a0000 r--s 00000000 fd:01 2097553                    /usr/share/fonts/default/Type1/n022004l.pfb
7f78300a0000-7f78300b1000 r--s 00000000 fd:01 2097531                    /usr/share/fonts/default/Type1/n019023l.pfb
7f78300b1000-7f78300c2000 r--s 00000000 fd:01 2097533                    /usr/share/fonts/default/Type1/n019024l.pfb
7f78300c2000-7f78300c4000 r--s 00000000 fd:01 2643296                    /var/cache/fontconfig/87f5e051180a7a75f16eb6fe7dbd3749-le64.cache-7
7f78300c4000-7f78300cf000 r--s 00000000 fd:01 2635124                    /var/cache/fontconfig/b79f3aaa7d385a141ab53ec885cc22a8-le64.cache-7
7f78300cf000-7f78300d9000 r--s 00000000 fd:01 2643330                    /var/cache/fontconfig/b249521c4e5422ed9b50cd8e856d652c-le64.cache-7
7f78300d9000-7f78300fd000 r--s 00000000 fd:01 2643329                    /var/cache/fontconfig/0c8c704313a61b8a850327d2059470f7-le64.cache-7
7f78300fd000-7f78300ff000 r--s 00000000 fd:01 2643328                    /var/cache/fontconfig/2e1514a9fdd499050989183bb65136db-le64.cache-7
7f78300ff000-7f7830101000 r--s 00000000 fd:01 2643327                    /var/cache/fontconfig/3f821257dd33660ba7bbb45c32deb84c-le64.cache-7
7f7830101000-7f7830102000 r--s 00000000 fd:01 2643326                    /var/cache/fontconfig/4e602040080c966cb821813a3e584564-le64.cache-7
7f7830102000-7f7830105000 r--s 00000000 fd:01 2643325                    /var/cache/fontconfig/830f035fa84a65ce80e050178dbb630d-le64.cache-7
7f7830105000-7f7830106000 r--s 00000000 fd:01 2643324                    /var/cache/fontconfig/81a173283b451552b599cfaafd6236bd-le64.cache-7
7f7830106000-7f7830107000 r--s 00000000 fd:01 2643323                    /var/cache/fontconfig/ac68f755438cc3dc5a526084839fc7ca-le64.cache-7
7f7830107000-7f7830108000 r--s 00000000 fd:01 2643322                    /var/cache/fontconfig/f951a6bc01c50d58ac4af16a0108457e-le64.cache-7
7f7830108000-7f7830109000 r--s 00000000 fd:01 2643321                    /var/cache/fontconfig/8cab66d8f642305e525ba3e322d0979c-le64.cache-7
7f7830109000-7f783010a000 r--s 00000000 fd:01 2643320                    /var/cache/fontconfig/12513961c6e7090f8648812f9eaf65d6-le64.cache-7
7f783010a000-7f783010d000 r--s 00000000 fd:01 2643319                    /var/cache/fontconfig/e26bf336397aae6fcef4d3803472adec-le64.cache-7
7f783010d000-7f783010e000 r--s 00000000 fd:01 2643318                    /var/cache/fontconfig/f132fa2327207a6ac3298c0518879731-le64.cache-7
7f783010e000-7f783010f000 r--s 00000000 fd:01 2643542                    /var/cache/fontconfig/6fcb01a03a016cc71057b587cdea6709-le64.cache-7
7f783010f000-7f7830113000 r--s 00000000 fd:01 2643316                    /var/cache/fontconfig/8aa05f52519ebacbdf5713e01a6153b0-le64.cache-7
7f7830113000-7f7830114000 r--s 00000000 fd:01 2643315                    /var/cache/fontconfig/b887eea8f1b96e1d899b44ed6681fc27-le64.cache-7
7f7830114000-7f7830115000 r--s 00000000 fd:01 2643314                    /var/cache/fontconfig/860639f272b8b4b3094f9e399e41bccd-le64.cache-7
7f7830115000-7f7830116000 r--s 00000000 fd:01 2643313                    /var/cache/fontconfig/5d33f04e74a97395cf88bbd83847f1f1-le64.cache-7
7f7830116000-7f7830117000 r--s 00000000 fd:01 2643312                    /var/cache/fontconfig/df893b4576ad6107f9397134092c4059-le64.cache-7
7f7830117000-7f7830118000 r--s 00000000 fd:01 2643311                    /var/cache/fontconfig/1e1e03b57ed9f0c723c5aeafda46c3fb-le64.cache-7
7f7830118000-7f7830119000 r--s 00000000 fd:01 2643310                    /var/cache/fontconfig/900402270e15d763a6e008bb2d4c7686-le64.cache-7
7f7830119000-7f783011a000 r--s 00000000 fd:01 2643309                    /var/cache/fontconfig/47f48679023f44a4d1e44699a69464f6-le64.cache-7
7f783011a000-7f783011b000 r--s 00000000 fd:01 2643308                    /var/cache/fontconfig/2881ed3fd21ca306ddad6f9b0dd3189f-le64.cache-7
7f783011b000-7f783011c000 r--s 00000000 fd:01 2643307                    /var/cache/fontconfig/3c3fb04d32a5211b073874b125d29701-le64.cache-7
7f783011c000-7f783011d000 r--s 00000000 fd:01 2643306                    /var/cache/fontconfig/e61abf8156cc476151baa07d67337cae-le64.cache-7
7f783011d000-7f7830122000 r--s 00000000 fd:01 2643305                    /var/cache/fontconfig/b67b32625a2bb51b023d3814a918f351-le64.cache-7
7f7830122000-7f7830124000 r--s 00000000 fd:01 2643304                    /var/cache/fontconfig/d3379abda271c4acd2ad0c01f565d0b0-le64.cache-7
7f7830124000-7f7830126000 r--s 00000000 fd:01 2643302                    /var/cache/fontconfig/7ee6df7a8311986241317a58487e0145-le64.cache-7
7f7830126000-7f7830128000 r--s 00000000 fd:01 2643301                    /var/cache/fontconfig/99a1ce9f8b6a0434aadb01d3779b0780-le64.cache-7
7f7830128000-7f783013b000 r--s 00000000 fd:01 2643298                    /var/cache/fontconfig/614d1caaa4d7914789410f6367de37ca-le64.cache-7
7f783013b000-7f7830151000 r-xp 00000000 fd:01 1192264                    /usr/lib64/libgcc_s-5.3.1-20160406.so.1
7f7830151000-7f7830350000 ---p 00016000 fd:01 1192264                    /usr/lib64/libgcc_s-5.3.1-20160406.so.1
7f7830350000-7f7830351000 r--p 00015000 fd:01 1192264                    /usr/lib64/libgcc_s-5.3.1-20160406.so.1
7f7830351000-7f7830352000 rw-p 00016000 fd:01 1192264                    /usr/lib64/libgcc_s-5.3.1-20160406.so.1
7f7830352000-7f7830353000 r--s 00000000 fd:01 2643303                    /var/cache/fontconfig/b4d0b56f766d89640448751fcd18ec1e-le64.cache-7
7f7830353000-7f7830355000 r--s 00000000 fd:01 2643300                    /var/cache/fontconfig/f9d379b867d7c69c85310a4f24e5228f-le64.cache-7
7f7830355000-7f7830356000 r--s 00000000 fd:01 2643299                    /var/cache/fontconfig/a0c19c2c21e758d73376b5942921cc72-le64.cache-7
7f7830356000-7f7830361000 r--s 00000000 fd:01 2643297                    /var/cache/fontconfig/12b26b760a24f8b4feb03ad48a333a72-le64.cache-7
7f7830361000-7f7830368000 r--s 00000000 fd:01 2643294                    /var/cache/fontconfig/a4412f743c4d1c8e7d1a441b64ec7319-le64.cache-7
7f7830368000-7f783036d000 r--s 00000000 fd:01 2643293                    /var/cache/fontconfig/a289f7e03715303a9a1b010d74c00c6a-le64.cache-7
7f783036d000-7f783036e000 r--s 00000000 fd:01 2643292                    /var/cache/fontconfig/3640555adad8a8f6978400293cfce7ab-le64.cache-7
7f783036e000-7f7830370000 r--s 00000000 fd:01 2641995                    /var/cache/fontconfig/b3043b29744cf0a429678d296f5e4026-le64.cache-7
7f7830370000-7f7830374000 r--s 00000000 fd:01 2643331                    /var/cache/fontconfig/beeeeb3dfe132a8a0633a017c99ce0c0-le64.cache-7
7f7830374000-7f78303d9000 r-xp 00000000 fd:01 2042                       /opt/jdk1.7.0_79/jre/lib/amd64/libfontmanager.so
7f78303d9000-7f78305d8000 ---p 00065000 fd:01 2042                       /opt/jdk1.7.0_79/jre/lib/amd64/libfontmanager.so
7f78305d8000-7f78305dd000 rw-p 00064000 fd:01 2042                       /opt/jdk1.7.0_79/jre/lib/amd64/libfontmanager.so
7f78305dd000-7f78305ed000 rw-p 00000000 00:00 0 
7f78305ed000-7f78305f0000 ---p 00000000 00:00 0 
7f78305f0000-7f78306ee000 rw-p 00000000 00:00 0                          [stack:15203]
7f78306ee000-7f78306f1000 ---p 00000000 00:00 0 
7f78306f1000-7f78307ef000 rw-p 00000000 00:00 0                          [stack:14449]
7f78307ef000-7f78307f2000 ---p 00000000 00:00 0 
7f78307f2000-7f78308f0000 rw-p 00000000 00:00 0                          [stack:15204]
7f78308f0000-7f78308f3000 ---p 00000000 00:00 0 
7f78308f3000-7f78309f1000 rw-p 00000000 00:00 0                          [stack:15207]
7f78309f1000-7f78309f4000 ---p 00000000 00:00 0 
7f78309f4000-7f7830af2000 rw-p 00000000 00:00 0                          [stack:14520]
7f7830af2000-7f7830af5000 ---p 00000000 00:00 0 
7f7830af5000-7f7830bf3000 rw-p 00000000 00:00 0                          [stack:15092]
7f7830bf3000-7f7830bf6000 ---p 00000000 00:00 0 
7f7830bf6000-7f7830cf4000 rw-p 00000000 00:00 0 
7f7830cf4000-7f7830cf7000 ---p 00000000 00:00 0 
7f7830cf7000-7f7830df5000 rw-p 00000000 00:00 0                          [stack:14451]
7f7830df5000-7f7830df8000 ---p 00000000 00:00 0 
7f7830df8000-7f7830ef6000 rw-p 00000000 00:00 0                          [stack:14321]
7f7830ef6000-7f7830ef9000 ---p 00000000 00:00 0 
7f7830ef9000-7f7830ff7000 rw-p 00000000 00:00 0                          [stack:13681]
7f7830ff7000-7f7830ffa000 ---p 00000000 00:00 0 
7f7830ffa000-7f78310f8000 rw-p 00000000 00:00 0 
7f78310f8000-7f78310fb000 ---p 00000000 00:00 0 
7f78310fb000-7f78311f9000 rw-p 00000000 00:00 0                          [stack:13679]
7f78311f9000-7f78311fc000 ---p 00000000 00:00 0 
7f78311fc000-7f78312fa000 rw-p 00000000 00:00 0                          [stack:15041]
7f78312fa000-7f78312fc000 r--s 00003000 fd:01 525170                     /opt/baraza/build/webapps/baraza/WEB-INF/lib/jstl.jar
7f78312fc000-7f7831304000 r--s 00040000 fd:01 525171                     /opt/baraza/build/webapps/baraza/WEB-INF/lib/standard.jar
7f7831304000-7f7831307000 ---p 00000000 00:00 0 
7f7831307000-7f7831405000 rw-p 00000000 00:00 0                          [stack:14319]
7f7831405000-7f7831410000 r--s 0037c000 fd:01 12131                      /opt/jdk1.7.0_79/jre/lib/charsets.jar
7f7831410000-7f7831413000 ---p 00000000 00:00 0 
7f7831413000-7f7831511000 rw-p 00000000 00:00 0                          [stack:13676]
7f7831511000-7f7831514000 ---p 00000000 00:00 0 
7f7831514000-7f7831612000 rw-p 00000000 00:00 0                          [stack:13675]
7f7831612000-7f7831615000 ---p 00000000 00:00 0 
7f7831615000-7f7831713000 rw-p 00000000 00:00 0                          [stack:13674]
7f7831713000-7f7831716000 ---p 00000000 00:00 0 
7f7831716000-7f7831814000 rw-p 00000000 00:00 0                          [stack:13673]
7f7831814000-7f7831817000 ---p 00000000 00:00 0 
7f7831817000-7f7831915000 rw-p 00000000 00:00 0                          [stack:13672]
7f7831915000-7f7831918000 ---p 00000000 00:00 0 
7f7831918000-7f7831a16000 rw-p 00000000 00:00 0 
7f7831a16000-7f7831a19000 ---p 00000000 00:00 0 
7f7831a19000-7f7831b17000 rw-p 00000000 00:00 0 
7f7831b17000-7f7831b1f000 r-xp 00000000 fd:01 2046                       /opt/jdk1.7.0_79/jre/lib/amd64/libmanagement.so
7f7831b1f000-7f7831d1e000 ---p 00008000 fd:01 2046                       /opt/jdk1.7.0_79/jre/lib/amd64/libmanagement.so
7f7831d1e000-7f7831d1f000 rw-p 00007000 fd:01 2046                       /opt/jdk1.7.0_79/jre/lib/amd64/libmanagement.so
7f7831d1f000-7f7831d35000 r-xp 00000000 fd:01 12124                      /opt/jdk1.7.0_79/jre/lib/amd64/libnet.so
7f7831d35000-7f7831f35000 ---p 00016000 fd:01 12124                      /opt/jdk1.7.0_79/jre/lib/amd64/libnet.so
7f7831f35000-7f7831f36000 rw-p 00016000 fd:01 12124                      /opt/jdk1.7.0_79/jre/lib/amd64/libnet.so
7f7831f36000-7f7831f46000 r-xp 00000000 fd:01 2064                       /opt/jdk1.7.0_79/jre/lib/amd64/libnio.so
7f7831f46000-7f7832146000 ---p 00010000 fd:01 2064                       /opt/jdk1.7.0_79/jre/lib/amd64/libnio.so
7f7832146000-7f7832147000 rw-p 00010000 fd:01 2064                       /opt/jdk1.7.0_79/jre/lib/amd64/libnio.so
7f7832147000-7f7832151000 r--s 00253000 fd:01 2074                       /opt/jdk1.7.0_79/jre/lib/resources.jar
7f7832151000-7f7832152000 r--s 00002000 fd:01 2124087                    /opt/baraza/build/lib/server/metropol.jar
7f7832152000-7f7832155000 r--s 00028000 fd:01 2124763                    /opt/baraza/build/lib/server/tomcat-embed-el.jar
7f7832155000-7f7832166000 r--s 0021a000 fd:01 2124757                    /opt/baraza/build/lib/server/ecj-P20140317-1600.jar
7f7832166000-7f783216a000 r--s 00036000 fd:01 2124088                    /opt/baraza/build/lib/server/tomcat-dbcp.jar
7f783216a000-7f7832173000 r--s 0009f000 fd:01 2124090                    /opt/baraza/build/lib/server/tomcat-embed-jasper.jar
7f7832173000-7f7832175000 r--s 00013000 fd:01 2124092                    /opt/baraza/build/lib/server/tomcat-embed-logging-log4j.jar
7f7832175000-7f7832177000 r--s 00008000 fd:01 2124091                    /opt/baraza/build/lib/server/tomcat-embed-logging-juli.jar
7f7832177000-7f7832198000 r--s 00266000 fd:01 2124089                    /opt/baraza/build/lib/server/tomcat-embed-core.jar
7f7832198000-7f783219a000 r--s 0000d000 fd:01 2124759                    /opt/baraza/build/lib/server/rxtxcomm.jar
7f783219a000-7f783219e000 r--s 00033000 fd:01 2124758                    /opt/baraza/build/lib/server/jsch.jar
7f783219e000-7f78321a1000 r--s 00018000 fd:01 2124773                    /opt/baraza/build/lib/webdav/sardine.jar
7f78321a1000-7f78321a7000 r--s 0003f000 fd:01 2124772                    /opt/baraza/build/lib/webdav/httpcore-4.3.2.jar
7f78321a7000-7f78321b3000 r--s 00085000 fd:01 2124771                    /opt/baraza/build/lib/webdav/httpclient-4.3.4.jar
7f78321b3000-7f78321bb000 r--s 00028000 fd:01 2127732                    /opt/baraza/build/lib/xml-apis-xerces-2.9.1.jar
7f78321bb000-7f78321be000 r--s 0002b000 fd:01 2127724                    /opt/baraza/build/lib/jtidy-r938.jar
7f78321be000-7f78321cf000 r--s 000f7000 fd:01 2127711                    /opt/baraza/build/lib/core-renderer.jar
7f78321cf000-7f78321d3000 r--s 0003b000 fd:01 2125124                    /opt/baraza/build/lib/barcode.jar
7f78321d3000-7f78321d7000 r--s 00034000 fd:01 2124740                    /opt/baraza/build/lib/interclient.jar
7f78321d7000-7f78321db000 r--s 00033000 fd:01 2127719                    /opt/baraza/build/lib/jackson-core-2.1.4.jar
7f78321db000-7f78321eb000 r--s 000e2000 fd:01 2127720                    /opt/baraza/build/lib/jackson-databind-2.1.4.jar
7f78321eb000-7f78321ee000 r--s 00012000 fd:01 2124745                    /opt/baraza/build/lib/javax.json-1.0.4.jar
7f78321ee000-7f78321f1000 r--s 00017000 fd:01 2127703                    /opt/baraza/build/lib/barbecue-1.5-beta1.jar
7f78321f1000-7f783222e000 r--s 00284000 fd:01 2127733                    /opt/baraza/build/lib/xmlbeans-2.3.0.jar
7f783222e000-7f7832235000 r--s 0007d000 fd:01 2124769                    /opt/baraza/build/lib/sqljdbc4.jar
7f7832235000-7f783223c000 r--s 0009e000 fd:01 2127731                    /opt/baraza/build/lib/postgresql-9.4.1208.jre7.jar
7f783223c000-7f78322d4000 r--s 004a1000 fd:01 2127730                    /opt/baraza/build/lib/poi-ooxml-schemas-3.10.jar
7f78322d4000-7f78322e1000 r--s 000fd000 fd:01 2127729                    /opt/baraza/build/lib/poi-ooxml-3.10.jar
7f78322e1000-7f7832302000 r--s 001df000 fd:01 2127728                    /opt/baraza/build/lib/poi-3.10.jar
7f7832302000-7f7832314000 r--s 00211000 fd:01 2127727                    /opt/baraza/build/lib/ojdbc6.jar
7f7832314000-7f783231b000 r--s 000bd000 fd:01 2127726                    /opt/baraza/build/lib/mysql-connector-java-5.1.13-bin.jar
7f783231b000-7f783232b000 r--s 00150000 fd:01 2127723                    /opt/baraza/build/lib/jfreechart-1.0.12.jar
7f783232b000-7f783232e000 ---p 00000000 00:00 0 
7f783232e000-7f783242c000 rw-p 00000000 00:00 0                          [stack:13667]
7f783242c000-7f7832431000 r-xp 00000000 fd:01 1187803                    /usr/lib64/libXfixes.so.3.1.0
7f7832431000-7f7832630000 ---p 00005000 fd:01 1187803                    /usr/lib64/libXfixes.so.3.1.0
7f7832630000-7f7832631000 r--p 00004000 fd:01 1187803                    /usr/lib64/libXfixes.so.3.1.0
7f7832631000-7f7832632000 rw-p 00005000 fd:01 1187803                    /usr/lib64/libXfixes.so.3.1.0
7f7832632000-7f783263c000 r-xp 00000000 fd:01 1187798                    /usr/lib64/libXcursor.so.1.0.2
7f783263c000-7f783283b000 ---p 0000a000 fd:01 1187798                    /usr/lib64/libXcursor.so.1.0.2
7f783283b000-7f783283c000 r--p 00009000 fd:01 1187798                    /usr/lib64/libXcursor.so.1.0.2
7f783283c000-7f783283d000 rw-p 0000a000 fd:01 1187798                    /usr/lib64/libXcursor.so.1.0.2
7f783283d000-7f7832840000 ---p 00000000 00:00 0 
7f7832840000-7f783293e000 rw-p 00000000 00:00 0                          [stack:13666]
7f783293e000-7f7832941000 ---p 00000000 00:00 0 
7f7832941000-7f7832a3f000 rw-p 00000000 00:00 0                          [stack:13665]
7f7832a3f000-7f7832a41000 r-xp 00000000 fd:01 1187796                    /usr/lib64/libXau.so.6.0.0
7f7832a41000-7f7832c41000 ---p 00002000 fd:01 1187796                    /usr/lib64/libXau.so.6.0.0
7f7832c41000-7f7832c42000 r--p 00002000 fd:01 1187796                    /usr/lib64/libXau.so.6.0.0
7f7832c42000-7f7832c43000 rw-p 00003000 fd:01 1187796                    /usr/lib64/libXau.so.6.0.0
7f7832c43000-7f7832c64000 r-xp 00000000 fd:01 1187523                    /usr/lib64/libxcb.so.1.1.0
7f7832c64000-7f7832e63000 ---p 00021000 fd:01 1187523                    /usr/lib64/libxcb.so.1.1.0
7f7832e63000-7f7832e64000 r--p 00020000 fd:01 1187523                    /usr/lib64/libxcb.so.1.1.0
7f7832e64000-7f7832e65000 rw-p 00021000 fd:01 1187523                    /usr/lib64/libxcb.so.1.1.0
7f7832e65000-7f7832e74000 r-xp 00000000 fd:01 1187806                    /usr/lib64/libXi.so.6.1.0
7f7832e74000-7f7833073000 ---p 0000f000 fd:01 1187806                    /usr/lib64/libXi.so.6.1.0
7f7833073000-7f7833074000 r--p 0000e000 fd:01 1187806                    /usr/lib64/libXi.so.6.1.0
7f7833074000-7f7833075000 rw-p 0000f000 fd:01 1187806                    /usr/lib64/libXi.so.6.1.0
7f7833075000-7f783307a000 r-xp 00000000 fd:01 1187814                    /usr/lib64/libXtst.so.6.1.0
7f783307a000-7f7833279000 ---p 00005000 fd:01 1187814                    /usr/lib64/libXtst.so.6.1.0
7f7833279000-7f783327a000 r--p 00004000 fd:01 1187814                    /usr/lib64/libXtst.so.6.1.0
7f783327a000-7f783327b000 rw-p 00005000 fd:01 1187814                    /usr/lib64/libXtst.so.6.1.0
7f783327b000-7f7833284000 r-xp 00000000 fd:01 1187812                    /usr/lib64/libXrender.so.1.3.0
7f7833284000-7f7833483000 ---p 00009000 fd:01 1187812                    /usr/lib64/libXrender.so.1.3.0
7f7833483000-7f7833484000 r--p 00008000 fd:01 1187812                    /usr/lib64/libXrender.so.1.3.0
7f7833484000-7f7833485000 rw-p 00009000 fd:01 1187812                    /usr/lib64/libXrender.so.1.3.0
7f7833485000-7f78335c0000 r-xp 00000000 fd:01 1187794                    /usr/lib64/libX11.so.6.3.0
7f78335c0000-7f78337c0000 ---p 0013b000 fd:01 1187794                    /usr/lib64/libX11.so.6.3.0
7f78337c0000-7f78337c1000 r--p 0013b000 fd:01 1187794                    /usr/lib64/libX11.so.6.3.0
7f78337c1000-7f78337c6000 rw-p 0013c000 fd:01 1187794                    /usr/lib64/libX11.so.6.3.0
7f78337c6000-7f78337d7000 r-xp 00000000 fd:01 1187802                    /usr/lib64/libXext.so.6.4.0
7f78337d7000-7f78339d6000 ---p 00011000 fd:01 1187802                    /usr/lib64/libXext.so.6.4.0
7f78339d6000-7f78339d7000 r--p 00010000 fd:01 1187802                    /usr/lib64/libXext.so.6.4.0
7f78339d7000-7f78339d8000 rw-p 00011000 fd:01 1187802                    /usr/lib64/libXext.so.6.4.0
7f78339d8000-7f7833a28000 r-xp 00000000 fd:01 2061                       /opt/jdk1.7.0_79/jre/lib/amd64/xawt/libmawt.so
7f7833a28000-7f7833c28000 ---p 00050000 fd:01 2061                       /opt/jdk1.7.0_79/jre/lib/amd64/xawt/libmawt.so
7f7833c28000-7f7833c2c000 rw-p 00050000 fd:01 2061                       /opt/jdk1.7.0_79/jre/lib/amd64/xawt/libmawt.so
7f7833c2c000-7f7833c2d000 rw-p 00000000 00:00 0 
7f7833c2d000-7f7833ccf000 r-xp 00000000 fd:01 2053                       /opt/jdk1.7.0_79/jre/lib/amd64/libawt.so
7f7833ccf000-7f7833ecf000 ---p 000a2000 fd:01 2053                       /opt/jdk1.7.0_79/jre/lib/amd64/libawt.so
7f7833ecf000-7f7833edb000 rw-p 000a2000 fd:01 2053                       /opt/jdk1.7.0_79/jre/lib/amd64/libawt.so
7f7833edb000-7f7833eff000 rw-p 00000000 00:00 0 
7f7833eff000-7f7833f00000 ---p 00000000 00:00 0 
7f7833f00000-7f7834000000 rw-p 00000000 00:00 0                          [stack:13664]
7f7834000000-7f7834021000 rw-p 00000000 00:00 0 
7f7834021000-7f7838000000 ---p 00000000 00:00 0 
7f7838000000-7f7838006000 r--s 0004d000 fd:01 2127713                    /opt/baraza/build/lib/dom4j-1.6.1.jar
7f7838006000-7f783800d000 r--s 00073000 fd:01 2127725                    /opt/baraza/build/lib/mail.jar
7f783800d000-7f783806c000 r--s 00527000 fd:01 2127721                    /opt/baraza/build/lib/jasperreports-6.3.0.jar
7f783806c000-7f7838081000 r--s 00207000 fd:01 2127718                    /opt/baraza/build/lib/itextpdf-5.5.0.jar
7f7838081000-7f78380f1000 r--s 006b0000 fd:01 2127714                    /opt/baraza/build/lib/groovy-all-2.4.3.jar
7f78380f1000-7f78380f4000 ---p 00000000 00:00 0 
7f78380f4000-7f78381f2000 rw-p 00000000 00:00 0                          [stack:13663]
7f78381f2000-7f78381f5000 ---p 00000000 00:00 0 
7f78381f5000-7f78382f3000 rw-p 00000000 00:00 0                          [stack:13662]
7f78382f3000-7f78382f6000 ---p 00000000 00:00 0 
7f78382f6000-7f78383f4000 rw-p 00000000 00:00 0                          [stack:13661]
7f78383f4000-7f78383f7000 ---p 00000000 00:00 0 
7f78383f7000-7f78384f5000 rw-p 00000000 00:00 0                          [stack:13660]
7f78384f5000-7f78384f8000 ---p 00000000 00:00 0 
7f78384f8000-7f78385f6000 rw-p 00000000 00:00 0                          [stack:13659]
7f78385f6000-7f78385f9000 ---p 00000000 00:00 0 
7f78385f9000-7f78386f7000 rw-p 00000000 00:00 0                          [stack:13658]
7f78386f7000-7f78386f8000 ---p 00000000 00:00 0 
7f78386f8000-7f7839000000 rw-p 00000000 00:00 0                          [stack:13657]
7f7839000000-7f7839360000 rwxp 00000000 00:00 0 
7f7839360000-7f783c66e000 rw-p 00000000 00:00 0 
7f783c66e000-7f7840000000 ---p 00000000 00:00 0 
7f7840000000-7f7840002000 r--s 00006000 fd:01 2124774                    /opt/baraza/build/lib/webdav/slf4j-api-1.7.7.jar
7f7840002000-7f7840008000 r--s 0004d000 fd:01 2127722                    /opt/baraza/build/lib/jcommon-1.0.15.jar
7f7840008000-7f7840015000 r--s 00116000 fd:01 2127717                    /opt/baraza/build/lib/itext-2.1.7.js5.jar
7f7840015000-7f784003c000 r--s 00284000 fd:01 2127712                    /opt/baraza/build/lib/derby.jar
7f784003c000-7f7840040000 r--s 0002a000 fd:01 2124734                    /opt/baraza/build/lib/commons-io-2.4.jar
7f7840040000-7f7840042000 r--s 0000f000 fd:01 2124733                    /opt/baraza/build/lib/commons-fileupload-1.3.1.jar
7f7840042000-7f784004f000 r--s 0008e000 fd:01 2127707                    /opt/baraza/build/lib/commons-collections-3.2.2.jar
7f784004f000-7f7840077000 r--s 001c3000 fd:01 2127704                    /opt/baraza/build/lib/bcprov-jdk16-1.46.jar
7f7840077000-7f78407c9000 rw-p 00000000 00:00 0 
7f78407c9000-7f7840989000 r--s 039f7000 fd:01 2079                       /opt/jdk1.7.0_79/jre/lib/rt.jar
7f7840989000-7f7841593000 rw-p 00000000 00:00 0 
7f7841593000-7f7841594000 ---p 00000000 00:00 0 
7f7841594000-7f7841694000 rw-p 00000000 00:00 0                          [stack:13656]
7f7841694000-7f7841695000 ---p 00000000 00:00 0 
7f7841695000-7f7841795000 rw-p 00000000 00:00 0                          [stack:13655]
7f7841795000-7f7841796000 ---p 00000000 00:00 0 
7f7841796000-7f7841896000 rw-p 00000000 00:00 0                          [stack:13654]
7f7841896000-7f7841897000 ---p 00000000 00:00 0 
7f7841897000-7f78419a9000 rw-p 00000000 00:00 0                          [stack:13653]
7f78419a9000-7f78419c0000 rw-p 00000000 00:00 0 
7f78419c0000-7f78419e9000 rw-p 00000000 00:00 0 
7f78419e9000-7f7841a16000 rw-p 00000000 00:00 0 
7f7841a16000-7f7841a28000 rw-p 00000000 00:00 0 
7f7841a28000-7f7841a3f000 rw-p 00000000 00:00 0 
7f7841a3f000-7f7841a68000 rw-p 00000000 00:00 0 
7f7841a68000-7f7841a94000 rw-p 00000000 00:00 0 
7f7841a94000-7f7841ab8000 rw-p 00000000 00:00 0 
7f7841ab8000-7f7841abf000 ---p 00000000 00:00 0 
7f7841abf000-7f7841ac0000 rw-p 00000000 00:00 0 
7f7841ac0000-7f7841ada000 r-xp 00000000 fd:01 2057                       /opt/jdk1.7.0_79/jre/lib/amd64/libzip.so
7f7841ada000-7f7841cda000 ---p 0001a000 fd:01 2057                       /opt/jdk1.7.0_79/jre/lib/amd64/libzip.so
7f7841cda000-7f7841cdb000 rw-p 0001a000 fd:01 2057                       /opt/jdk1.7.0_79/jre/lib/amd64/libzip.so
7f7841cdb000-7f7841ce7000 r-xp 00000000 fd:01 1191858                    /usr/lib64/libnss_files-2.21.so
7f7841ce7000-7f7841ee6000 ---p 0000c000 fd:01 1191858                    /usr/lib64/libnss_files-2.21.so
7f7841ee6000-7f7841ee7000 r--p 0000b000 fd:01 1191858                    /usr/lib64/libnss_files-2.21.so
7f7841ee7000-7f7841ee8000 rw-p 0000c000 fd:01 1191858                    /usr/lib64/libnss_files-2.21.so
7f7841ee8000-7f7841f11000 r-xp 00000000 fd:01 2035                       /opt/jdk1.7.0_79/jre/lib/amd64/libjava.so
7f7841f11000-7f7842111000 ---p 00029000 fd:01 2035                       /opt/jdk1.7.0_79/jre/lib/amd64/libjava.so
7f7842111000-7f7842113000 rw-p 00029000 fd:01 2035                       /opt/jdk1.7.0_79/jre/lib/amd64/libjava.so
7f7842113000-7f7842120000 r-xp 00000000 fd:01 2032                       /opt/jdk1.7.0_79/jre/lib/amd64/libverify.so
7f7842120000-7f784231f000 ---p 0000d000 fd:01 2032                       /opt/jdk1.7.0_79/jre/lib/amd64/libverify.so
7f784231f000-7f7842321000 rw-p 0000c000 fd:01 2032                       /opt/jdk1.7.0_79/jre/lib/amd64/libverify.so
7f7842321000-7f7842328000 r-xp 00000000 fd:01 1191861                    /usr/lib64/librt-2.21.so
7f7842328000-7f7842527000 ---p 00007000 fd:01 1191861                    /usr/lib64/librt-2.21.so
7f7842527000-7f7842528000 r--p 00006000 fd:01 1191861                    /usr/lib64/librt-2.21.so
7f7842528000-7f7842529000 rw-p 00007000 fd:01 1191861                    /usr/lib64/librt-2.21.so
7f7842529000-7f7842630000 r-xp 00000000 fd:01 1191855                    /usr/lib64/libm-2.21.so
7f7842630000-7f784282f000 ---p 00107000 fd:01 1191855                    /usr/lib64/libm-2.21.so
7f784282f000-7f7842830000 r--p 00106000 fd:01 1191855                    /usr/lib64/libm-2.21.so
7f7842830000-7f7842831000 rw-p 00107000 fd:01 1191855                    /usr/lib64/libm-2.21.so
7f7842831000-7f78433a6000 r-xp 00000000 fd:01 2044                       /opt/jdk1.7.0_79/jre/lib/amd64/server/libjvm.so
7f78433a6000-7f78435a6000 ---p 00b75000 fd:01 2044                       /opt/jdk1.7.0_79/jre/lib/amd64/server/libjvm.so
7f78435a6000-7f784366a000 rw-p 00b75000 fd:01 2044                       /opt/jdk1.7.0_79/jre/lib/amd64/server/libjvm.so
7f784366a000-7f78436ab000 rw-p 00000000 00:00 0 
7f78436ab000-7f7843862000 r-xp 00000000 fd:01 1187790                    /usr/lib64/libc-2.21.so
7f7843862000-7f7843a62000 ---p 001b7000 fd:01 1187790                    /usr/lib64/libc-2.21.so
7f7843a62000-7f7843a66000 r--p 001b7000 fd:01 1187790                    /usr/lib64/libc-2.21.so
7f7843a66000-7f7843a68000 rw-p 001bb000 fd:01 1187790                    /usr/lib64/libc-2.21.so
7f7843a68000-7f7843a6c000 rw-p 00000000 00:00 0 
7f7843a6c000-7f7843a6f000 r-xp 00000000 fd:01 1191854                    /usr/lib64/libdl-2.21.so
7f7843a6f000-7f7843c6e000 ---p 00003000 fd:01 1191854                    /usr/lib64/libdl-2.21.so
7f7843c6e000-7f7843c6f000 r--p 00002000 fd:01 1191854                    /usr/lib64/libdl-2.21.so
7f7843c6f000-7f7843c70000 rw-p 00003000 fd:01 1191854                    /usr/lib64/libdl-2.21.so
7f7843c70000-7f7843c86000 r-xp 00000000 fd:01 2113                       /opt/jdk1.7.0_79/lib/amd64/jli/libjli.so
7f7843c86000-7f7843e86000 ---p 00016000 fd:01 2113                       /opt/jdk1.7.0_79/lib/amd64/jli/libjli.so
7f7843e86000-7f7843e87000 rw-p 00016000 fd:01 2113                       /opt/jdk1.7.0_79/lib/amd64/jli/libjli.so
7f7843e87000-7f7843e9e000 r-xp 00000000 fd:01 1187206                    /usr/lib64/libpthread-2.21.so
7f7843e9e000-7f784409d000 ---p 00017000 fd:01 1187206                    /usr/lib64/libpthread-2.21.so
7f784409d000-7f784409f000 r--p 00016000 fd:01 1187206                    /usr/lib64/libpthread-2.21.so
7f784409f000-7f78440a0000 rw-p 00018000 fd:01 1187206                    /usr/lib64/libpthread-2.21.so
7f78440a0000-7f78440a4000 rw-p 00000000 00:00 0 
7f78440a4000-7f78440c5000 r-xp 00000000 fd:01 1189123                    /usr/lib64/ld-2.21.so
7f78440c5000-7f78440c6000 r--s 00002000 fd:01 2124775                    /opt/baraza/build/lib/webdav/slf4j-simple-1.7.7.jar
7f78440c6000-7f78440c9000 r--s 00011000 fd:01 2124732                    /opt/baraza/build/lib/commons-discovery-0.5.jar
7f78440c9000-7f78440cf000 r--s 00030000 fd:01 2127708                    /opt/baraza/build/lib/commons-digester-2.1.jar
7f78440cf000-7f78440d5000 r--s 00041000 fd:01 2127706                    /opt/baraza/build/lib/commons-codec-1.9.jar
7f78440d5000-7f78440da000 r--s 00039000 fd:01 2127705                    /opt/baraza/build/lib/commons-beanutils-1.9.0.jar
7f78440da000-7f78440dc000 r--s 00012000 fd:01 2127702                    /opt/baraza/build/lib/activation-1.1.1.jar
7f78440dc000-7f78440ea000 rw-p 00000000 00:00 0 
7f78440ea000-7f784419c000 rw-p 00000000 00:00 0 
7f784419c000-7f784419f000 ---p 00000000 00:00 0 
7f784419f000-7f78442a1000 rw-p 00000000 00:00 0                          [stack:13652]
7f78442a1000-7f78442a2000 r--s 00010000 fd:01 2127710                    /opt/baraza/build/lib/commons-logging-1.1.1.jar
7f78442a2000-7f78442a6000 r--s 000f7000 fd:01 262164                     /opt/jdk1.7.0_79/jre/lib/ext/localedata.jar
7f78442a6000-7f78442a9000 r--s 00019000 fd:01 2095                       /opt/jdk1.7.0_79/jre/lib/jce.jar
7f78442a9000-7f78442ad000 r--s 0008b000 fd:01 2089                       /opt/jdk1.7.0_79/jre/lib/jsse.jar
7f78442ad000-7f78442b2000 r--s 00094000 fd:01 2124068                    /opt/baraza/build/baraza.jar (deleted)
7f78442b2000-7f78442b9000 rw-p 00000000 00:00 0 
7f78442b9000-7f78442c1000 rw-s 00000000 00:27 104742                     /tmp/hsperfdata_root/13651
7f78442c1000-7f78442c2000 rw-p 00000000 00:00 0 
7f78442c2000-7f78442c3000 r--p 00000000 00:00 0 
7f78442c3000-7f78442c4000 rw-p 00000000 00:00 0 
7f78442c4000-7f78442c5000 r--p 00020000 fd:01 1189123                    /usr/lib64/ld-2.21.so
7f78442c5000-7f78442c6000 rw-p 00021000 fd:01 1189123                    /usr/lib64/ld-2.21.so
7f78442c6000-7f78442c7000 rw-p 00000000 00:00 0 
7ffcdec6f000-7ffcdec90000 rw-p 00000000 00:00 0                          [stack]
7ffcded47000-7ffcded49000 r--p 00000000 00:00 0                          [vvar]
7ffcded49000-7ffcded4b000 r-xp 00000000 00:00 0                          [vdso]
ffffffffff600000-ffffffffff601000 r-xp 00000000 00:00 0                  [vsyscall]

VM Arguments:
jvm_args: -Xmx256m 
java_command: build/baraza.jar tomcat ./projects/ gtat
Launcher Type: SUN_STANDARD

Environment Variables:
PATH=/usr/lib64/qt-3.3/bin:/usr/local/bin:/usr/local/sbin:/usr/bin:/usr/sbin:/bin:/sbin:/root/bin
USERNAME=root
SHELL=/bin/bash
DISPLAY=:0

Signal Handlers:
SIGSEGV: [libjvm.so+0x9a3bf0], sa_mask[0]=0x7ffbfeff, sa_flags=0x10000004
SIGBUS: [libjvm.so+0x9a3bf0], sa_mask[0]=0x7ffbfeff, sa_flags=0x10000004
SIGFPE: [libjvm.so+0x81cb60], sa_mask[0]=0x7ffbfeff, sa_flags=0x10000004
SIGPIPE: [libjvm.so+0x81cb60], sa_mask[0]=0x7ffbfeff, sa_flags=0x10000004
SIGXFSZ: [libjvm.so+0x81cb60], sa_mask[0]=0x7ffbfeff, sa_flags=0x10000004
SIGILL: [libjvm.so+0x81cb60], sa_mask[0]=0x7ffbfeff, sa_flags=0x10000004
SIGUSR1: SIG_DFL, sa_mask[0]=0x00000000, sa_flags=0x00000000
SIGUSR2: [libjvm.so+0x81e360], sa_mask[0]=0x00000000, sa_flags=0x10000004
SIGHUP: [libjvm.so+0x81f480], sa_mask[0]=0x7ffbfeff, sa_flags=0x10000004
SIGINT: [libjvm.so+0x81f480], sa_mask[0]=0x7ffbfeff, sa_flags=0x10000004
SIGTERM: [libjvm.so+0x81f480], sa_mask[0]=0x7ffbfeff, sa_flags=0x10000004
SIGQUIT: [libjvm.so+0x81f480], sa_mask[0]=0x7ffbfeff, sa_flags=0x10000004


---------------  S Y S T E M  ---------------

OS:Fedora release 22 (Twenty Two)

uname:Linux 4.4.13-200.fc22.x86_64 #1 SMP Wed Jun 8 15:59:40 UTC 2016 x86_64
libc:glibc 2.21 NPTL 2.21 
rlimit: STACK 8192k, CORE 0k, NPROC 31263, NOFILE 4096, AS infinity
load average:1.49 1.25 1.22

/proc/meminfo:
MemTotal:        8088044 kB
MemFree:          327548 kB
MemAvailable:    2635472 kB
Buffers:          255872 kB
Cached:          2536788 kB
SwapCached:           16 kB
Active:          5266548 kB
Inactive:        1917236 kB
Active(anon):    4131908 kB
Inactive(anon):   794164 kB
Active(file):    1134640 kB
Inactive(file):  1123072 kB
Unevictable:          16 kB
Mlocked:              16 kB
SwapTotal:       8126460 kB
SwapFree:        8125812 kB
Dirty:              2136 kB
Writeback:             0 kB
AnonPages:       4391356 kB
Mapped:           746020 kB
Shmem:            534956 kB
Slab:             382952 kB
SReclaimable:     303616 kB
SUnreclaim:        79336 kB
KernelStack:       11984 kB
PageTables:        68200 kB
NFS_Unstable:          0 kB
Bounce:                0 kB
WritebackTmp:          0 kB
CommitLimit:    12170480 kB
Committed_AS:   10461668 kB
VmallocTotal:   34359738367 kB
VmallocUsed:           0 kB
VmallocChunk:          0 kB
HardwareCorrupted:     0 kB
AnonHugePages:         0 kB
CmaTotal:              0 kB
CmaFree:               0 kB
HugePages_Total:       0
HugePages_Free:        0
HugePages_Rsvd:        0
HugePages_Surp:        0
Hugepagesize:       2048 kB
DirectMap4k:      179136 kB
DirectMap2M:     6025216 kB
DirectMap1G:     3145728 kB


CPU:total 4 (2 cores per cpu, 2 threads per core) family 6 model 61 stepping 4, cmov, cx8, fxsr, mmx, sse, sse2, sse3, ssse3, sse4.1, sse4.2, popcnt, avx, avx2, aes, erms, ht, tsc, tscinvbit

/proc/cpuinfo:
processor	: 0
vendor_id	: GenuineIntel
cpu family	: 6
model		: 61
model name	: Intel(R) Core(TM) i7-5500U CPU @ 2.40GHz
stepping	: 4
microcode	: 0x22
cpu MHz		: 2889.562
cache size	: 4096 KB
physical id	: 0
siblings	: 4
core id		: 0
cpu cores	: 2
apicid		: 0
initial apicid	: 0
fpu		: yes
fpu_exception	: yes
cpuid level	: 20
wp		: yes
flags		: fpu vme de pse tsc msr pae mce cx8 apic sep mtrr pge mca cmov pat pse36 clflush dts acpi mmx fxsr sse sse2 ss ht tm pbe syscall nx pdpe1gb rdtscp lm constant_tsc arch_perfmon pebs bts rep_good nopl xtopology nonstop_tsc aperfmperf eagerfpu pni pclmulqdq dtes64 monitor ds_cpl vmx est tm2 ssse3 sdbg fma cx16 xtpr pdcm pcid sse4_1 sse4_2 x2apic movbe popcnt tsc_deadline_timer aes xsave avx f16c rdrand lahf_lm abm 3dnowprefetch ida arat epb pln pts dtherm intel_pt tpr_shadow vnmi flexpriority ept vpid fsgsbase tsc_adjust bmi1 avx2 smep bmi2 erms invpcid rdseed adx smap xsaveopt
bugs		:
bogomips	: 4788.76
clflush size	: 64
cache_alignment	: 64
address sizes	: 39 bits physical, 48 bits virtual
power management:

processor	: 1
vendor_id	: GenuineIntel
cpu family	: 6
model		: 61
model name	: Intel(R) Core(TM) i7-5500U CPU @ 2.40GHz
stepping	: 4
microcode	: 0x22
cpu MHz		: 2805.937
cache size	: 4096 KB
physical id	: 0
siblings	: 4
core id		: 1
cpu cores	: 2
apicid		: 2
initial apicid	: 2
fpu		: yes
fpu_exception	: yes
cpuid level	: 20
wp		: yes
flags		: fpu vme de pse tsc msr pae mce cx8 apic sep mtrr pge mca cmov pat pse36 clflush dts acpi mmx fxsr sse sse2 ss ht tm pbe syscall nx pdpe1gb rdtscp lm constant_tsc arch_perfmon pebs bts rep_good nopl xtopology nonstop_tsc aperfmperf eagerfpu pni pclmulqdq dtes64 monitor ds_cpl vmx est tm2 ssse3 sdbg fma cx16 xtpr pdcm pcid sse4_1 sse4_2 x2apic movbe popcnt tsc_deadline_timer aes xsave avx f16c rdrand lahf_lm abm 3dnowprefetch ida arat epb pln pts dtherm intel_pt tpr_shadow vnmi flexpriority ept vpid fsgsbase tsc_adjust bmi1 avx2 smep bmi2 erms invpcid rdseed adx smap xsaveopt
bugs		:
bogomips	: 4788.76
clflush size	: 64
cache_alignment	: 64
address sizes	: 39 bits physical, 48 bits virtual
power management:

processor	: 2
vendor_id	: GenuineIntel
cpu family	: 6
model		: 61
model name	: Intel(R) Core(TM) i7-5500U CPU @ 2.40GHz
stepping	: 4
microcode	: 0x22
cpu MHz		: 2980.500
cache size	: 4096 KB
physical id	: 0
siblings	: 4
core id		: 0
cpu cores	: 2
apicid		: 1
initial apicid	: 1
fpu		: yes
fpu_exception	: yes
cpuid level	: 20
wp		: yes
flags		: fpu vme de pse tsc msr pae mce cx8 apic sep mtrr pge mca cmov pat pse36 clflush dts acpi mmx fxsr sse sse2 ss ht tm pbe syscall nx pdpe1gb rdtscp lm constant_tsc arch_perfmon pebs bts rep_good nopl xtopology nonstop_tsc aperfmperf eagerfpu pni pclmulqdq dtes64 monitor ds_cpl vmx est tm2 ssse3 sdbg fma cx16 xtpr pdcm pcid sse4_1 sse4_2 x2apic movbe popcnt tsc_deadline_timer aes xsave avx f16c rdrand lahf_lm abm 3dnowprefetch ida arat epb pln pts dtherm intel_pt tpr_shadow vnmi flexpriority ept vpid fsgsbase tsc_adjust bmi1 avx2 smep bmi2 erms invpcid rdseed adx smap xsaveopt
bugs		:
bogomips	: 4788.76
clflush size	: 64
cache_alignment	: 64
address sizes	: 39 bits physical, 48 bits virtual
power management:

processor	: 3
vendor_id	: GenuineIntel
cpu family	: 6
model		: 61
model name	: Intel(R) Core(TM) i7-5500U CPU @ 2.40GHz
stepping	: 4
microcode	: 0x22
cpu MHz		: 2914.593
cache size	: 4096 KB
physical id	: 0
siblings	: 4
core id		: 1
cpu cores	: 2
apicid		: 3
initial apicid	: 3
fpu		: yes
fpu_exception	: yes
cpuid level	: 20
wp		: yes
flags		: fpu vme de pse tsc msr pae mce cx8 apic sep mtrr pge mca cmov pat pse36 clflush dts acpi mmx fxsr sse sse2 ss ht tm pbe syscall nx pdpe1gb rdtscp lm constant_tsc arch_perfmon pebs bts rep_good nopl xtopology nonstop_tsc aperfmperf eagerfpu pni pclmulqdq dtes64 monitor ds_cpl vmx est tm2 ssse3 sdbg fma cx16 xtpr pdcm pcid sse4_1 sse4_2 x2apic movbe popcnt tsc_deadline_timer aes xsave avx f16c rdrand lahf_lm abm 3dnowprefetch ida arat epb pln pts dtherm intel_pt tpr_shadow vnmi flexpriority ept vpid fsgsbase tsc_adjust bmi1 avx2 smep bmi2 erms invpcid rdseed adx smap xsaveopt
bugs		:
bogomips	: 4788.76
clflush size	: 64
cache_alignment	: 64
address sizes	: 39 bits physical, 48 bits virtual
power management:



Memory: 4k page, physical 8088044k(327548k free), swap 8126460k(8125812k free)

vm_info: Java HotSpot(TM) 64-Bit Server VM (24.79-b02) for linux-amd64 JRE (1.7.0_79-b15), built on Apr 10 2015 11:34:48 by "java_re" with gcc 4.3.0 20080428 (Red Hat 4.3.0-8)

time: Fri Jul 15 17:18:12 2016
elapsed time: 4204 seconds

