#
# A fatal error has been detected by the Java Runtime Environment:
#
#  SIGBUS (0x7) at pc=0x00007f081c53d982, pid=3966, tid=139672400955136
#
# JRE version: Java(TM) SE Runtime Environment (7.0_79-b15) (build 1.7.0_79-b15)
# Java VM: Java HotSpot(TM) 64-Bit Server VM (24.79-b02 mixed mode linux-amd64 compressed oops)
# Problematic frame:
# C  [libzip.so+0x4982]  newEntry+0x62
#
# Failed to write core dump. Core dumps have been disabled. To enable core dumping, try "ulimit -c unlimited" before starting Java again
#
# If you would like to submit a bug report, please visit:
#   http://bugreport.java.com/bugreport/crash.jsp
# The crash happened outside the Java Virtual Machine in native code.
# See problematic frame for where to report the bug.
#

---------------  T H R E A D  ---------------

Current thread (0x00007f081863f000):  JavaThread "AWT-EventQueue-0" [_thread_in_native, id=3984, stack(0x00007f0803c80000,0x00007f0803d81000)]

siginfo:si_signo=SIGBUS: si_errno=0, si_code=2 (BUS_ADRERR), si_addr=0x00007f081ed31263

Registers:
RAX=0x00007f07b809a610, RBX=0x00007f081816dd50, RCX=0x00007f07b809a610, RDX=0x00007f07b809a610
RSP=0x00007f0803d7aea0, RBP=0x00007f0803d7aef0, RSI=0x0000000000000003, RDI=0x00007f07b8000020
R8 =0x00000000000000a3, R9 =0x000000000000001e, R10=0x00007f0815012d6c, R11=0x00007f081db5fac0
R12=0x00007f081ed31246, R13=0x00007f07b809a610, R14=0x00000000373b5cfc, R15=0x00007f081816d1f0
RIP=0x00007f081c53d982, EFLAGS=0x0000000000010202, CSGSFS=0x0000000000000033, ERR=0x0000000000000004
  TRAPNO=0x000000000000000e

Top of Stack: (sp=0x00007f0803d7aea0)
0x00007f0803d7aea0:   000000077f600c90 00007f0800000000
0x00007f0803d7aeb0:   00007f0803d7af30 00007f081da8c38c
0x00007f0803d7aec0:   00007f07b809a610 00007f081816dd50
0x00007f0803d7aed0:   00007f081816d1f0 00007f07b801b5b0
0x00007f0803d7aee0:   00000000373b5cfc 00007f0803d7af50
0x00007f0803d7aef0:   00007f0803d7af30 00007f081c53e0b0
0x00007f0803d7af00:   0000001e03d7af30 00007f0803d7af50
0x00007f0803d7af10:   000000000000001e 00007f081863f1e8
0x00007f0803d7af20:   00007f0803d7af50 00007f0803d7b428
0x00007f0803d7af30:   00007f0803d7b390 00007f081c53ceed
0x00007f0803d7af40:   01007f081863f000 00007f081816d1f0
0x00007f0803d7af50:   617261622f67726f 422f6c6d782f617a
0x00007f0803d7af60:   656c6261544c4d58 00007373616c632e
0x00007f0803d7af70:   0000000000000007 0000000000000000
0x00007f0803d7af80:   00007f0803d7b5b0 00007f081e2afce0
0x00007f0803d7af90:   00007f0803d7b720 00007f081e1935a0
0x00007f0803d7afa0:   0000000000000000 00007f081e19f6ce
0x00007f0803d7afb0:   00007f0803d7b5b0 00007f0803d7b5a0
0x00007f0803d7afc0:   0000000000000000 00007f081dc98b61
0x00007f0803d7afd0:   00007f0803d7b720 00007f081e170f8b
0x00007f0803d7afe0:   00007f0803d7c0f0 00007f0803d7b568
0x00007f0803d7aff0:   00007f0803d7c0a8 0000000000000000
0x00007f0803d7b000:   00007f0800000000 0000000000000000
0x00007f0803d7b010:   0000000003d7c098 0000000000000000
0x00007f0803d7b020:   00007f0800000000 00007f0800000000
0x00007f0803d7b030:   0000000000000000 0000000000000501
0x00007f0803d7b040:   00007f2003d7b0e8 00007f0800000000
0x00007f0803d7b050:   00007f0800000000 00007f0800000000
0x00007f0803d7b060:   00007f080000000a 0000000000000020
0x00007f0803d7b070:   00007f0803d7b564 0000000000000004
0x00007f0803d7b080:   00007f0800000000 0000000000000064
0x00007f0803d7b090:   0000000000000000 00007f081dc9ed35 

Instructions: (pc=0x00007f081c53d982)
0x00007f081c53d962:   00 48 c7 40 28 00 00 00 00 41 80 7f 30 00 0f 84
0x00007f081c53d972:   8a 02 00 00 4c 8b 63 08 4d 2b 67 28 4d 03 67 18
0x00007f081c53d982:   41 0f b6 5c 24 1d 41 0f b6 44 24 1c c1 e3 08 09
0x00007f081c53d992:   c3 41 0f b6 44 24 1e 88 45 bd 41 0f b6 54 24 20 

Register to memory mapping:

RAX=0x00007f07b809a610 is an unknown value
RBX=0x00007f081816dd50 is an unknown value
RCX=0x00007f07b809a610 is an unknown value
RDX=0x00007f07b809a610 is an unknown value
RSP=0x00007f0803d7aea0 is pointing into the stack for thread: 0x00007f081863f000
RBP=0x00007f0803d7aef0 is pointing into the stack for thread: 0x00007f081863f000
RSI=0x0000000000000003 is an unknown value
RDI=0x00007f07b8000020 is an unknown value
R8 =0x00000000000000a3 is an unknown value
R9 =0x000000000000001e is an unknown value
R10=0x00007f0815012d6c is at code_begin+620 in an Interpreter codelet
method entry point (kind = native)  [0x00007f0815012b00, 0x00007f0815013360]  2144 bytes
R11=0x00007f081db5fac0: <offset 0x8b5ac0> in /opt/jdk1.7.0_79/jre/lib/amd64/server/libjvm.so at 0x00007f081d2aa000
R12=0x00007f081ed31246 is an unknown value
R13=0x00007f07b809a610 is an unknown value
R14=0x00000000373b5cfc is an unknown value
R15=0x00007f081816d1f0 is an unknown value


Stack: [0x00007f0803c80000,0x00007f0803d81000],  sp=0x00007f0803d7aea0,  free space=1003k
Native frames: (J=compiled Java code, j=interpreted, Vv=VM code, C=native code)
C  [libzip.so+0x4982]  newEntry+0x62
C  [libzip.so+0x50b0]  ZIP_GetEntry+0xd0
C  [libzip.so+0x3eed]  Java_java_util_zip_ZipFile_getEntry+0xad
j  java.util.zip.ZipFile.getEntry(J[BZ)J+0
j  java.util.zip.ZipFile.getEntry(Ljava/lang/String;)Ljava/util/zip/ZipEntry;+38
j  java.util.jar.JarFile.getEntry(Ljava/lang/String;)Ljava/util/zip/ZipEntry;+2
j  java.util.jar.JarFile.getJarEntry(Ljava/lang/String;)Ljava/util/jar/JarEntry;+2
j  sun.misc.URLClassPath$JarLoader.getResource(Ljava/lang/String;Z)Lsun/misc/Resource;+48
j  sun.misc.URLClassPath.getResource(Ljava/lang/String;Z)Lsun/misc/Resource;+53
j  java.net.URLClassLoader$1.run()Ljava/lang/Class;+26
j  java.net.URLClassLoader$1.run()Ljava/lang/Object;+1
v  ~StubRoutines::call_stub
V  [libjvm.so+0x600e95]  JavaCalls::call_helper(JavaValue*, methodHandle*, JavaCallArguments*, Thread*)+0x365
V  [libjvm.so+0x5ff8f8]  JavaCalls::call(JavaValue*, methodHandle, JavaCallArguments*, Thread*)+0x28
V  [libjvm.so+0x685f84]  JVM_DoPrivileged+0x2a4
j  java.security.AccessController.doPrivileged(Ljava/security/PrivilegedExceptionAction;Ljava/security/AccessControlContext;)Ljava/lang/Object;+0
j  java.net.URLClassLoader.findClass(Ljava/lang/String;)Ljava/lang/Class;+13
j  java.lang.ClassLoader.loadClass(Ljava/lang/String;Z)Ljava/lang/Class;+70
j  sun.misc.Launcher$AppClassLoader.loadClass(Ljava/lang/String;Z)Ljava/lang/Class;+36
j  java.lang.ClassLoader.loadClass(Ljava/lang/String;)Ljava/lang/Class;+3
v  ~StubRoutines::call_stub
V  [libjvm.so+0x600e95]  JavaCalls::call_helper(JavaValue*, methodHandle*, JavaCallArguments*, Thread*)+0x365
V  [libjvm.so+0x5ff8f8]  JavaCalls::call(JavaValue*, methodHandle, JavaCallArguments*, Thread*)+0x28
V  [libjvm.so+0x5ffbc7]  JavaCalls::call_virtual(JavaValue*, KlassHandle, Symbol*, Symbol*, JavaCallArguments*, Thread*)+0x197
V  [libjvm.so+0x5ffc96]  JavaCalls::call_virtual(JavaValue*, Handle, KlassHandle, Symbol*, Symbol*, Handle, Thread*)+0x56
V  [libjvm.so+0x9255b9]  SystemDictionary::load_instance_class(Symbol*, Handle, Thread*)+0x419
V  [libjvm.so+0x925d61]  SystemDictionary::resolve_instance_class_or_null(Symbol*, Handle, Handle, Thread*)+0x791
V  [libjvm.so+0x9261c4]  SystemDictionary::resolve_or_null(Symbol*, Handle, Handle, Thread*)+0x54
V  [libjvm.so+0x9272a4]  SystemDictionary::resolve_or_fail(Symbol*, Handle, Handle, bool, Thread*)+0x34
V  [libjvm.so+0x491968]  constantPoolOopDesc::klass_at_impl(constantPoolHandle, int, Thread*)+0x278
V  [libjvm.so+0x5f8e24]  InterpreterRuntime::_new(JavaThread*, constantPoolOopDesc*, int)+0x74
j  org.baraza.ide.BxmlViewer.valueChanged(Ljavax/swing/event/TreeSelectionEvent;)V+16
j  javax.swing.JTree.fireValueChanged(Ljavax/swing/event/TreeSelectionEvent;)V+35
j  javax.swing.JTree$TreeSelectionRedirector.valueChanged(Ljavax/swing/event/TreeSelectionEvent;)V+17
j  javax.swing.tree.DefaultTreeSelectionModel.fireValueChanged(Ljavax/swing/event/TreeSelectionEvent;)V+35
j  javax.swing.tree.DefaultTreeSelectionModel.notifyPathChange(Ljava/util/Vector;Ljavax/swing/tree/TreePath;)V+84
j  javax.swing.tree.DefaultTreeSelectionModel.setSelectionPaths([Ljavax/swing/tree/TreePath;)V+387
j  javax.swing.tree.DefaultTreeSelectionModel.setSelectionPath(Ljavax/swing/tree/TreePath;)V+23
j  javax.swing.JTree.setSelectionPath(Ljavax/swing/tree/TreePath;)V+5
j  javax.swing.plaf.basic.BasicTreeUI.selectPathForEvent(Ljavax/swing/tree/TreePath;Ljava/awt/event/MouseEvent;)V+266
j  javax.swing.plaf.basic.BasicTreeUI$Handler.handleSelection(Ljava/awt/event/MouseEvent;)V+136
j  javax.swing.plaf.basic.BasicTreeUI$Handler.mousePressed(Ljava/awt/event/MouseEvent;)V+129
j  java.awt.AWTEventMulticaster.mousePressed(Ljava/awt/event/MouseEvent;)V+8
j  java.awt.Component.processMouseEvent(Ljava/awt/event/MouseEvent;)V+54
j  javax.swing.JComponent.processMouseEvent(Ljava/awt/event/MouseEvent;)V+23
j  java.awt.Component.processEvent(Ljava/awt/AWTEvent;)V+81
j  java.awt.Container.processEvent(Ljava/awt/AWTEvent;)V+18
j  java.awt.Component.dispatchEventImpl(Ljava/awt/AWTEvent;)V+581
j  java.awt.Container.dispatchEventImpl(Ljava/awt/AWTEvent;)V+42
J 425 C2 java.awt.LightweightDispatcher.retargetMouseEvent(Ljava/awt/Component;ILjava/awt/event/MouseEvent;)V (350 bytes) @ 0x00007f081517ea50 [0x00007f081517e4c0+0x590]
j  java.awt.LightweightDispatcher.processMouseEvent(Ljava/awt/event/MouseEvent;)Z+126
j  java.awt.LightweightDispatcher.dispatchEvent(Ljava/awt/AWTEvent;)Z+50
j  java.awt.Container.dispatchEventImpl(Ljava/awt/AWTEvent;)V+12
j  java.awt.Window.dispatchEventImpl(Ljava/awt/AWTEvent;)V+19
j  java.awt.Component.dispatchEvent(Ljava/awt/AWTEvent;)V+2
j  java.awt.EventQueue.dispatchEventImpl(Ljava/awt/AWTEvent;Ljava/lang/Object;)V+41
j  java.awt.EventQueue.access$300(Ljava/awt/EventQueue;Ljava/awt/AWTEvent;Ljava/lang/Object;)V+3
j  java.awt.EventQueue$3.run()Ljava/lang/Void;+12
j  java.awt.EventQueue$3.run()Ljava/lang/Object;+1
v  ~StubRoutines::call_stub
V  [libjvm.so+0x600e95]  JavaCalls::call_helper(JavaValue*, methodHandle*, JavaCallArguments*, Thread*)+0x365
V  [libjvm.so+0x5ff8f8]  JavaCalls::call(JavaValue*, methodHandle, JavaCallArguments*, Thread*)+0x28
V  [libjvm.so+0x685f84]  JVM_DoPrivileged+0x2a4
j  java.security.AccessController.doPrivileged(Ljava/security/PrivilegedAction;Ljava/security/AccessControlContext;)Ljava/lang/Object;+0
j  java.security.ProtectionDomain$1.doIntersectionPrivilege(Ljava/security/PrivilegedAction;Ljava/security/AccessControlContext;Ljava/security/AccessControlContext;)Ljava/lang/Object;+28
j  java.security.ProtectionDomain$1.doIntersectionPrivilege(Ljava/security/PrivilegedAction;Ljava/security/AccessControlContext;)Ljava/lang/Object;+6
j  java.awt.EventQueue$4.run()Ljava/lang/Void;+11
j  java.awt.EventQueue$4.run()Ljava/lang/Object;+1
v  ~StubRoutines::call_stub
V  [libjvm.so+0x600e95]  JavaCalls::call_helper(JavaValue*, methodHandle*, JavaCallArguments*, Thread*)+0x365
V  [libjvm.so+0x5ff8f8]  JavaCalls::call(JavaValue*, methodHandle, JavaCallArguments*, Thread*)+0x28
V  [libjvm.so+0x685f84]  JVM_DoPrivileged+0x2a4
j  java.security.AccessController.doPrivileged(Ljava/security/PrivilegedAction;Ljava/security/AccessControlContext;)Ljava/lang/Object;+0
j  java.security.ProtectionDomain$1.doIntersectionPrivilege(Ljava/security/PrivilegedAction;Ljava/security/AccessControlContext;Ljava/security/AccessControlContext;)Ljava/lang/Object;+28
j  java.awt.EventQueue.dispatchEvent(Ljava/awt/AWTEvent;)V+73
j  java.awt.EventDispatchThread.pumpOneEventForFilters(I)V+245
j  java.awt.EventDispatchThread.pumpEventsForFilter(ILjava/awt/Conditional;Ljava/awt/EventFilter;)V+35
j  java.awt.EventDispatchThread.pumpEventsForHierarchy(ILjava/awt/Conditional;Ljava/awt/Component;)V+11
j  java.awt.EventDispatchThread.pumpEvents(ILjava/awt/Conditional;)V+4
j  java.awt.EventDispatchThread.pumpEvents(Ljava/awt/Conditional;)V+3
j  java.awt.EventDispatchThread.run()V+9
v  ~StubRoutines::call_stub
V  [libjvm.so+0x600e95]  JavaCalls::call_helper(JavaValue*, methodHandle*, JavaCallArguments*, Thread*)+0x365
V  [libjvm.so+0x5ff8f8]  JavaCalls::call(JavaValue*, methodHandle, JavaCallArguments*, Thread*)+0x28
V  [libjvm.so+0x5ffbc7]  JavaCalls::call_virtual(JavaValue*, KlassHandle, Symbol*, Symbol*, JavaCallArguments*, Thread*)+0x197
V  [libjvm.so+0x5ffce7]  JavaCalls::call_virtual(JavaValue*, Handle, KlassHandle, Symbol*, Symbol*, Thread*)+0x47
V  [libjvm.so+0x67e805]  thread_entry(JavaThread*, Thread*)+0xe5
V  [libjvm.so+0x95c11f]  JavaThread::thread_main_inner()+0xdf
V  [libjvm.so+0x95c225]  JavaThread::run()+0xf5
V  [libjvm.so+0x821ca8]  java_start(Thread*)+0x108

Java frames: (J=compiled Java code, j=interpreted, Vv=VM code)
j  java.util.zip.ZipFile.getEntry(J[BZ)J+0
j  java.util.zip.ZipFile.getEntry(Ljava/lang/String;)Ljava/util/zip/ZipEntry;+38
j  java.util.jar.JarFile.getEntry(Ljava/lang/String;)Ljava/util/zip/ZipEntry;+2
j  java.util.jar.JarFile.getJarEntry(Ljava/lang/String;)Ljava/util/jar/JarEntry;+2
j  sun.misc.URLClassPath$JarLoader.getResource(Ljava/lang/String;Z)Lsun/misc/Resource;+48
j  sun.misc.URLClassPath.getResource(Ljava/lang/String;Z)Lsun/misc/Resource;+53
j  java.net.URLClassLoader$1.run()Ljava/lang/Class;+26
j  java.net.URLClassLoader$1.run()Ljava/lang/Object;+1
v  ~StubRoutines::call_stub
j  java.security.AccessController.doPrivileged(Ljava/security/PrivilegedExceptionAction;Ljava/security/AccessControlContext;)Ljava/lang/Object;+0
j  java.net.URLClassLoader.findClass(Ljava/lang/String;)Ljava/lang/Class;+13
j  java.lang.ClassLoader.loadClass(Ljava/lang/String;Z)Ljava/lang/Class;+70
j  sun.misc.Launcher$AppClassLoader.loadClass(Ljava/lang/String;Z)Ljava/lang/Class;+36
j  java.lang.ClassLoader.loadClass(Ljava/lang/String;)Ljava/lang/Class;+3
v  ~StubRoutines::call_stub
j  org.baraza.ide.BxmlViewer.valueChanged(Ljavax/swing/event/TreeSelectionEvent;)V+16
j  javax.swing.JTree.fireValueChanged(Ljavax/swing/event/TreeSelectionEvent;)V+35
j  javax.swing.JTree$TreeSelectionRedirector.valueChanged(Ljavax/swing/event/TreeSelectionEvent;)V+17
j  javax.swing.tree.DefaultTreeSelectionModel.fireValueChanged(Ljavax/swing/event/TreeSelectionEvent;)V+35
j  javax.swing.tree.DefaultTreeSelectionModel.notifyPathChange(Ljava/util/Vector;Ljavax/swing/tree/TreePath;)V+84
j  javax.swing.tree.DefaultTreeSelectionModel.setSelectionPaths([Ljavax/swing/tree/TreePath;)V+387
j  javax.swing.tree.DefaultTreeSelectionModel.setSelectionPath(Ljavax/swing/tree/TreePath;)V+23
j  javax.swing.JTree.setSelectionPath(Ljavax/swing/tree/TreePath;)V+5
j  javax.swing.plaf.basic.BasicTreeUI.selectPathForEvent(Ljavax/swing/tree/TreePath;Ljava/awt/event/MouseEvent;)V+266
j  javax.swing.plaf.basic.BasicTreeUI$Handler.handleSelection(Ljava/awt/event/MouseEvent;)V+136
j  javax.swing.plaf.basic.BasicTreeUI$Handler.mousePressed(Ljava/awt/event/MouseEvent;)V+129
j  java.awt.AWTEventMulticaster.mousePressed(Ljava/awt/event/MouseEvent;)V+8
j  java.awt.Component.processMouseEvent(Ljava/awt/event/MouseEvent;)V+54
j  javax.swing.JComponent.processMouseEvent(Ljava/awt/event/MouseEvent;)V+23
j  java.awt.Component.processEvent(Ljava/awt/AWTEvent;)V+81
j  java.awt.Container.processEvent(Ljava/awt/AWTEvent;)V+18
j  java.awt.Component.dispatchEventImpl(Ljava/awt/AWTEvent;)V+581
j  java.awt.Container.dispatchEventImpl(Ljava/awt/AWTEvent;)V+42
J 425 C2 java.awt.LightweightDispatcher.retargetMouseEvent(Ljava/awt/Component;ILjava/awt/event/MouseEvent;)V (350 bytes) @ 0x00007f081517ea50 [0x00007f081517e4c0+0x590]
j  java.awt.LightweightDispatcher.processMouseEvent(Ljava/awt/event/MouseEvent;)Z+126
j  java.awt.LightweightDispatcher.dispatchEvent(Ljava/awt/AWTEvent;)Z+50
j  java.awt.Container.dispatchEventImpl(Ljava/awt/AWTEvent;)V+12
j  java.awt.Window.dispatchEventImpl(Ljava/awt/AWTEvent;)V+19
j  java.awt.Component.dispatchEvent(Ljava/awt/AWTEvent;)V+2
j  java.awt.EventQueue.dispatchEventImpl(Ljava/awt/AWTEvent;Ljava/lang/Object;)V+41
j  java.awt.EventQueue.access$300(Ljava/awt/EventQueue;Ljava/awt/AWTEvent;Ljava/lang/Object;)V+3
j  java.awt.EventQueue$3.run()Ljava/lang/Void;+12
j  java.awt.EventQueue$3.run()Ljava/lang/Object;+1
v  ~StubRoutines::call_stub
j  java.security.AccessController.doPrivileged(Ljava/security/PrivilegedAction;Ljava/security/AccessControlContext;)Ljava/lang/Object;+0
j  java.security.ProtectionDomain$1.doIntersectionPrivilege(Ljava/security/PrivilegedAction;Ljava/security/AccessControlContext;Ljava/security/AccessControlContext;)Ljava/lang/Object;+28
j  java.security.ProtectionDomain$1.doIntersectionPrivilege(Ljava/security/PrivilegedAction;Ljava/security/AccessControlContext;)Ljava/lang/Object;+6
j  java.awt.EventQueue$4.run()Ljava/lang/Void;+11
j  java.awt.EventQueue$4.run()Ljava/lang/Object;+1
v  ~StubRoutines::call_stub
j  java.security.AccessController.doPrivileged(Ljava/security/PrivilegedAction;Ljava/security/AccessControlContext;)Ljava/lang/Object;+0
j  java.security.ProtectionDomain$1.doIntersectionPrivilege(Ljava/security/PrivilegedAction;Ljava/security/AccessControlContext;Ljava/security/AccessControlContext;)Ljava/lang/Object;+28
j  java.awt.EventQueue.dispatchEvent(Ljava/awt/AWTEvent;)V+73
j  java.awt.EventDispatchThread.pumpOneEventForFilters(I)V+245
j  java.awt.EventDispatchThread.pumpEventsForFilter(ILjava/awt/Conditional;Ljava/awt/EventFilter;)V+35
j  java.awt.EventDispatchThread.pumpEventsForHierarchy(ILjava/awt/Conditional;Ljava/awt/Component;)V+11
j  java.awt.EventDispatchThread.pumpEvents(ILjava/awt/Conditional;)V+4
j  java.awt.EventDispatchThread.pumpEvents(Ljava/awt/Conditional;)V+3
j  java.awt.EventDispatchThread.run()V+9
v  ~StubRoutines::call_stub

---------------  P R O C E S S  ---------------

Java Threads: ( => current thread )
  0x00007f0818008800 JavaThread "DestroyJavaVM" [_thread_blocked, id=3967, stack(0x00007f081ec15000,0x00007f081ed16000)]
=>0x00007f081863f000 JavaThread "AWT-EventQueue-0" [_thread_in_native, id=3984, stack(0x00007f0803c80000,0x00007f0803d81000)]
  0x00007f081863e000 JavaThread "AWT-Shutdown" [_thread_blocked, id=3983, stack(0x00007f080807a000,0x00007f080817b000)]
  0x00007f0818279800 JavaThread "AWT-XAWT" daemon [_thread_in_native, id=3982, stack(0x00007f0809018000,0x00007f0809119000)]
  0x00007f081825b000 JavaThread "Java2D Disposer" daemon [_thread_blocked, id=3981, stack(0x00007f080952a000,0x00007f080962b000)]
  0x00007f081820e800 JavaThread "TimerQueue" daemon [_thread_blocked, id=3980, stack(0x00007f080962b000,0x00007f080972c000)]
  0x00007f081815e800 JavaThread "Service Thread" daemon [_thread_blocked, id=3978, stack(0x00007f080aced000,0x00007f080adee000)]
  0x00007f081815c800 JavaThread "C2 CompilerThread1" daemon [_thread_blocked, id=3977, stack(0x00007f080adee000,0x00007f080aeef000)]
  0x00007f0818159800 JavaThread "C2 CompilerThread0" daemon [_thread_blocked, id=3976, stack(0x00007f080aeef000,0x00007f080aff0000)]
  0x00007f0818157000 JavaThread "Signal Dispatcher" daemon [_thread_blocked, id=3975, stack(0x00007f080aff0000,0x00007f080b0f1000)]
  0x00007f0818136000 JavaThread "Finalizer" daemon [_thread_blocked, id=3974, stack(0x00007f080b0f1000,0x00007f080b1f2000)]
  0x00007f0818134000 JavaThread "Reference Handler" daemon [_thread_blocked, id=3973, stack(0x00007f080b1f2000,0x00007f080b2f3000)]

Other Threads:
  0x00007f081812f800 VMThread [stack: 0x00007f080b2f3000,0x00007f080b3f4000] [id=3972]
  0x00007f0818169800 WatcherThread [stack: 0x00007f080abec000,0x00007f080aced000] [id=3979]

VM state:not at safepoint (normal execution)

VM Mutex/Monitor currently owned by a thread: None

Heap
 PSYoungGen      total 142848K, used 87432K [0x00000007d6d00000, 0x00000007e5200000, 0x0000000800000000)
  eden space 128512K, 67% used [0x00000007d6d00000,0x00000007dc165168,0x00000007dea80000)
  from space 14336K, 7% used [0x00000007dea80000,0x00000007deb7d148,0x00000007df880000)
  to   space 14336K, 0% used [0x00000007e4400000,0x00000007e4400000,0x00000007e5200000)
 ParOldGen       total 83968K, used 21259K [0x0000000784800000, 0x0000000789a00000, 0x00000007d6d00000)
  object space 83968K, 25% used [0x0000000784800000,0x0000000785cc2cb8,0x0000000789a00000)
 PSPermGen       total 22528K, used 22340K [0x000000077f600000, 0x0000000780c00000, 0x0000000784800000)
  object space 22528K, 99% used [0x000000077f600000,0x0000000780bd13d0,0x0000000780c00000)

Card table byte_map: [0x00007f081c133000,0x00007f081c539000] byte_map_base: 0x00007f0818538000

Polling page: 0x00007f081ed3b000

Code Cache  [0x00007f0815000000, 0x00007f0815270000, 0x00007f0818000000)
 total_blobs=1032 nmethods=479 adapters=506 free_code_cache=47458Kb largest_free_block=48534016

Compilation events (10 events):
Event: 7888.462 Thread 0x00007f081815c800 nmethod 500 0x00007f0815195fd0 code [0x00007f0815196120, 0x00007f08151963b8]
Event: 7888.463 Thread 0x00007f0818159800  502             java.lang.Math::floor (5 bytes)
Event: 7888.463 Thread 0x00007f0818159800 nmethod 502 0x00007f0815195d10 code [0x00007f0815195e80, 0x00007f0815195f58]
Event: 7888.483 Thread 0x00007f081815c800  503             javax.swing.JComponent::getX (5 bytes)
Event: 7888.483 Thread 0x00007f0818159800  504             javax.swing.JComponent::getY (5 bytes)
Event: 7888.484 Thread 0x00007f081815c800 nmethod 503 0x00007f08151a5590 code [0x00007f08151a56c0, 0x00007f08151a5718]
Event: 7888.484 Thread 0x00007f0818159800 nmethod 504 0x00007f08151a5390 code [0x00007f08151a54c0, 0x00007f08151a5518]
Event: 7888.502 Thread 0x00007f081815c800  505             java.awt.Component::setBoundsOp (51 bytes)
Event: 7888.502 Thread 0x00007f081815c800 nmethod 505 0x00007f08151a5190 code [0x00007f08151a52c0, 0x00007f08151a5338]
Event: 7889.760 Thread 0x00007f0818159800  506   !         java.awt.Component::getName (58 bytes)

GC Heap History (10 events):
Event: 2710.856 GC heap before
{Heap before GC invocations=5 (full 0):
 PSYoungGen      total 37376K, used 37353K [0x00000007d6d00000, 0x00000007db600000, 0x0000000800000000)
  eden space 32256K, 99% used [0x00000007d6d00000,0x00000007d8c7d258,0x00000007d8c80000)
  from space 5120K, 99% used [0x00000007d9180000,0x00000007d967d590,0x00000007d9680000)
  to   space 5120K, 0% used [0x00000007d8c80000,0x00000007d8c80000,0x00000007d9180000)
 ParOldGen       total 83968K, used 13916K [0x0000000784800000, 0x0000000789a00000, 0x00000007d6d00000)
  object space 83968K, 16% used [0x0000000784800000,0x0000000785597350,0x0000000789a00000)
 PSPermGen       total 22528K, used 22058K [0x000000077f600000, 0x0000000780c00000, 0x0000000784800000)
  object space 22528K, 97% used [0x000000077f600000,0x0000000780b8a900,0x0000000780c00000)
Event: 2710.862 GC heap after
Heap after GC invocations=5 (full 0):
 PSYoungGen      total 37376K, used 5092K [0x00000007d6d00000, 0x00000007dc600000, 0x0000000800000000)
  eden space 32256K, 0% used [0x00000007d6d00000,0x00000007d6d00000,0x00000007d8c80000)
  from space 5120K, 99% used [0x00000007d8c80000,0x00000007d9179340,0x00000007d9180000)
  to   space 13312K, 0% used [0x00000007db900000,0x00000007db900000,0x00000007dc600000)
 ParOldGen       total 83968K, used 14441K [0x0000000784800000, 0x0000000789a00000, 0x00000007d6d00000)
  object space 83968K, 17% used [0x0000000784800000,0x000000078561a780,0x0000000789a00000)
 PSPermGen       total 22528K, used 22058K [0x000000077f600000, 0x0000000780c00000, 0x0000000784800000)
  object space 22528K, 97% used [0x000000077f600000,0x0000000780b8a900,0x0000000780c00000)
}
Event: 2710.867 GC heap before
{Heap before GC invocations=6 (full 0):
 PSYoungGen      total 37376K, used 37331K [0x00000007d6d00000, 0x00000007dc600000, 0x0000000800000000)
  eden space 32256K, 99% used [0x00000007d6d00000,0x00000007d8c7b8f0,0x00000007d8c80000)
  from space 5120K, 99% used [0x00000007d8c80000,0x00000007d9179340,0x00000007d9180000)
  to   space 13312K, 0% used [0x00000007db900000,0x00000007db900000,0x00000007dc600000)
 ParOldGen       total 83968K, used 14441K [0x0000000784800000, 0x0000000789a00000, 0x00000007d6d00000)
  object space 83968K, 17% used [0x0000000784800000,0x000000078561a780,0x0000000789a00000)
 PSPermGen       total 22528K, used 22058K [0x000000077f600000, 0x0000000780c00000, 0x0000000784800000)
  object space 22528K, 97% used [0x000000077f600000,0x0000000780b8a900,0x0000000780c00000)
Event: 2710.873 GC heap after
Heap after GC invocations=6 (full 0):
 PSYoungGen      total 77824K, used 5261K [0x00000007d6d00000, 0x00000007dc600000, 0x0000000800000000)
  eden space 64512K, 0% used [0x00000007d6d00000,0x00000007d6d00000,0x00000007dac00000)
  from space 13312K, 39% used [0x00000007db900000,0x00000007dbe23450,0x00000007dc600000)
  to   space 13312K, 0% used [0x00000007dac00000,0x00000007dac00000,0x00000007db900000)
 ParOldGen       total 83968K, used 14441K [0x0000000784800000, 0x0000000789a00000, 0x00000007d6d00000)
  object space 83968K, 17% used [0x0000000784800000,0x000000078561a780,0x0000000789a00000)
 PSPermGen       total 22528K, used 22058K [0x000000077f600000, 0x0000000780c00000, 0x0000000784800000)
  object space 22528K, 97% used [0x000000077f600000,0x0000000780b8a900,0x0000000780c00000)
}
Event: 2710.886 GC heap before
{Heap before GC invocations=7 (full 0):
 PSYoungGen      total 77824K, used 69724K [0x00000007d6d00000, 0x00000007dc600000, 0x0000000800000000)
  eden space 64512K, 99% used [0x00000007d6d00000,0x00000007dabf3da8,0x00000007dac00000)
  from space 13312K, 39% used [0x00000007db900000,0x00000007dbe23450,0x00000007dc600000)
  to   space 13312K, 0% used [0x00000007dac00000,0x00000007dac00000,0x00000007db900000)
 ParOldGen       total 83968K, used 14441K [0x0000000784800000, 0x0000000789a00000, 0x00000007d6d00000)
  object space 83968K, 17% used [0x0000000784800000,0x000000078561a780,0x0000000789a00000)
 PSPermGen       total 22528K, used 22058K [0x000000077f600000, 0x0000000780c00000, 0x0000000784800000)
  object space 22528K, 97% used [0x000000077f600000,0x0000000780b8a900,0x0000000780c00000)
Event: 2710.895 GC heap after
Heap after GC invocations=7 (full 0):
 PSYoungGen      total 77824K, used 2561K [0x00000007d6d00000, 0x00000007e0600000, 0x0000000800000000)
  eden space 64512K, 0% used [0x00000007d6d00000,0x00000007d6d00000,0x00000007dac00000)
  from space 13312K, 19% used [0x00000007dac00000,0x00000007dae805e0,0x00000007db900000)
  to   space 13824K, 0% used [0x00000007df880000,0x00000007df880000,0x00000007e0600000)
 ParOldGen       total 83968K, used 17304K [0x0000000784800000, 0x0000000789a00000, 0x00000007d6d00000)
  object space 83968K, 20% used [0x0000000784800000,0x00000007858e63f8,0x0000000789a00000)
 PSPermGen       total 22528K, used 22058K [0x000000077f600000, 0x0000000780c00000, 0x0000000784800000)
  object space 22528K, 97% used [0x000000077f600000,0x0000000780b8a900,0x0000000780c00000)
}
Event: 2710.918 GC heap before
{Heap before GC invocations=8 (full 0):
 PSYoungGen      total 77824K, used 67058K [0x00000007d6d00000, 0x00000007e0600000, 0x0000000800000000)
  eden space 64512K, 99% used [0x00000007d6d00000,0x00000007dabfc5b8,0x00000007dac00000)
  from space 13312K, 19% used [0x00000007dac00000,0x00000007dae805e0,0x00000007db900000)
  to   space 13824K, 0% used [0x00000007df880000,0x00000007df880000,0x00000007e0600000)
 ParOldGen       total 83968K, used 17304K [0x0000000784800000, 0x0000000789a00000, 0x00000007d6d00000)
  object space 83968K, 20% used [0x0000000784800000,0x00000007858e63f8,0x0000000789a00000)
 PSPermGen       total 22528K, used 22063K [0x000000077f600000, 0x0000000780c00000, 0x0000000784800000)
  object space 22528K, 97% used [0x000000077f600000,0x0000000780b8bc88,0x0000000780c00000)
Event: 2710.925 GC heap after
Heap after GC invocations=8 (full 0):
 PSYoungGen      total 142336K, used 452K [0x00000007d6d00000, 0x00000007e0700000, 0x0000000800000000)
  eden space 128512K, 0% used [0x00000007d6d00000,0x00000007d6d00000,0x00000007dea80000)
  from space 13824K, 3% used [0x00000007df880000,0x00000007df8f1258,0x00000007e0600000)
  to   space 14336K, 0% used [0x00000007dea80000,0x00000007dea80000,0x00000007df880000)
 ParOldGen       total 83968K, used 21171K [0x0000000784800000, 0x0000000789a00000, 0x00000007d6d00000)
  object space 83968K, 25% used [0x0000000784800000,0x0000000785cacef8,0x0000000789a00000)
 PSPermGen       total 22528K, used 22063K [0x000000077f600000, 0x0000000780c00000, 0x0000000784800000)
  object space 22528K, 97% used [0x000000077f600000,0x0000000780b8bc88,0x0000000780c00000)
}
Event: 2711.035 GC heap before
{Heap before GC invocations=9 (full 0):
 PSYoungGen      total 142336K, used 128911K [0x00000007d6d00000, 0x00000007e0700000, 0x0000000800000000)
  eden space 128512K, 99% used [0x00000007d6d00000,0x00000007dea72cd8,0x00000007dea80000)
  from space 13824K, 3% used [0x00000007df880000,0x00000007df8f1258,0x00000007e0600000)
  to   space 14336K, 0% used [0x00000007dea80000,0x00000007dea80000,0x00000007df880000)
 ParOldGen       total 83968K, used 21171K [0x0000000784800000, 0x0000000789a00000, 0x00000007d6d00000)
  object space 83968K, 25% used [0x0000000784800000,0x0000000785cacef8,0x0000000789a00000)
 PSPermGen       total 22528K, used 22070K [0x000000077f600000, 0x0000000780c00000, 0x0000000784800000)
  object space 22528K, 97% used [0x000000077f600000,0x0000000780b8dbb8,0x0000000780c00000)
Event: 2711.037 GC heap after
Heap after GC invocations=9 (full 0):
 PSYoungGen      total 142848K, used 1012K [0x00000007d6d00000, 0x00000007e5200000, 0x0000000800000000)
  eden space 128512K, 0% used [0x00000007d6d00000,0x00000007d6d00000,0x00000007dea80000)
  from space 14336K, 7% used [0x00000007dea80000,0x00000007deb7d148,0x00000007df880000)
  to   space 14336K, 0% used [0x00000007e4400000,0x00000007e4400000,0x00000007e5200000)
 ParOldGen       total 83968K, used 21259K [0x0000000784800000, 0x0000000789a00000, 0x00000007d6d00000)
  object space 83968K, 25% used [0x0000000784800000,0x0000000785cc2cb8,0x0000000789a00000)
 PSPermGen       total 22528K, used 22070K [0x000000077f600000, 0x0000000780c00000, 0x0000000784800000)
  object space 22528K, 97% used [0x000000077f600000,0x0000000780b8dbb8,0x0000000780c00000)
}

Deoptimization events (10 events):
Event: 2710.577 Thread 0x00007f081863f000 Uncommon trap: reason=class_check action=maybe_recompile pc=0x00007f0815069f64 method=javax.swing.plaf.nimbus.DerivedColor$UIResource.equals(Ljava/lang/Object;)Z @ 1
Event: 2710.745 Thread 0x00007f081863f000 Uncommon trap: reason=unreached action=reinterpret pc=0x00007f081509a92c method=java.io.BufferedReader.readLine(Z)Ljava/lang/String; @ 192
Event: 2711.145 Thread 0x00007f081863f000 Uncommon trap: reason=class_check action=maybe_recompile pc=0x00007f081512b014 method=javax.swing.UIDefaults.getFromHashtable(Ljava/lang/Object;)Ljava/lang/Object; @ 92
Event: 2711.148 Thread 0x00007f081863f000 Uncommon trap: reason=class_check action=maybe_recompile pc=0x00007f081512b014 method=javax.swing.UIDefaults.getFromHashtable(Ljava/lang/Object;)Ljava/lang/Object; @ 92
Event: 2711.151 Thread 0x00007f081863f000 Uncommon trap: reason=class_check action=maybe_recompile pc=0x00007f081512b014 method=javax.swing.UIDefaults.getFromHashtable(Ljava/lang/Object;)Ljava/lang/Object; @ 92
Event: 2711.170 Thread 0x00007f081863f000 Uncommon trap: reason=class_check action=maybe_recompile pc=0x00007f081515006c method=javax.swing.UIDefaults.getFromHashtable(Ljava/lang/Object;)Ljava/lang/Object; @ 92
Event: 2711.188 Thread 0x00007f081863f000 Uncommon trap: reason=class_check action=maybe_recompile pc=0x00007f0815085340 method=java.lang.String.equals(Ljava/lang/Object;)Z @ 8
Event: 2724.709 Thread 0x00007f081863f000 Uncommon trap: reason=null_check action=make_not_entrant pc=0x00007f0815186230 method=javax.swing.RepaintManager.extendDirtyRegion(Ljava/awt/Component;IIII)Z @ 10
Event: 6408.005 Thread 0x00007f0818279800 Uncommon trap: reason=null_check action=make_not_entrant pc=0x00007f081519b4fc method=sun.awt.X11.XToolkit.dispatchEvent(Lsun/awt/X11/XEvent;)V @ 99
Event: 7887.169 Thread 0x00007f081863f000 Uncommon trap: reason=unreached action=reinterpret pc=0x00007f0815189a58 method=java.awt.Component.hasFocus()Z @ 7

Internal exceptions (10 events):
Event: 2710.344 Thread 0x00007f081863f000 Threw 0x00000007d74cf5b8 at /HUDSON/workspace/7u-2-build-linux-amd64/jdk7u79/2331/hotspot/src/share/vm/prims/jvm.cpp:1304
Event: 2710.557 Thread 0x00007f081863f000 Implicit null exception at 0x00007f081511ef97 to 0x00007f081511f181
Event: 2710.557 Thread 0x00007f081863f000 Implicit null exception at 0x00007f0815122239 to 0x00007f0815122301
Event: 2710.557 Thread 0x00007f081863f000 Implicit null exception at 0x00007f0815127e45 to 0x00007f0815127f2d
Event: 2710.557 Thread 0x00007f081863f000 Implicit null exception at 0x00007f081511c2d9 to 0x00007f081511c399
Event: 2710.625 Thread 0x00007f081863f000 Threw 0x00000007d7d51b98 at /HUDSON/workspace/7u-2-build-linux-amd64/jdk7u79/2331/hotspot/src/share/vm/prims/jvm.cpp:1304
Event: 2710.718 Thread 0x00007f081863f000 Threw 0x00000007d7d63a80 at /HUDSON/workspace/7u-2-build-linux-amd64/jdk7u79/2331/hotspot/src/share/vm/prims/jvm.cpp:1304
Event: 2724.709 Thread 0x00007f081863f000 Implicit null exception at 0x00007f0815185f38 to 0x00007f0815186224
Event: 6408.005 Thread 0x00007f0818279800 Implicit null exception at 0x00007f08151989d7 to 0x00007f081519b4e5
Event: 7889.761 Thread 0x00007f081863f000 Threw 0x00000007dc112ba8 at /HUDSON/workspace/7u-2-build-linux-amd64/jdk7u79/2331/hotspot/src/share/vm/prims/jvm.cpp:1304

Events (10 events):
Event: 2976.692 Thread 0x00007f0818159800 flushing nmethod 0x00007f0815084fd0
Event: 6408.005 Thread 0x00007f0818279800 Uncommon trap: trap_request=0xfffffff4 fr.pc=0x00007f081519b4fc
Event: 6408.005 Thread 0x00007f0818279800 DEOPT PACKING pc=0x00007f081519b4fc sp=0x00007f0809117990
Event: 6408.005 Thread 0x00007f0818279800 DEOPT UNPACKING pc=0x00007f0815039445 sp=0x00007f08091178e0 mode 2
Event: 6826.002 Thread 0x00007f0818159800 flushing nmethod 0x00007f081514fb50
Event: 7887.169 Thread 0x00007f081863f000 Uncommon trap: trap_request=0xffffffad fr.pc=0x00007f0815189a58
Event: 7887.169 Thread 0x00007f081863f000 DEOPT PACKING pc=0x00007f0815189a58 sp=0x00007f0803d7e090
Event: 7887.169 Thread 0x00007f081863f000 DEOPT UNPACKING pc=0x00007f0815039445 sp=0x00007f0803d7e050 mode 2
Event: 7889.761 loading class 0x00007f07b8026410
Event: 7889.761 loading class 0x00007f07b8026410 done


Dynamic libraries:
00400000-00401000 r-xp 00000000 fd:01 262270                             /opt/jdk1.7.0_79/bin/java
00600000-00601000 rw-p 00000000 fd:01 262270                             /opt/jdk1.7.0_79/bin/java
01572000-01593000 rw-p 00000000 00:00 0                                  [heap]
77f600000-780c00000 rw-p 00000000 00:00 0 
780c00000-784800000 rw-p 00000000 00:00 0 
784800000-789a00000 rw-p 00000000 00:00 0 
789a00000-7d6d00000 rw-p 00000000 00:00 0 
7d6d00000-7e5200000 rw-p 00000000 00:00 0 
7e5200000-800000000 rw-p 00000000 00:00 0 
7f07b8000000-7f07b82b4000 rw-p 00000000 00:00 0 
7f07b82b4000-7f07bc000000 ---p 00000000 00:00 0 
7f07c0000000-7f07c002a000 rw-p 00000000 00:00 0 
7f07c002a000-7f07c4000000 ---p 00000000 00:00 0 
7f07c4000000-7f07c4021000 rw-p 00000000 00:00 0 
7f07c4021000-7f07c8000000 ---p 00000000 00:00 0 
7f07c8000000-7f07c8021000 rw-p 00000000 00:00 0 
7f07c8021000-7f07cc000000 ---p 00000000 00:00 0 
7f07cc000000-7f07cc021000 rw-p 00000000 00:00 0 
7f07cc021000-7f07d0000000 ---p 00000000 00:00 0 
7f07d0000000-7f07d0021000 rw-p 00000000 00:00 0 
7f07d0021000-7f07d4000000 ---p 00000000 00:00 0 
7f07d4000000-7f07d4021000 rw-p 00000000 00:00 0 
7f07d4021000-7f07d8000000 ---p 00000000 00:00 0 
7f07d8000000-7f07d8daa000 rw-p 00000000 00:00 0 
7f07d8daa000-7f07dc000000 ---p 00000000 00:00 0 
7f07dc000000-7f07dc857000 rw-p 00000000 00:00 0 
7f07dc857000-7f07e0000000 ---p 00000000 00:00 0 
7f07e0000000-7f07e0021000 rw-p 00000000 00:00 0 
7f07e0021000-7f07e4000000 ---p 00000000 00:00 0 
7f07e57d4000-7f07ec000000 r--p 00000000 fd:01 1192281                    /usr/lib/locale/locale-archive
7f07ec000000-7f07ec021000 rw-p 00000000 00:00 0 
7f07ec021000-7f07f0000000 ---p 00000000 00:00 0 
7f07f0000000-7f07f0021000 rw-p 00000000 00:00 0 
7f07f0021000-7f07f4000000 ---p 00000000 00:00 0 
7f07f4000000-7f07f4021000 rw-p 00000000 00:00 0 
7f07f4021000-7f07f8000000 ---p 00000000 00:00 0 
7f07f8000000-7f07f8021000 rw-p 00000000 00:00 0 
7f07f8021000-7f07fc000000 ---p 00000000 00:00 0 
7f07fc000000-7f07fc021000 rw-p 00000000 00:00 0 
7f07fc021000-7f0800000000 ---p 00000000 00:00 0 
7f08009f1000-7f0800a1a000 rw-p 00000000 00:00 0 
7f08031ef000-7f080359b000 rw-s 00000000 00:05 2162699                    /SYSV00000000 (deleted)
7f080359b000-7f08035a3000 r-xp 00000000 fd:01 2046                       /opt/jdk1.7.0_79/jre/lib/amd64/libmanagement.so
7f08035a3000-7f08037a2000 ---p 00008000 fd:01 2046                       /opt/jdk1.7.0_79/jre/lib/amd64/libmanagement.so
7f08037a2000-7f08037a3000 rw-p 00007000 fd:01 2046                       /opt/jdk1.7.0_79/jre/lib/amd64/libmanagement.so
7f08038e6000-7f0803a53000 rw-p 00000000 00:00 0 
7f0803a53000-7f0803a7d000 r-xp 00000000 fd:01 12115                      /opt/jdk1.7.0_79/jre/lib/amd64/libdcpr.so
7f0803a7d000-7f0803c7d000 ---p 0002a000 fd:01 12115                      /opt/jdk1.7.0_79/jre/lib/amd64/libdcpr.so
7f0803c7d000-7f0803c80000 rw-p 0002a000 fd:01 12115                      /opt/jdk1.7.0_79/jre/lib/amd64/libdcpr.so
7f0803c80000-7f0803c83000 ---p 00000000 00:00 0 
7f0803c83000-7f0803d81000 rw-p 00000000 00:00 0                          [stack:3984]
7f0803d81000-7f0803dea000 r-xp 00000000 fd:01 2038                       /opt/jdk1.7.0_79/jre/lib/amd64/libt2k.so
7f0803dea000-7f0803fe9000 ---p 00069000 fd:01 2038                       /opt/jdk1.7.0_79/jre/lib/amd64/libt2k.so
7f0803fe9000-7f0803ff0000 rw-p 00068000 fd:01 2038                       /opt/jdk1.7.0_79/jre/lib/amd64/libt2k.so
7f0803ff0000-7f0804000000 rw-p 00000000 00:00 0 
7f0804000000-7f0804021000 rw-p 00000000 00:00 0 
7f0804021000-7f0808000000 ---p 00000000 00:00 0 
7f0808021000-7f0808076000 rw-s 00000000 00:05 2621452                    /SYSV00000000 (deleted)
7f080807a000-7f080807d000 ---p 00000000 00:00 0 
7f080807d000-7f080817b000 rw-p 00000000 00:00 0                          [stack:3983]
7f080817b000-7f080817d000 r--s 00000000 fd:01 2643296                    /var/cache/fontconfig/87f5e051180a7a75f16eb6fe7dbd3749-le64.cache-7
7f080817d000-7f0808188000 r--s 00000000 fd:01 2635124                    /var/cache/fontconfig/b79f3aaa7d385a141ab53ec885cc22a8-le64.cache-7
7f0808188000-7f0808192000 r--s 00000000 fd:01 2643330                    /var/cache/fontconfig/b249521c4e5422ed9b50cd8e856d652c-le64.cache-7
7f0808192000-7f08081b6000 r--s 00000000 fd:01 2643329                    /var/cache/fontconfig/0c8c704313a61b8a850327d2059470f7-le64.cache-7
7f08081b6000-7f08081b8000 r--s 00000000 fd:01 2643328                    /var/cache/fontconfig/2e1514a9fdd499050989183bb65136db-le64.cache-7
7f08081b8000-7f08081ba000 r--s 00000000 fd:01 2643327                    /var/cache/fontconfig/3f821257dd33660ba7bbb45c32deb84c-le64.cache-7
7f08081ba000-7f08081bb000 r--s 00000000 fd:01 2643326                    /var/cache/fontconfig/4e602040080c966cb821813a3e584564-le64.cache-7
7f08081bb000-7f08081be000 r--s 00000000 fd:01 2643325                    /var/cache/fontconfig/830f035fa84a65ce80e050178dbb630d-le64.cache-7
7f08081be000-7f08081bf000 r--s 00000000 fd:01 2643324                    /var/cache/fontconfig/81a173283b451552b599cfaafd6236bd-le64.cache-7
7f08081bf000-7f08081c0000 r--s 00000000 fd:01 2643323                    /var/cache/fontconfig/ac68f755438cc3dc5a526084839fc7ca-le64.cache-7
7f08081c0000-7f08081c1000 r--s 00000000 fd:01 2643322                    /var/cache/fontconfig/f951a6bc01c50d58ac4af16a0108457e-le64.cache-7
7f08081c1000-7f08081c2000 r--s 00000000 fd:01 2643321                    /var/cache/fontconfig/8cab66d8f642305e525ba3e322d0979c-le64.cache-7
7f08081c2000-7f08081c3000 r--s 00000000 fd:01 2643320                    /var/cache/fontconfig/12513961c6e7090f8648812f9eaf65d6-le64.cache-7
7f08081c3000-7f08081c6000 r--s 00000000 fd:01 2643319                    /var/cache/fontconfig/e26bf336397aae6fcef4d3803472adec-le64.cache-7
7f08081c6000-7f08081c7000 r--s 00000000 fd:01 2643318                    /var/cache/fontconfig/f132fa2327207a6ac3298c0518879731-le64.cache-7
7f08081c7000-7f08081c8000 r--s 00000000 fd:01 2643542                    /var/cache/fontconfig/6fcb01a03a016cc71057b587cdea6709-le64.cache-7
7f08081c8000-7f08081cc000 r--s 00000000 fd:01 2643316                    /var/cache/fontconfig/8aa05f52519ebacbdf5713e01a6153b0-le64.cache-7
7f08081cc000-7f08081cd000 r--s 00000000 fd:01 2643315                    /var/cache/fontconfig/b887eea8f1b96e1d899b44ed6681fc27-le64.cache-7
7f08081cd000-7f08081ce000 r--s 00000000 fd:01 2643314                    /var/cache/fontconfig/860639f272b8b4b3094f9e399e41bccd-le64.cache-7
7f08081ce000-7f08081cf000 r--s 00000000 fd:01 2643313                    /var/cache/fontconfig/5d33f04e74a97395cf88bbd83847f1f1-le64.cache-7
7f08081cf000-7f08081d0000 r--s 00000000 fd:01 2643312                    /var/cache/fontconfig/df893b4576ad6107f9397134092c4059-le64.cache-7
7f08081d0000-7f08081d1000 r--s 00000000 fd:01 2643311                    /var/cache/fontconfig/1e1e03b57ed9f0c723c5aeafda46c3fb-le64.cache-7
7f08081d1000-7f08081d2000 r--s 00000000 fd:01 2643310                    /var/cache/fontconfig/900402270e15d763a6e008bb2d4c7686-le64.cache-7
7f08081d2000-7f08081d3000 r--s 00000000 fd:01 2643309                    /var/cache/fontconfig/47f48679023f44a4d1e44699a69464f6-le64.cache-7
7f08081d3000-7f08081d4000 r--s 00000000 fd:01 2643308                    /var/cache/fontconfig/2881ed3fd21ca306ddad6f9b0dd3189f-le64.cache-7
7f08081d4000-7f08081d5000 r--s 00000000 fd:01 2643307                    /var/cache/fontconfig/3c3fb04d32a5211b073874b125d29701-le64.cache-7
7f08081d5000-7f08081d6000 r--s 00000000 fd:01 2643306                    /var/cache/fontconfig/e61abf8156cc476151baa07d67337cae-le64.cache-7
7f08081d6000-7f08081db000 r--s 00000000 fd:01 2643305                    /var/cache/fontconfig/b67b32625a2bb51b023d3814a918f351-le64.cache-7
7f08081db000-7f08081dd000 r--s 00000000 fd:01 2643304                    /var/cache/fontconfig/d3379abda271c4acd2ad0c01f565d0b0-le64.cache-7
7f08081dd000-7f08081df000 r--s 00000000 fd:01 2643302                    /var/cache/fontconfig/7ee6df7a8311986241317a58487e0145-le64.cache-7
7f08081df000-7f08081e1000 r--s 00000000 fd:01 2643301                    /var/cache/fontconfig/99a1ce9f8b6a0434aadb01d3779b0780-le64.cache-7
7f08081e1000-7f08081f4000 r--s 00000000 fd:01 2643298                    /var/cache/fontconfig/614d1caaa4d7914789410f6367de37ca-le64.cache-7
7f08081fb000-7f08081fd000 rw-p 00000000 00:00 0 
7f08081fd000-7f0808237000 r-xp 00000000 fd:01 12121                      /opt/jdk1.7.0_79/jre/lib/amd64/libjpeg.so
7f0808237000-7f0808437000 ---p 0003a000 fd:01 12121                      /opt/jdk1.7.0_79/jre/lib/amd64/libjpeg.so
7f0808437000-7f0808438000 rw-p 0003a000 fd:01 12121                      /opt/jdk1.7.0_79/jre/lib/amd64/libjpeg.so
7f0808438000-7f0808448000 r-xp 00000000 fd:01 2064                       /opt/jdk1.7.0_79/jre/lib/amd64/libnio.so
7f0808448000-7f0808648000 ---p 00010000 fd:01 2064                       /opt/jdk1.7.0_79/jre/lib/amd64/libnio.so
7f0808648000-7f0808649000 rw-p 00010000 fd:01 2064                       /opt/jdk1.7.0_79/jre/lib/amd64/libnio.so
7f0808649000-7f080865f000 r-xp 00000000 fd:01 12124                      /opt/jdk1.7.0_79/jre/lib/amd64/libnet.so
7f080865f000-7f080885f000 ---p 00016000 fd:01 12124                      /opt/jdk1.7.0_79/jre/lib/amd64/libnet.so
7f080885f000-7f0808860000 rw-p 00016000 fd:01 12124                      /opt/jdk1.7.0_79/jre/lib/amd64/libnet.so
7f0808860000-7f0808876000 r-xp 00000000 fd:01 1192264                    /usr/lib64/libgcc_s-5.3.1-20160406.so.1
7f0808876000-7f0808a75000 ---p 00016000 fd:01 1192264                    /usr/lib64/libgcc_s-5.3.1-20160406.so.1
7f0808a75000-7f0808a76000 r--p 00015000 fd:01 1192264                    /usr/lib64/libgcc_s-5.3.1-20160406.so.1
7f0808a76000-7f0808a77000 rw-p 00016000 fd:01 1192264                    /usr/lib64/libgcc_s-5.3.1-20160406.so.1
7f0808a77000-7f0808a78000 r--s 00000000 fd:01 2643303                    /var/cache/fontconfig/b4d0b56f766d89640448751fcd18ec1e-le64.cache-7
7f0808a78000-7f0808a7a000 r--s 00000000 fd:01 2643300                    /var/cache/fontconfig/f9d379b867d7c69c85310a4f24e5228f-le64.cache-7
7f0808a7a000-7f0808a7b000 r--s 00000000 fd:01 2643299                    /var/cache/fontconfig/a0c19c2c21e758d73376b5942921cc72-le64.cache-7
7f0808a7b000-7f0808a86000 r--s 00000000 fd:01 2643297                    /var/cache/fontconfig/12b26b760a24f8b4feb03ad48a333a72-le64.cache-7
7f0808a86000-7f0808a8d000 r--s 00000000 fd:01 2643294                    /var/cache/fontconfig/a4412f743c4d1c8e7d1a441b64ec7319-le64.cache-7
7f0808a8d000-7f0808a92000 r--s 00000000 fd:01 2643293                    /var/cache/fontconfig/a289f7e03715303a9a1b010d74c00c6a-le64.cache-7
7f0808a92000-7f0808a93000 r--s 00000000 fd:01 2643292                    /var/cache/fontconfig/3640555adad8a8f6978400293cfce7ab-le64.cache-7
7f0808a93000-7f0808a95000 r--s 00000000 fd:01 2641995                    /var/cache/fontconfig/b3043b29744cf0a429678d296f5e4026-le64.cache-7
7f0808a95000-7f0808a99000 r--s 00000000 fd:01 2643331                    /var/cache/fontconfig/beeeeb3dfe132a8a0633a017c99ce0c0-le64.cache-7
7f0808a99000-7f0808afe000 r-xp 00000000 fd:01 2042                       /opt/jdk1.7.0_79/jre/lib/amd64/libfontmanager.so
7f0808afe000-7f0808cfd000 ---p 00065000 fd:01 2042                       /opt/jdk1.7.0_79/jre/lib/amd64/libfontmanager.so
7f0808cfd000-7f0808d02000 rw-p 00064000 fd:01 2042                       /opt/jdk1.7.0_79/jre/lib/amd64/libfontmanager.so
7f0808d02000-7f0808d12000 rw-p 00000000 00:00 0 
7f0808d12000-7f0808d1c000 r--s 00253000 fd:01 2074                       /opt/jdk1.7.0_79/jre/lib/resources.jar
7f0808d1c000-7f0808d1d000 r--s 00002000 fd:01 2124087                    /opt/baraza/build/lib/server/metropol.jar
7f0808d1d000-7f0808d20000 r--s 00028000 fd:01 2124763                    /opt/baraza/build/lib/server/tomcat-embed-el.jar
7f0808d20000-7f0808d31000 r--s 0021a000 fd:01 2124757                    /opt/baraza/build/lib/server/ecj-P20140317-1600.jar
7f0808d31000-7f0808d35000 r--s 00036000 fd:01 2124088                    /opt/baraza/build/lib/server/tomcat-dbcp.jar
7f0808d35000-7f0808d3e000 r--s 0009f000 fd:01 2124090                    /opt/baraza/build/lib/server/tomcat-embed-jasper.jar
7f0808d3e000-7f0808d40000 r--s 00013000 fd:01 2124092                    /opt/baraza/build/lib/server/tomcat-embed-logging-log4j.jar
7f0808d40000-7f0808d42000 r--s 00008000 fd:01 2124091                    /opt/baraza/build/lib/server/tomcat-embed-logging-juli.jar
7f0808d42000-7f0808d64000 r--s 0028a000 fd:01 2124089                    /opt/baraza/build/lib/server/tomcat-embed-core.jar
7f0808d64000-7f0808d66000 r--s 0000d000 fd:01 2124759                    /opt/baraza/build/lib/server/rxtxcomm.jar
7f0808d66000-7f0808d6a000 r--s 00033000 fd:01 2124758                    /opt/baraza/build/lib/server/jsch.jar
7f0808d6a000-7f0808d6c000 r--s 00006000 fd:01 2124774                    /opt/baraza/build/lib/webdav/slf4j-api-1.7.7.jar
7f0808d6c000-7f0808d6f000 r--s 00018000 fd:01 2124773                    /opt/baraza/build/lib/webdav/sardine.jar
7f0808d6f000-7f0808d75000 r--s 0003f000 fd:01 2124772                    /opt/baraza/build/lib/webdav/httpcore-4.3.2.jar
7f0808d75000-7f0808d81000 r--s 00085000 fd:01 2124771                    /opt/baraza/build/lib/webdav/httpclient-4.3.4.jar
7f0808d81000-7f0808d89000 r--s 00028000 fd:01 2127732                    /opt/baraza/build/lib/xml-apis-xerces-2.9.1.jar
7f0808d89000-7f0808d8c000 r--s 0002b000 fd:01 2127724                    /opt/baraza/build/lib/jtidy-r938.jar
7f0808d8c000-7f0808d9d000 r--s 000f7000 fd:01 2127711                    /opt/baraza/build/lib/core-renderer.jar
7f0808d9d000-7f0808da1000 r--s 0003b000 fd:01 2125124                    /opt/baraza/build/lib/barcode.jar
7f0808da1000-7f0808da5000 r--s 00034000 fd:01 2124740                    /opt/baraza/build/lib/interclient.jar
7f0808da5000-7f0808da9000 r--s 00033000 fd:01 2127719                    /opt/baraza/build/lib/jackson-core-2.1.4.jar
7f0808da9000-7f0808db9000 r--s 000e2000 fd:01 2127720                    /opt/baraza/build/lib/jackson-databind-2.1.4.jar
7f0808db9000-7f0808dbf000 r--s 0004d000 fd:01 2127713                    /opt/baraza/build/lib/dom4j-1.6.1.jar
7f0808dbf000-7f0808dfc000 r--s 00284000 fd:01 2127733                    /opt/baraza/build/lib/xmlbeans-2.3.0.jar
7f0808dfc000-7f0808e03000 r--s 0007d000 fd:01 2124769                    /opt/baraza/build/lib/sqljdbc4.jar
7f0808e03000-7f0808e0a000 r--s 0009e000 fd:01 2127731                    /opt/baraza/build/lib/postgresql-9.4.1208.jre7.jar
7f0808e0a000-7f0808ea2000 r--s 004a1000 fd:01 2127730                    /opt/baraza/build/lib/poi-ooxml-schemas-3.10.jar
7f0808ea2000-7f0808eaf000 r--s 000fd000 fd:01 2127729                    /opt/baraza/build/lib/poi-ooxml-3.10.jar
7f0808eaf000-7f0808ed0000 r--s 001df000 fd:01 2127728                    /opt/baraza/build/lib/poi-3.10.jar
7f0808ed0000-7f0808ee2000 r--s 00211000 fd:01 2127727                    /opt/baraza/build/lib/ojdbc6.jar
7f0808ee2000-7f0808ee9000 r--s 000bd000 fd:01 2127726                    /opt/baraza/build/lib/mysql-connector-java-5.1.13-bin.jar
7f0808ee9000-7f0808ef0000 r--s 00073000 fd:01 2127725                    /opt/baraza/build/lib/mail.jar
7f0808ef0000-7f0808f00000 r--s 00150000 fd:01 2127723                    /opt/baraza/build/lib/jfreechart-1.0.12.jar
7f0808f00000-7f0808f5f000 r--s 00527000 fd:01 2127721                    /opt/baraza/build/lib/jasperreports-6.3.0.jar
7f0808f5f000-7f0808f74000 r--s 00207000 fd:01 2127718                    /opt/baraza/build/lib/itextpdf-5.5.0.jar
7f0808f74000-7f0808f81000 r--s 00116000 fd:01 2127717                    /opt/baraza/build/lib/itext-2.1.7.js5.jar
7f0808f81000-7f0808ff1000 r--s 006b0000 fd:01 2127714                    /opt/baraza/build/lib/groovy-all-2.4.3.jar
7f0808ff1000-7f0809018000 r--s 00284000 fd:01 2127712                    /opt/baraza/build/lib/derby.jar
7f0809018000-7f080901b000 ---p 00000000 00:00 0 
7f080901b000-7f0809119000 rw-p 00000000 00:00 0                          [stack:3982]
7f0809119000-7f080911e000 r-xp 00000000 fd:01 1187803                    /usr/lib64/libXfixes.so.3.1.0
7f080911e000-7f080931d000 ---p 00005000 fd:01 1187803                    /usr/lib64/libXfixes.so.3.1.0
7f080931d000-7f080931e000 r--p 00004000 fd:01 1187803                    /usr/lib64/libXfixes.so.3.1.0
7f080931e000-7f080931f000 rw-p 00005000 fd:01 1187803                    /usr/lib64/libXfixes.so.3.1.0
7f080931f000-7f0809329000 r-xp 00000000 fd:01 1187798                    /usr/lib64/libXcursor.so.1.0.2
7f0809329000-7f0809528000 ---p 0000a000 fd:01 1187798                    /usr/lib64/libXcursor.so.1.0.2
7f0809528000-7f0809529000 r--p 00009000 fd:01 1187798                    /usr/lib64/libXcursor.so.1.0.2
7f0809529000-7f080952a000 rw-p 0000a000 fd:01 1187798                    /usr/lib64/libXcursor.so.1.0.2
7f080952a000-7f080952d000 ---p 00000000 00:00 0 
7f080952d000-7f080962b000 rw-p 00000000 00:00 0                          [stack:3981]
7f080962b000-7f080962e000 ---p 00000000 00:00 0 
7f080962e000-7f080972c000 rw-p 00000000 00:00 0                          [stack:3980]
7f080972c000-7f080972e000 r-xp 00000000 fd:01 1187796                    /usr/lib64/libXau.so.6.0.0
7f080972e000-7f080992e000 ---p 00002000 fd:01 1187796                    /usr/lib64/libXau.so.6.0.0
7f080992e000-7f080992f000 r--p 00002000 fd:01 1187796                    /usr/lib64/libXau.so.6.0.0
7f080992f000-7f0809930000 rw-p 00003000 fd:01 1187796                    /usr/lib64/libXau.so.6.0.0
7f0809930000-7f0809951000 r-xp 00000000 fd:01 1187523                    /usr/lib64/libxcb.so.1.1.0
7f0809951000-7f0809b50000 ---p 00021000 fd:01 1187523                    /usr/lib64/libxcb.so.1.1.0
7f0809b50000-7f0809b51000 r--p 00020000 fd:01 1187523                    /usr/lib64/libxcb.so.1.1.0
7f0809b51000-7f0809b52000 rw-p 00021000 fd:01 1187523                    /usr/lib64/libxcb.so.1.1.0
7f0809b52000-7f0809b61000 r-xp 00000000 fd:01 1187806                    /usr/lib64/libXi.so.6.1.0
7f0809b61000-7f0809d60000 ---p 0000f000 fd:01 1187806                    /usr/lib64/libXi.so.6.1.0
7f0809d60000-7f0809d61000 r--p 0000e000 fd:01 1187806                    /usr/lib64/libXi.so.6.1.0
7f0809d61000-7f0809d62000 rw-p 0000f000 fd:01 1187806                    /usr/lib64/libXi.so.6.1.0
7f0809d62000-7f0809d67000 r-xp 00000000 fd:01 1187814                    /usr/lib64/libXtst.so.6.1.0
7f0809d67000-7f0809f66000 ---p 00005000 fd:01 1187814                    /usr/lib64/libXtst.so.6.1.0
7f0809f66000-7f0809f67000 r--p 00004000 fd:01 1187814                    /usr/lib64/libXtst.so.6.1.0
7f0809f67000-7f0809f68000 rw-p 00005000 fd:01 1187814                    /usr/lib64/libXtst.so.6.1.0
7f0809f68000-7f0809f71000 r-xp 00000000 fd:01 1187812                    /usr/lib64/libXrender.so.1.3.0
7f0809f71000-7f080a170000 ---p 00009000 fd:01 1187812                    /usr/lib64/libXrender.so.1.3.0
7f080a170000-7f080a171000 r--p 00008000 fd:01 1187812                    /usr/lib64/libXrender.so.1.3.0
7f080a171000-7f080a172000 rw-p 00009000 fd:01 1187812                    /usr/lib64/libXrender.so.1.3.0
7f080a172000-7f080a2ad000 r-xp 00000000 fd:01 1187794                    /usr/lib64/libX11.so.6.3.0
7f080a2ad000-7f080a4ad000 ---p 0013b000 fd:01 1187794                    /usr/lib64/libX11.so.6.3.0
7f080a4ad000-7f080a4ae000 r--p 0013b000 fd:01 1187794                    /usr/lib64/libX11.so.6.3.0
7f080a4ae000-7f080a4b3000 rw-p 0013c000 fd:01 1187794                    /usr/lib64/libX11.so.6.3.0
7f080a4b3000-7f080a4c4000 r-xp 00000000 fd:01 1187802                    /usr/lib64/libXext.so.6.4.0
7f080a4c4000-7f080a6c3000 ---p 00011000 fd:01 1187802                    /usr/lib64/libXext.so.6.4.0
7f080a6c3000-7f080a6c4000 r--p 00010000 fd:01 1187802                    /usr/lib64/libXext.so.6.4.0
7f080a6c4000-7f080a6c5000 rw-p 00011000 fd:01 1187802                    /usr/lib64/libXext.so.6.4.0
7f080a6c5000-7f080a715000 r-xp 00000000 fd:01 2061                       /opt/jdk1.7.0_79/jre/lib/amd64/xawt/libmawt.so
7f080a715000-7f080a915000 ---p 00050000 fd:01 2061                       /opt/jdk1.7.0_79/jre/lib/amd64/xawt/libmawt.so
7f080a915000-7f080a919000 rw-p 00050000 fd:01 2061                       /opt/jdk1.7.0_79/jre/lib/amd64/xawt/libmawt.so
7f080a919000-7f080a91a000 rw-p 00000000 00:00 0 
7f080a91a000-7f080a9bc000 r-xp 00000000 fd:01 2053                       /opt/jdk1.7.0_79/jre/lib/amd64/libawt.so
7f080a9bc000-7f080abbc000 ---p 000a2000 fd:01 2053                       /opt/jdk1.7.0_79/jre/lib/amd64/libawt.so
7f080abbc000-7f080abc8000 rw-p 000a2000 fd:01 2053                       /opt/jdk1.7.0_79/jre/lib/amd64/libawt.so
7f080abc8000-7f080abec000 rw-p 00000000 00:00 0 
7f080abec000-7f080abed000 ---p 00000000 00:00 0 
7f080abed000-7f080aced000 rw-p 00000000 00:00 0                          [stack:3979]
7f080aced000-7f080acf0000 ---p 00000000 00:00 0 
7f080acf0000-7f080adee000 rw-p 00000000 00:00 0                          [stack:3978]
7f080adee000-7f080adf1000 ---p 00000000 00:00 0 
7f080adf1000-7f080aeef000 rw-p 00000000 00:00 0                          [stack:3977]
7f080aeef000-7f080aef2000 ---p 00000000 00:00 0 
7f080aef2000-7f080aff0000 rw-p 00000000 00:00 0                          [stack:3976]
7f080aff0000-7f080aff3000 ---p 00000000 00:00 0 
7f080aff3000-7f080b0f1000 rw-p 00000000 00:00 0                          [stack:3975]
7f080b0f1000-7f080b0f4000 ---p 00000000 00:00 0 
7f080b0f4000-7f080b1f2000 rw-p 00000000 00:00 0                          [stack:3974]
7f080b1f2000-7f080b1f5000 ---p 00000000 00:00 0 
7f080b1f5000-7f080b2f3000 rw-p 00000000 00:00 0                          [stack:3973]
7f080b2f3000-7f080b2f4000 ---p 00000000 00:00 0 
7f080b2f4000-7f080c000000 rw-p 00000000 00:00 0                          [stack:3972]
7f080c000000-7f080c021000 rw-p 00000000 00:00 0 
7f080c021000-7f0810000000 ---p 00000000 00:00 0 
7f0810000000-7f0810001000 r--s 00002000 fd:01 2124775                    /opt/baraza/build/lib/webdav/slf4j-simple-1.7.7.jar
7f0810001000-7f0810004000 r--s 00012000 fd:01 2124745                    /opt/baraza/build/lib/javax.json-1.0.4.jar
7f0810004000-7f081000a000 r--s 0004d000 fd:01 2127722                    /opt/baraza/build/lib/jcommon-1.0.15.jar
7f081000a000-7f081000e000 r--s 0002a000 fd:01 2124734                    /opt/baraza/build/lib/commons-io-2.4.jar
7f081000e000-7f0810036000 r--s 001c3000 fd:01 2127704                    /opt/baraza/build/lib/bcprov-jdk16-1.46.jar
7f0810036000-7f0810384000 rw-p 00000000 00:00 0 
7f0810384000-7f0810544000 r--s 039f7000 fd:01 2079                       /opt/jdk1.7.0_79/jre/lib/rt.jar
7f0810544000-7f0814a6a000 rw-p 00000000 00:00 0 
7f0814a6a000-7f0814a6b000 ---p 00000000 00:00 0 
7f0814a6b000-7f0814b6b000 rw-p 00000000 00:00 0                          [stack:3971]
7f0814b6b000-7f0814b6c000 ---p 00000000 00:00 0 
7f0814b6c000-7f0814c6c000 rw-p 00000000 00:00 0                          [stack:3970]
7f0814c6c000-7f0814c6d000 ---p 00000000 00:00 0 
7f0814c6d000-7f0814d96000 rw-p 00000000 00:00 0                          [stack:3969]
7f0814d96000-7f0815000000 rw-p 00000000 00:00 0 
7f0815000000-7f0815270000 rwxp 00000000 00:00 0 
7f0815270000-7f081868d000 rw-p 00000000 00:00 0 
7f081868d000-7f081c000000 ---p 00000000 00:00 0 
7f081c000000-7f081c003000 r--s 00017000 fd:01 2127703                    /opt/baraza/build/lib/barbecue-1.5-beta1.jar
7f081c003000-7f081c009000 r--s 00030000 fd:01 2127708                    /opt/baraza/build/lib/commons-digester-2.1.jar
7f081c009000-7f081c00a000 ---p 00000000 00:00 0 
7f081c00a000-7f081c115000 rw-p 00000000 00:00 0                          [stack:3968]
7f081c115000-7f081c133000 rw-p 00000000 00:00 0 
7f081c133000-7f081c13e000 rw-p 00000000 00:00 0 
7f081c13e000-7f081c15c000 rw-p 00000000 00:00 0 
7f081c15c000-7f081c185000 rw-p 00000000 00:00 0 
7f081c185000-7f081c3ee000 rw-p 00000000 00:00 0 
7f081c3ee000-7f081c461000 rw-p 00000000 00:00 0 
7f081c461000-7f081c538000 rw-p 00000000 00:00 0 
7f081c538000-7f081c539000 rw-p 00000000 00:00 0 
7f081c539000-7f081c553000 r-xp 00000000 fd:01 2057                       /opt/jdk1.7.0_79/jre/lib/amd64/libzip.so
7f081c553000-7f081c753000 ---p 0001a000 fd:01 2057                       /opt/jdk1.7.0_79/jre/lib/amd64/libzip.so
7f081c753000-7f081c754000 rw-p 0001a000 fd:01 2057                       /opt/jdk1.7.0_79/jre/lib/amd64/libzip.so
7f081c754000-7f081c760000 r-xp 00000000 fd:01 1191858                    /usr/lib64/libnss_files-2.21.so
7f081c760000-7f081c95f000 ---p 0000c000 fd:01 1191858                    /usr/lib64/libnss_files-2.21.so
7f081c95f000-7f081c960000 r--p 0000b000 fd:01 1191858                    /usr/lib64/libnss_files-2.21.so
7f081c960000-7f081c961000 rw-p 0000c000 fd:01 1191858                    /usr/lib64/libnss_files-2.21.so
7f081c961000-7f081c98a000 r-xp 00000000 fd:01 2035                       /opt/jdk1.7.0_79/jre/lib/amd64/libjava.so
7f081c98a000-7f081cb8a000 ---p 00029000 fd:01 2035                       /opt/jdk1.7.0_79/jre/lib/amd64/libjava.so
7f081cb8a000-7f081cb8c000 rw-p 00029000 fd:01 2035                       /opt/jdk1.7.0_79/jre/lib/amd64/libjava.so
7f081cb8c000-7f081cb99000 r-xp 00000000 fd:01 2032                       /opt/jdk1.7.0_79/jre/lib/amd64/libverify.so
7f081cb99000-7f081cd98000 ---p 0000d000 fd:01 2032                       /opt/jdk1.7.0_79/jre/lib/amd64/libverify.so
7f081cd98000-7f081cd9a000 rw-p 0000c000 fd:01 2032                       /opt/jdk1.7.0_79/jre/lib/amd64/libverify.so
7f081cd9a000-7f081cda1000 r-xp 00000000 fd:01 1191861                    /usr/lib64/librt-2.21.so
7f081cda1000-7f081cfa0000 ---p 00007000 fd:01 1191861                    /usr/lib64/librt-2.21.so
7f081cfa0000-7f081cfa1000 r--p 00006000 fd:01 1191861                    /usr/lib64/librt-2.21.so
7f081cfa1000-7f081cfa2000 rw-p 00007000 fd:01 1191861                    /usr/lib64/librt-2.21.so
7f081cfa2000-7f081d0a9000 r-xp 00000000 fd:01 1191855                    /usr/lib64/libm-2.21.so
7f081d0a9000-7f081d2a8000 ---p 00107000 fd:01 1191855                    /usr/lib64/libm-2.21.so
7f081d2a8000-7f081d2a9000 r--p 00106000 fd:01 1191855                    /usr/lib64/libm-2.21.so
7f081d2a9000-7f081d2aa000 rw-p 00107000 fd:01 1191855                    /usr/lib64/libm-2.21.so
7f081d2aa000-7f081de1f000 r-xp 00000000 fd:01 2044                       /opt/jdk1.7.0_79/jre/lib/amd64/server/libjvm.so
7f081de1f000-7f081e01f000 ---p 00b75000 fd:01 2044                       /opt/jdk1.7.0_79/jre/lib/amd64/server/libjvm.so
7f081e01f000-7f081e0e3000 rw-p 00b75000 fd:01 2044                       /opt/jdk1.7.0_79/jre/lib/amd64/server/libjvm.so
7f081e0e3000-7f081e124000 rw-p 00000000 00:00 0 
7f081e124000-7f081e2db000 r-xp 00000000 fd:01 1187790                    /usr/lib64/libc-2.21.so
7f081e2db000-7f081e4db000 ---p 001b7000 fd:01 1187790                    /usr/lib64/libc-2.21.so
7f081e4db000-7f081e4df000 r--p 001b7000 fd:01 1187790                    /usr/lib64/libc-2.21.so
7f081e4df000-7f081e4e1000 rw-p 001bb000 fd:01 1187790                    /usr/lib64/libc-2.21.so
7f081e4e1000-7f081e4e5000 rw-p 00000000 00:00 0 
7f081e4e5000-7f081e4e8000 r-xp 00000000 fd:01 1191854                    /usr/lib64/libdl-2.21.so
7f081e4e8000-7f081e6e7000 ---p 00003000 fd:01 1191854                    /usr/lib64/libdl-2.21.so
7f081e6e7000-7f081e6e8000 r--p 00002000 fd:01 1191854                    /usr/lib64/libdl-2.21.so
7f081e6e8000-7f081e6e9000 rw-p 00003000 fd:01 1191854                    /usr/lib64/libdl-2.21.so
7f081e6e9000-7f081e6ff000 r-xp 00000000 fd:01 2113                       /opt/jdk1.7.0_79/lib/amd64/jli/libjli.so
7f081e6ff000-7f081e8ff000 ---p 00016000 fd:01 2113                       /opt/jdk1.7.0_79/lib/amd64/jli/libjli.so
7f081e8ff000-7f081e900000 rw-p 00016000 fd:01 2113                       /opt/jdk1.7.0_79/lib/amd64/jli/libjli.so
7f081e900000-7f081e917000 r-xp 00000000 fd:01 1187206                    /usr/lib64/libpthread-2.21.so
7f081e917000-7f081eb16000 ---p 00017000 fd:01 1187206                    /usr/lib64/libpthread-2.21.so
7f081eb16000-7f081eb18000 r--p 00016000 fd:01 1187206                    /usr/lib64/libpthread-2.21.so
7f081eb18000-7f081eb19000 rw-p 00018000 fd:01 1187206                    /usr/lib64/libpthread-2.21.so
7f081eb19000-7f081eb1d000 rw-p 00000000 00:00 0 
7f081eb1d000-7f081eb3e000 r-xp 00000000 fd:01 1189123                    /usr/lib64/ld-2.21.so
7f081eb3e000-7f081eb3f000 r--s 00010000 fd:01 2127710                    /opt/baraza/build/lib/commons-logging-1.1.1.jar
7f081eb3f000-7f081eb42000 r--s 00011000 fd:01 2124732                    /opt/baraza/build/lib/commons-discovery-0.5.jar
7f081eb42000-7f081eb4f000 r--s 0008e000 fd:01 2127707                    /opt/baraza/build/lib/commons-collections-3.2.2.jar
7f081eb4f000-7f081eb55000 r--s 00041000 fd:01 2127706                    /opt/baraza/build/lib/commons-codec-1.9.jar
7f081eb55000-7f081eb5f000 rw-p 00000000 00:00 0 
7f081eb5f000-7f081ec15000 rw-p 00000000 00:00 0 
7f081ec15000-7f081ec18000 ---p 00000000 00:00 0 
7f081ec18000-7f081ed1a000 rw-p 00000000 00:00 0                          [stack:3967]
7f081ed1a000-7f081ed1c000 r--s 0000f000 fd:01 2124733                    /opt/baraza/build/lib/commons-fileupload-1.3.1.jar
7f081ed1c000-7f081ed21000 r--s 00039000 fd:01 2127705                    /opt/baraza/build/lib/commons-beanutils-1.9.0.jar
7f081ed21000-7f081ed23000 r--s 00012000 fd:01 2127702                    /opt/baraza/build/lib/activation-1.1.1.jar
7f081ed23000-7f081ed27000 r--s 000f7000 fd:01 262164                     /opt/jdk1.7.0_79/jre/lib/ext/localedata.jar
7f081ed27000-7f081ed2a000 r--s 00019000 fd:01 2095                       /opt/jdk1.7.0_79/jre/lib/jce.jar
7f081ed2a000-7f081ed2e000 r--s 0008b000 fd:01 2089                       /opt/jdk1.7.0_79/jre/lib/jsse.jar
7f081ed2e000-7f081ed32000 r--s 00095000 fd:01 2128428                    /opt/baraza/build/baraza.jar (deleted)
7f081ed32000-7f081ed3a000 rw-s 00000000 00:26 44960                      /tmp/hsperfdata_root/3966
7f081ed3a000-7f081ed3b000 rw-p 00000000 00:00 0 
7f081ed3b000-7f081ed3c000 r--p 00000000 00:00 0 
7f081ed3c000-7f081ed3d000 rw-p 00000000 00:00 0 
7f081ed3d000-7f081ed3e000 r--p 00020000 fd:01 1189123                    /usr/lib64/ld-2.21.so
7f081ed3e000-7f081ed3f000 rw-p 00021000 fd:01 1189123                    /usr/lib64/ld-2.21.so
7f081ed3f000-7f081ed40000 rw-p 00000000 00:00 0 
7ffe48ff2000-7ffe49013000 rw-p 00000000 00:00 0                          [stack]
7ffe491f6000-7ffe491f8000 r--p 00000000 00:00 0                          [vvar]
7ffe491f8000-7ffe491fa000 r-xp 00000000 00:00 0                          [vdso]
ffffffffff600000-ffffffffff601000 r-xp 00000000 00:00 0                  [vsyscall]

VM Arguments:
java_command: build/baraza.jar develop ./projects/
Launcher Type: SUN_STANDARD

Environment Variables:
PATH=/usr/lib64/qt-3.3/bin:/usr/local/bin:/usr/local/sbin:/usr/bin:/usr/sbin:/bin:/sbin:/root/bin
USERNAME=root
SHELL=/bin/bash
DISPLAY=:0

Signal Handlers:
SIGSEGV: [libjvm.so+0x9a3bf0], sa_mask[0]=0x7ffbfeff, sa_flags=0x10000004
SIGBUS: [libjvm.so+0x9a3bf0], sa_mask[0]=0x7ffbfeff, sa_flags=0x10000004
SIGFPE: [libjvm.so+0x81cb60], sa_mask[0]=0x7ffbfeff, sa_flags=0x10000004
SIGPIPE: [libjvm.so+0x81cb60], sa_mask[0]=0x7ffbfeff, sa_flags=0x10000004
SIGXFSZ: [libjvm.so+0x81cb60], sa_mask[0]=0x7ffbfeff, sa_flags=0x10000004
SIGILL: [libjvm.so+0x81cb60], sa_mask[0]=0x7ffbfeff, sa_flags=0x10000004
SIGUSR1: SIG_DFL, sa_mask[0]=0x00000000, sa_flags=0x00000000
SIGUSR2: [libjvm.so+0x81e360], sa_mask[0]=0x00000000, sa_flags=0x10000004
SIGHUP: [libjvm.so+0x81f480], sa_mask[0]=0x7ffbfeff, sa_flags=0x10000004
SIGINT: [libjvm.so+0x81f480], sa_mask[0]=0x7ffbfeff, sa_flags=0x10000004
SIGTERM: [libjvm.so+0x81f480], sa_mask[0]=0x7ffbfeff, sa_flags=0x10000004
SIGQUIT: [libjvm.so+0x81f480], sa_mask[0]=0x7ffbfeff, sa_flags=0x10000004


---------------  S Y S T E M  ---------------

OS:Fedora release 22 (Twenty Two)

uname:Linux 4.4.13-200.fc22.x86_64 #1 SMP Wed Jun 8 15:59:40 UTC 2016 x86_64
libc:glibc 2.21 NPTL 2.21 
rlimit: STACK 8192k, CORE 0k, NPROC 31263, NOFILE 4096, AS infinity
load average:1.41 1.67 1.85

/proc/meminfo:
MemTotal:        8088044 kB
MemFree:         1636956 kB
MemAvailable:    3803836 kB
Buffers:          231868 kB
Cached:          2291320 kB
SwapCached:            0 kB
Active:          4797624 kB
Inactive:        1133996 kB
Active(anon):    3438912 kB
Inactive(anon):   340484 kB
Active(file):    1358712 kB
Inactive(file):   793512 kB
Unevictable:          16 kB
Mlocked:              16 kB
SwapTotal:       8126460 kB
SwapFree:        8126460 kB
Dirty:               492 kB
Writeback:             0 kB
AnonPages:       3408448 kB
Mapped:           548132 kB
Shmem:            370972 kB
Slab:             341192 kB
SReclaimable:     268060 kB
SUnreclaim:        73132 kB
KernelStack:       10160 kB
PageTables:        58340 kB
NFS_Unstable:          0 kB
Bounce:                0 kB
WritebackTmp:          0 kB
CommitLimit:    12170480 kB
Committed_AS:    8732172 kB
VmallocTotal:   34359738367 kB
VmallocUsed:           0 kB
VmallocChunk:          0 kB
HardwareCorrupted:     0 kB
AnonHugePages:         0 kB
CmaTotal:              0 kB
CmaFree:               0 kB
HugePages_Total:       0
HugePages_Free:        0
HugePages_Rsvd:        0
HugePages_Surp:        0
Hugepagesize:       2048 kB
DirectMap4k:      172992 kB
DirectMap2M:     3934208 kB
DirectMap1G:     5242880 kB


CPU:total 4 (2 cores per cpu, 2 threads per core) family 6 model 61 stepping 4, cmov, cx8, fxsr, mmx, sse, sse2, sse3, ssse3, sse4.1, sse4.2, popcnt, avx, avx2, aes, erms, ht, tsc, tscinvbit

/proc/cpuinfo:
processor	: 0
vendor_id	: GenuineIntel
cpu family	: 6
model		: 61
model name	: Intel(R) Core(TM) i7-5500U CPU @ 2.40GHz
stepping	: 4
microcode	: 0x22
cpu MHz		: 2141.718
cache size	: 4096 KB
physical id	: 0
siblings	: 4
core id		: 0
cpu cores	: 2
apicid		: 0
initial apicid	: 0
fpu		: yes
fpu_exception	: yes
cpuid level	: 20
wp		: yes
flags		: fpu vme de pse tsc msr pae mce cx8 apic sep mtrr pge mca cmov pat pse36 clflush dts acpi mmx fxsr sse sse2 ss ht tm pbe syscall nx pdpe1gb rdtscp lm constant_tsc arch_perfmon pebs bts rep_good nopl xtopology nonstop_tsc aperfmperf eagerfpu pni pclmulqdq dtes64 monitor ds_cpl vmx est tm2 ssse3 sdbg fma cx16 xtpr pdcm pcid sse4_1 sse4_2 x2apic movbe popcnt tsc_deadline_timer aes xsave avx f16c rdrand lahf_lm abm 3dnowprefetch ida arat epb pln pts dtherm intel_pt tpr_shadow vnmi flexpriority ept vpid fsgsbase tsc_adjust bmi1 avx2 smep bmi2 erms invpcid rdseed adx smap xsaveopt
bugs		:
bogomips	: 4788.53
clflush size	: 64
cache_alignment	: 64
address sizes	: 39 bits physical, 48 bits virtual
power management:

processor	: 1
vendor_id	: GenuineIntel
cpu family	: 6
model		: 61
model name	: Intel(R) Core(TM) i7-5500U CPU @ 2.40GHz
stepping	: 4
microcode	: 0x22
cpu MHz		: 2451.187
cache size	: 4096 KB
physical id	: 0
siblings	: 4
core id		: 1
cpu cores	: 2
apicid		: 2
initial apicid	: 2
fpu		: yes
fpu_exception	: yes
cpuid level	: 20
wp		: yes
flags		: fpu vme de pse tsc msr pae mce cx8 apic sep mtrr pge mca cmov pat pse36 clflush dts acpi mmx fxsr sse sse2 ss ht tm pbe syscall nx pdpe1gb rdtscp lm constant_tsc arch_perfmon pebs bts rep_good nopl xtopology nonstop_tsc aperfmperf eagerfpu pni pclmulqdq dtes64 monitor ds_cpl vmx est tm2 ssse3 sdbg fma cx16 xtpr pdcm pcid sse4_1 sse4_2 x2apic movbe popcnt tsc_deadline_timer aes xsave avx f16c rdrand lahf_lm abm 3dnowprefetch ida arat epb pln pts dtherm intel_pt tpr_shadow vnmi flexpriority ept vpid fsgsbase tsc_adjust bmi1 avx2 smep bmi2 erms invpcid rdseed adx smap xsaveopt
bugs		:
bogomips	: 4788.53
clflush size	: 64
cache_alignment	: 64
address sizes	: 39 bits physical, 48 bits virtual
power management:

processor	: 2
vendor_id	: GenuineIntel
cpu family	: 6
model		: 61
model name	: Intel(R) Core(TM) i7-5500U CPU @ 2.40GHz
stepping	: 4
microcode	: 0x22
cpu MHz		: 999.937
cache size	: 4096 KB
physical id	: 0
siblings	: 4
core id		: 0
cpu cores	: 2
apicid		: 1
initial apicid	: 1
fpu		: yes
fpu_exception	: yes
cpuid level	: 20
wp		: yes
flags		: fpu vme de pse tsc msr pae mce cx8 apic sep mtrr pge mca cmov pat pse36 clflush dts acpi mmx fxsr sse sse2 ss ht tm pbe syscall nx pdpe1gb rdtscp lm constant_tsc arch_perfmon pebs bts rep_good nopl xtopology nonstop_tsc aperfmperf eagerfpu pni pclmulqdq dtes64 monitor ds_cpl vmx est tm2 ssse3 sdbg fma cx16 xtpr pdcm pcid sse4_1 sse4_2 x2apic movbe popcnt tsc_deadline_timer aes xsave avx f16c rdrand lahf_lm abm 3dnowprefetch ida arat epb pln pts dtherm intel_pt tpr_shadow vnmi flexpriority ept vpid fsgsbase tsc_adjust bmi1 avx2 smep bmi2 erms invpcid rdseed adx smap xsaveopt
bugs		:
bogomips	: 4788.53
clflush size	: 64
cache_alignment	: 64
address sizes	: 39 bits physical, 48 bits virtual
power management:

processor	: 3
vendor_id	: GenuineIntel
cpu family	: 6
model		: 61
model name	: Intel(R) Core(TM) i7-5500U CPU @ 2.40GHz
stepping	: 4
microcode	: 0x22
cpu MHz		: 2402.531
cache size	: 4096 KB
physical id	: 0
siblings	: 4
core id		: 1
cpu cores	: 2
apicid		: 3
initial apicid	: 3
fpu		: yes
fpu_exception	: yes
cpuid level	: 20
wp		: yes
flags		: fpu vme de pse tsc msr pae mce cx8 apic sep mtrr pge mca cmov pat pse36 clflush dts acpi mmx fxsr sse sse2 ss ht tm pbe syscall nx pdpe1gb rdtscp lm constant_tsc arch_perfmon pebs bts rep_good nopl xtopology nonstop_tsc aperfmperf eagerfpu pni pclmulqdq dtes64 monitor ds_cpl vmx est tm2 ssse3 sdbg fma cx16 xtpr pdcm pcid sse4_1 sse4_2 x2apic movbe popcnt tsc_deadline_timer aes xsave avx f16c rdrand lahf_lm abm 3dnowprefetch ida arat epb pln pts dtherm intel_pt tpr_shadow vnmi flexpriority ept vpid fsgsbase tsc_adjust bmi1 avx2 smep bmi2 erms invpcid rdseed adx smap xsaveopt
bugs		:
bogomips	: 4788.53
clflush size	: 64
cache_alignment	: 64
address sizes	: 39 bits physical, 48 bits virtual
power management:



Memory: 4k page, physical 8088044k(1636956k free), swap 8126460k(8126460k free)

vm_info: Java HotSpot(TM) 64-Bit Server VM (24.79-b02) for linux-amd64 JRE (1.7.0_79-b15), built on Apr 10 2015 11:34:48 by "java_re" with gcc 4.3.0 20080428 (Red Hat 4.3.0-8)

time: Thu Oct  6 11:00:33 2016
elapsed time: 7889 seconds

