#
# A fatal error has been detected by the Java Runtime Environment:
#
#  SIGBUS (0x7) at pc=0x00007f65b197e982, pid=3636, tid=140074137708288
#
# JRE version: Java(TM) SE Runtime Environment (7.0_79-b15) (build 1.7.0_79-b15)
# Java VM: Java HotSpot(TM) 64-Bit Server VM (24.79-b02 mixed mode linux-amd64 compressed oops)
# Problematic frame:
# C  [libzip.so+0x4982]  newEntry+0x62
#
# Failed to write core dump. Core dumps have been disabled. To enable core dumping, try "ulimit -c unlimited" before starting Java again
#
# If you would like to submit a bug report, please visit:
#   http://bugreport.java.com/bugreport/crash.jsp
# The crash happened outside the Java Virtual Machine in native code.
# See problematic frame for where to report the bug.
#

---------------  T H R E A D  ---------------

Current thread (0x00007f65ac5a1000):  JavaThread "AWT-EventQueue-0" [_thread_in_native, id=3689, stack(0x00007f658d286000,0x00007f658d387000)]

siginfo:si_signo=SIGBUS: si_errno=0, si_code=2 (BUS_ADRERR), si_addr=0x00007f65b4170a78

Registers:
RAX=0x00007f655801ba60, RBX=0x00007f65ac16d7e0, RCX=0x00007f655801ba60, RDX=0x00007f655801ba60
RSP=0x00007f658d37f120, RBP=0x00007f658d37f170, RSI=0x0000000000000003, RDI=0x0000000000000000
R8 =0x00000000000000a0, R9 =0x000000000000001f, R10=0x00007f65a9012d6c, R11=0x00007f65b2fa0ac0
R12=0x00007f65b4170a5b, R13=0x00007f655801ba60, R14=0x000000006ed42765, R15=0x00007f65ac16d1e0
RIP=0x00007f65b197e982, EFLAGS=0x0000000000010202, CSGSFS=0x0000000000000033, ERR=0x0000000000000004
  TRAPNO=0x000000000000000e

Top of Stack: (sp=0x00007f658d37f120)
0x00007f658d37f120:   000000077f600c90 00007f6500000000
0x00007f658d37f130:   00007f658d37f1b0 00007f65b2ecd38c
0x00007f658d37f140:   00007f655801ba60 00007f65ac16d7e0
0x00007f658d37f150:   00007f65ac16d1e0 00007f65ac598f30
0x00007f658d37f160:   000000006ed42765 00007f658d37f1d0
0x00007f658d37f170:   00007f658d37f1b0 00007f65b197f0b0
0x00007f658d37f180:   0000001f8d37f1b0 00007f658d37f1d0
0x00007f658d37f190:   000000000000001f 00007f65ac5a11e8
0x00007f658d37f1a0:   00007f658d37f1d0 00007f658d37f6a8
0x00007f658d37f1b0:   00007f658d37f610 00007f65b197deed
0x00007f658d37f1c0:   0100009300000000 00007f65ac16d1e0
0x00007f658d37f1d0:   617261622f67726f 422f6564692f617a
0x00007f658d37f1e0:   65776569566c6d78 007373616c632e72
0x00007f658d37f1f0:   0000000000000007 0000000000000000
0x00007f658d37f200:   00007f658d37f830 00007f65b36f0ce0
0x00007f658d37f210:   00007f658d37f9a0 00007f65b35d45a0
0x00007f658d37f220:   0000000000000000 00007f65b35e06ce
0x00007f658d37f230:   00007f658d37f830 00007f658d37f820
0x00007f658d37f240:   0000000000000000 00007f65b30d9b61
0x00007f658d37f250:   00007f658d37f9a0 00007f65b35b1f8b
0x00007f658d37f260:   00000093806aabf0 00007f658d37f7e8
0x00007f658d37f270:   0000009300000000 0000000000000000
0x00007f658d37f280:   0000009300000000 0000000000000000
0x00007f658d37f290:   00000000806a57f8 0000000000000000
0x00007f658d37f2a0:   00007f6500000000 0000009300000000
0x00007f658d37f2b0:   0000000000000000 0000000000000501
0x00007f658d37f2c0:   00007f208d37f368 0000009300000000
0x00007f658d37f2d0:   0000009300000000 0000009300000000
0x00007f658d37f2e0:   00007f650000000a 0000000000000020
0x00007f658d37f2f0:   00007f658d37f7e4 0000000000000004
0x00007f658d37f300:   00007f6500000000 0000000000000064
0x00007f658d37f310:   0000000000000000 00007f65b30dfd35 

Instructions: (pc=0x00007f65b197e982)
0x00007f65b197e962:   00 48 c7 40 28 00 00 00 00 41 80 7f 30 00 0f 84
0x00007f65b197e972:   8a 02 00 00 4c 8b 63 08 4d 2b 67 28 4d 03 67 18
0x00007f65b197e982:   41 0f b6 5c 24 1d 41 0f b6 44 24 1c c1 e3 08 09
0x00007f65b197e992:   c3 41 0f b6 44 24 1e 88 45 bd 41 0f b6 54 24 20 

Register to memory mapping:

RAX=0x00007f655801ba60 is an unknown value
RBX=0x00007f65ac16d7e0 is an unknown value
RCX=0x00007f655801ba60 is an unknown value
RDX=0x00007f655801ba60 is an unknown value
RSP=0x00007f658d37f120 is pointing into the stack for thread: 0x00007f65ac5a1000
RBP=0x00007f658d37f170 is pointing into the stack for thread: 0x00007f65ac5a1000
RSI=0x0000000000000003 is an unknown value
RDI=0x0000000000000000 is an unknown value
R8 =0x00000000000000a0 is an unknown value
R9 =0x000000000000001f is an unknown value
R10=0x00007f65a9012d6c is at code_begin+620 in an Interpreter codelet
method entry point (kind = native)  [0x00007f65a9012b00, 0x00007f65a9013360]  2144 bytes
R11=0x00007f65b2fa0ac0: <offset 0x8b5ac0> in /opt/jdk1.7.0_79/jre/lib/amd64/server/libjvm.so at 0x00007f65b26eb000
R12=0x00007f65b4170a5b is an unknown value
R13=0x00007f655801ba60 is an unknown value
R14=0x000000006ed42765 is an unknown value
R15=0x00007f65ac16d1e0 is an unknown value


Stack: [0x00007f658d286000,0x00007f658d387000],  sp=0x00007f658d37f120,  free space=996k
Native frames: (J=compiled Java code, j=interpreted, Vv=VM code, C=native code)
C  [libzip.so+0x4982]  newEntry+0x62
C  [libzip.so+0x50b0]  ZIP_GetEntry+0xd0
C  [libzip.so+0x3eed]  Java_java_util_zip_ZipFile_getEntry+0xad
j  java.util.zip.ZipFile.getEntry(J[BZ)J+0
j  java.util.zip.ZipFile.getEntry(Ljava/lang/String;)Ljava/util/zip/ZipEntry;+38
j  java.util.jar.JarFile.getEntry(Ljava/lang/String;)Ljava/util/zip/ZipEntry;+2
j  java.util.jar.JarFile.getJarEntry(Ljava/lang/String;)Ljava/util/jar/JarEntry;+2
j  sun.misc.URLClassPath$JarLoader.getResource(Ljava/lang/String;Z)Lsun/misc/Resource;+48
j  sun.misc.URLClassPath.getResource(Ljava/lang/String;Z)Lsun/misc/Resource;+53
j  java.net.URLClassLoader$1.run()Ljava/lang/Class;+26
j  java.net.URLClassLoader$1.run()Ljava/lang/Object;+1
v  ~StubRoutines::call_stub
V  [libjvm.so+0x600e95]  JavaCalls::call_helper(JavaValue*, methodHandle*, JavaCallArguments*, Thread*)+0x365
V  [libjvm.so+0x5ff8f8]  JavaCalls::call(JavaValue*, methodHandle, JavaCallArguments*, Thread*)+0x28
V  [libjvm.so+0x685f84]  JVM_DoPrivileged+0x2a4
j  java.security.AccessController.doPrivileged(Ljava/security/PrivilegedExceptionAction;Ljava/security/AccessControlContext;)Ljava/lang/Object;+0
j  java.net.URLClassLoader.findClass(Ljava/lang/String;)Ljava/lang/Class;+13
j  java.lang.ClassLoader.loadClass(Ljava/lang/String;Z)Ljava/lang/Class;+70
j  sun.misc.Launcher$AppClassLoader.loadClass(Ljava/lang/String;Z)Ljava/lang/Class;+36
j  java.lang.ClassLoader.loadClass(Ljava/lang/String;)Ljava/lang/Class;+3
v  ~StubRoutines::call_stub
V  [libjvm.so+0x600e95]  JavaCalls::call_helper(JavaValue*, methodHandle*, JavaCallArguments*, Thread*)+0x365
V  [libjvm.so+0x5ff8f8]  JavaCalls::call(JavaValue*, methodHandle, JavaCallArguments*, Thread*)+0x28
V  [libjvm.so+0x5ffbc7]  JavaCalls::call_virtual(JavaValue*, KlassHandle, Symbol*, Symbol*, JavaCallArguments*, Thread*)+0x197
V  [libjvm.so+0x5ffc96]  JavaCalls::call_virtual(JavaValue*, Handle, KlassHandle, Symbol*, Symbol*, Handle, Thread*)+0x56
V  [libjvm.so+0x9255b9]  SystemDictionary::load_instance_class(Symbol*, Handle, Thread*)+0x419
V  [libjvm.so+0x925d61]  SystemDictionary::resolve_instance_class_or_null(Symbol*, Handle, Handle, Thread*)+0x791
V  [libjvm.so+0x9261c4]  SystemDictionary::resolve_or_null(Symbol*, Handle, Handle, Thread*)+0x54
V  [libjvm.so+0x9272a4]  SystemDictionary::resolve_or_fail(Symbol*, Handle, Handle, bool, Thread*)+0x34
V  [libjvm.so+0x985d66]  VerificationType::is_reference_assignable_from(VerificationType const&, ClassVerifier*, Thread*) const+0x1e6
V  [libjvm.so+0x997273]  StackMapFrame::pop_stack(VerificationType, Thread*)+0x193
V  [libjvm.so+0x98e2d5]  ClassVerifier::verify_invoke_instructions(RawBytecodeStream*, unsigned int, StackMapFrame*, bool, bool*, VerificationType, constantPoolHandle, StackMapTable*, Thread*)+0x585
V  [libjvm.so+0x9903f0]  ClassVerifier::verify_method(methodHandle, Thread*)+0x1340
V  [libjvm.so+0x99582d]  ClassVerifier::verify_class(Thread*)+0x15d
V  [libjvm.so+0x995cec]  Verifier::verify(instanceKlassHandle, Verifier::Mode, bool, Thread*)+0x36c
V  [libjvm.so+0x5bde4d]  instanceKlass::link_class_impl(instanceKlassHandle, bool, Thread*)+0x4fd
V  [libjvm.so+0x5c3e18]  instanceKlass::initialize_impl(instanceKlassHandle, Thread*)+0x88
V  [libjvm.so+0x5c441a]  instanceKlass::initialize(Thread*)+0x6a
V  [libjvm.so+0x5f8f03]  InterpreterRuntime::_new(JavaThread*, constantPoolOopDesc*, int)+0x153
j  org.baraza.ide.BIDE.valueChanged(Ljavax/swing/event/TreeSelectionEvent;)V+38
j  javax.swing.JTree.fireValueChanged(Ljavax/swing/event/TreeSelectionEvent;)V+35
j  javax.swing.JTree$TreeSelectionRedirector.valueChanged(Ljavax/swing/event/TreeSelectionEvent;)V+17
j  javax.swing.tree.DefaultTreeSelectionModel.fireValueChanged(Ljavax/swing/event/TreeSelectionEvent;)V+35
j  javax.swing.tree.DefaultTreeSelectionModel.notifyPathChange(Ljava/util/Vector;Ljavax/swing/tree/TreePath;)V+84
j  javax.swing.tree.DefaultTreeSelectionModel.setSelectionPaths([Ljavax/swing/tree/TreePath;)V+387
j  javax.swing.tree.DefaultTreeSelectionModel.setSelectionPath(Ljavax/swing/tree/TreePath;)V+23
j  javax.swing.JTree.setSelectionPath(Ljavax/swing/tree/TreePath;)V+5
j  javax.swing.plaf.basic.BasicTreeUI.selectPathForEvent(Ljavax/swing/tree/TreePath;Ljava/awt/event/MouseEvent;)V+266
j  javax.swing.plaf.basic.BasicTreeUI$Handler.handleSelection(Ljava/awt/event/MouseEvent;)V+136
j  javax.swing.plaf.basic.BasicTreeUI$Handler.mousePressed(Ljava/awt/event/MouseEvent;)V+129
j  java.awt.AWTEventMulticaster.mousePressed(Ljava/awt/event/MouseEvent;)V+8
j  java.awt.Component.processMouseEvent(Ljava/awt/event/MouseEvent;)V+54
j  javax.swing.JComponent.processMouseEvent(Ljava/awt/event/MouseEvent;)V+23
j  java.awt.Component.processEvent(Ljava/awt/AWTEvent;)V+81
j  java.awt.Container.processEvent(Ljava/awt/AWTEvent;)V+18
j  java.awt.Component.dispatchEventImpl(Ljava/awt/AWTEvent;)V+581
j  java.awt.Container.dispatchEventImpl(Ljava/awt/AWTEvent;)V+42
j  java.awt.Component.dispatchEvent(Ljava/awt/AWTEvent;)V+2
j  java.awt.LightweightDispatcher.retargetMouseEvent(Ljava/awt/Component;ILjava/awt/event/MouseEvent;)V+327
j  java.awt.LightweightDispatcher.processMouseEvent(Ljava/awt/event/MouseEvent;)Z+126
j  java.awt.LightweightDispatcher.dispatchEvent(Ljava/awt/AWTEvent;)Z+50
j  java.awt.Container.dispatchEventImpl(Ljava/awt/AWTEvent;)V+12
j  java.awt.Window.dispatchEventImpl(Ljava/awt/AWTEvent;)V+19
j  java.awt.Component.dispatchEvent(Ljava/awt/AWTEvent;)V+2
j  java.awt.EventQueue.dispatchEventImpl(Ljava/awt/AWTEvent;Ljava/lang/Object;)V+41
j  java.awt.EventQueue.access$300(Ljava/awt/EventQueue;Ljava/awt/AWTEvent;Ljava/lang/Object;)V+3
j  java.awt.EventQueue$3.run()Ljava/lang/Void;+12
j  java.awt.EventQueue$3.run()Ljava/lang/Object;+1
v  ~StubRoutines::call_stub
V  [libjvm.so+0x600e95]  JavaCalls::call_helper(JavaValue*, methodHandle*, JavaCallArguments*, Thread*)+0x365
V  [libjvm.so+0x5ff8f8]  JavaCalls::call(JavaValue*, methodHandle, JavaCallArguments*, Thread*)+0x28
V  [libjvm.so+0x685f84]  JVM_DoPrivileged+0x2a4
j  java.security.AccessController.doPrivileged(Ljava/security/PrivilegedAction;Ljava/security/AccessControlContext;)Ljava/lang/Object;+0
j  java.security.ProtectionDomain$1.doIntersectionPrivilege(Ljava/security/PrivilegedAction;Ljava/security/AccessControlContext;Ljava/security/AccessControlContext;)Ljava/lang/Object;+28
j  java.security.ProtectionDomain$1.doIntersectionPrivilege(Ljava/security/PrivilegedAction;Ljava/security/AccessControlContext;)Ljava/lang/Object;+6
j  java.awt.EventQueue$4.run()Ljava/lang/Void;+11
j  java.awt.EventQueue$4.run()Ljava/lang/Object;+1
v  ~StubRoutines::call_stub
V  [libjvm.so+0x600e95]  JavaCalls::call_helper(JavaValue*, methodHandle*, JavaCallArguments*, Thread*)+0x365
V  [libjvm.so+0x5ff8f8]  JavaCalls::call(JavaValue*, methodHandle, JavaCallArguments*, Thread*)+0x28
V  [libjvm.so+0x685f84]  JVM_DoPrivileged+0x2a4
j  java.security.AccessController.doPrivileged(Ljava/security/PrivilegedAction;Ljava/security/AccessControlContext;)Ljava/lang/Object;+0
j  java.security.ProtectionDomain$1.doIntersectionPrivilege(Ljava/security/PrivilegedAction;Ljava/security/AccessControlContext;Ljava/security/AccessControlContext;)Ljava/lang/Object;+28
j  java.awt.EventQueue.dispatchEvent(Ljava/awt/AWTEvent;)V+73
j  java.awt.EventDispatchThread.pumpOneEventForFilters(I)V+245
j  java.awt.EventDispatchThread.pumpEventsForFilter(ILjava/awt/Conditional;Ljava/awt/EventFilter;)V+35
j  java.awt.EventDispatchThread.pumpEventsForHierarchy(ILjava/awt/Conditional;Ljava/awt/Component;)V+11
j  java.awt.EventDispatchThread.pumpEvents(ILjava/awt/Conditional;)V+4
j  java.awt.EventDispatchThread.pumpEvents(Ljava/awt/Conditional;)V+3
j  java.awt.EventDispatchThread.run()V+9
v  ~StubRoutines::call_stub
V  [libjvm.so+0x600e95]  JavaCalls::call_helper(JavaValue*, methodHandle*, JavaCallArguments*, Thread*)+0x365
V  [libjvm.so+0x5ff8f8]  JavaCalls::call(JavaValue*, methodHandle, JavaCallArguments*, Thread*)+0x28
V  [libjvm.so+0x5ffbc7]  JavaCalls::call_virtual(JavaValue*, KlassHandle, Symbol*, Symbol*, JavaCallArguments*, Thread*)+0x197
V  [libjvm.so+0x5ffce7]  JavaCalls::call_virtual(JavaValue*, Handle, KlassHandle, Symbol*, Symbol*, Thread*)+0x47
V  [libjvm.so+0x67e805]  thread_entry(JavaThread*, Thread*)+0xe5
V  [libjvm.so+0x95c11f]  JavaThread::thread_main_inner()+0xdf
V  [libjvm.so+0x95c225]  JavaThread::run()+0xf5
V  [libjvm.so+0x821ca8]  java_start(Thread*)+0x108

Java frames: (J=compiled Java code, j=interpreted, Vv=VM code)
j  java.util.zip.ZipFile.getEntry(J[BZ)J+0
j  java.util.zip.ZipFile.getEntry(Ljava/lang/String;)Ljava/util/zip/ZipEntry;+38
j  java.util.jar.JarFile.getEntry(Ljava/lang/String;)Ljava/util/zip/ZipEntry;+2
j  java.util.jar.JarFile.getJarEntry(Ljava/lang/String;)Ljava/util/jar/JarEntry;+2
j  sun.misc.URLClassPath$JarLoader.getResource(Ljava/lang/String;Z)Lsun/misc/Resource;+48
j  sun.misc.URLClassPath.getResource(Ljava/lang/String;Z)Lsun/misc/Resource;+53
j  java.net.URLClassLoader$1.run()Ljava/lang/Class;+26
j  java.net.URLClassLoader$1.run()Ljava/lang/Object;+1
v  ~StubRoutines::call_stub
j  java.security.AccessController.doPrivileged(Ljava/security/PrivilegedExceptionAction;Ljava/security/AccessControlContext;)Ljava/lang/Object;+0
j  java.net.URLClassLoader.findClass(Ljava/lang/String;)Ljava/lang/Class;+13
j  java.lang.ClassLoader.loadClass(Ljava/lang/String;Z)Ljava/lang/Class;+70
j  sun.misc.Launcher$AppClassLoader.loadClass(Ljava/lang/String;Z)Ljava/lang/Class;+36
j  java.lang.ClassLoader.loadClass(Ljava/lang/String;)Ljava/lang/Class;+3
v  ~StubRoutines::call_stub
j  org.baraza.ide.BIDE.valueChanged(Ljavax/swing/event/TreeSelectionEvent;)V+38
j  javax.swing.JTree.fireValueChanged(Ljavax/swing/event/TreeSelectionEvent;)V+35
j  javax.swing.JTree$TreeSelectionRedirector.valueChanged(Ljavax/swing/event/TreeSelectionEvent;)V+17
j  javax.swing.tree.DefaultTreeSelectionModel.fireValueChanged(Ljavax/swing/event/TreeSelectionEvent;)V+35
j  javax.swing.tree.DefaultTreeSelectionModel.notifyPathChange(Ljava/util/Vector;Ljavax/swing/tree/TreePath;)V+84
j  javax.swing.tree.DefaultTreeSelectionModel.setSelectionPaths([Ljavax/swing/tree/TreePath;)V+387
j  javax.swing.tree.DefaultTreeSelectionModel.setSelectionPath(Ljavax/swing/tree/TreePath;)V+23
j  javax.swing.JTree.setSelectionPath(Ljavax/swing/tree/TreePath;)V+5
j  javax.swing.plaf.basic.BasicTreeUI.selectPathForEvent(Ljavax/swing/tree/TreePath;Ljava/awt/event/MouseEvent;)V+266
j  javax.swing.plaf.basic.BasicTreeUI$Handler.handleSelection(Ljava/awt/event/MouseEvent;)V+136
j  javax.swing.plaf.basic.BasicTreeUI$Handler.mousePressed(Ljava/awt/event/MouseEvent;)V+129
j  java.awt.AWTEventMulticaster.mousePressed(Ljava/awt/event/MouseEvent;)V+8
j  java.awt.Component.processMouseEvent(Ljava/awt/event/MouseEvent;)V+54
j  javax.swing.JComponent.processMouseEvent(Ljava/awt/event/MouseEvent;)V+23
j  java.awt.Component.processEvent(Ljava/awt/AWTEvent;)V+81
j  java.awt.Container.processEvent(Ljava/awt/AWTEvent;)V+18
j  java.awt.Component.dispatchEventImpl(Ljava/awt/AWTEvent;)V+581
j  java.awt.Container.dispatchEventImpl(Ljava/awt/AWTEvent;)V+42
j  java.awt.Component.dispatchEvent(Ljava/awt/AWTEvent;)V+2
j  java.awt.LightweightDispatcher.retargetMouseEvent(Ljava/awt/Component;ILjava/awt/event/MouseEvent;)V+327
j  java.awt.LightweightDispatcher.processMouseEvent(Ljava/awt/event/MouseEvent;)Z+126
j  java.awt.LightweightDispatcher.dispatchEvent(Ljava/awt/AWTEvent;)Z+50
j  java.awt.Container.dispatchEventImpl(Ljava/awt/AWTEvent;)V+12
j  java.awt.Window.dispatchEventImpl(Ljava/awt/AWTEvent;)V+19
j  java.awt.Component.dispatchEvent(Ljava/awt/AWTEvent;)V+2
j  java.awt.EventQueue.dispatchEventImpl(Ljava/awt/AWTEvent;Ljava/lang/Object;)V+41
j  java.awt.EventQueue.access$300(Ljava/awt/EventQueue;Ljava/awt/AWTEvent;Ljava/lang/Object;)V+3
j  java.awt.EventQueue$3.run()Ljava/lang/Void;+12
j  java.awt.EventQueue$3.run()Ljava/lang/Object;+1
v  ~StubRoutines::call_stub
j  java.security.AccessController.doPrivileged(Ljava/security/PrivilegedAction;Ljava/security/AccessControlContext;)Ljava/lang/Object;+0
j  java.security.ProtectionDomain$1.doIntersectionPrivilege(Ljava/security/PrivilegedAction;Ljava/security/AccessControlContext;Ljava/security/AccessControlContext;)Ljava/lang/Object;+28
j  java.security.ProtectionDomain$1.doIntersectionPrivilege(Ljava/security/PrivilegedAction;Ljava/security/AccessControlContext;)Ljava/lang/Object;+6
j  java.awt.EventQueue$4.run()Ljava/lang/Void;+11
j  java.awt.EventQueue$4.run()Ljava/lang/Object;+1
v  ~StubRoutines::call_stub
j  java.security.AccessController.doPrivileged(Ljava/security/PrivilegedAction;Ljava/security/AccessControlContext;)Ljava/lang/Object;+0
j  java.security.ProtectionDomain$1.doIntersectionPrivilege(Ljava/security/PrivilegedAction;Ljava/security/AccessControlContext;Ljava/security/AccessControlContext;)Ljava/lang/Object;+28
j  java.awt.EventQueue.dispatchEvent(Ljava/awt/AWTEvent;)V+73
j  java.awt.EventDispatchThread.pumpOneEventForFilters(I)V+245
j  java.awt.EventDispatchThread.pumpEventsForFilter(ILjava/awt/Conditional;Ljava/awt/EventFilter;)V+35
j  java.awt.EventDispatchThread.pumpEventsForHierarchy(ILjava/awt/Conditional;Ljava/awt/Component;)V+11
j  java.awt.EventDispatchThread.pumpEvents(ILjava/awt/Conditional;)V+4
j  java.awt.EventDispatchThread.pumpEvents(Ljava/awt/Conditional;)V+3
j  java.awt.EventDispatchThread.run()V+9
v  ~StubRoutines::call_stub

---------------  P R O C E S S  ---------------

Java Threads: ( => current thread )
  0x00007f65ac008800 JavaThread "DestroyJavaVM" [_thread_blocked, id=3637, stack(0x00007f65b4056000,0x00007f65b4157000)]
=>0x00007f65ac5a1000 JavaThread "AWT-EventQueue-0" [_thread_in_native, id=3689, stack(0x00007f658d286000,0x00007f658d387000)]
  0x00007f65ac5a0000 JavaThread "AWT-Shutdown" [_thread_blocked, id=3688, stack(0x00007f658d387000,0x00007f658d488000)]
  0x00007f65ac281000 JavaThread "AWT-XAWT" daemon [_thread_in_native, id=3652, stack(0x00007f658e2db000,0x00007f658e3dc000)]
  0x00007f65ac260000 JavaThread "Java2D Disposer" daemon [_thread_blocked, id=3651, stack(0x00007f658e7ed000,0x00007f658e8ee000)]
  0x00007f65ac216000 JavaThread "TimerQueue" daemon [_thread_blocked, id=3650, stack(0x00007f658e8ee000,0x00007f658e9ef000)]
  0x00007f65ac15e800 JavaThread "Service Thread" daemon [_thread_blocked, id=3648, stack(0x00007f65a80f1000,0x00007f65a81f2000)]
  0x00007f65ac15c800 JavaThread "C2 CompilerThread1" daemon [_thread_blocked, id=3647, stack(0x00007f65a81f2000,0x00007f65a82f3000)]
  0x00007f65ac159800 JavaThread "C2 CompilerThread0" daemon [_thread_blocked, id=3646, stack(0x00007f65a82f3000,0x00007f65a83f4000)]
  0x00007f65ac157000 JavaThread "Signal Dispatcher" daemon [_thread_blocked, id=3645, stack(0x00007f65a83f4000,0x00007f65a84f5000)]
  0x00007f65ac136000 JavaThread "Finalizer" daemon [_thread_blocked, id=3644, stack(0x00007f65a84f5000,0x00007f65a85f6000)]
  0x00007f65ac134000 JavaThread "Reference Handler" daemon [_thread_blocked, id=3643, stack(0x00007f65a85f6000,0x00007f65a86f7000)]

Other Threads:
  0x00007f65ac12f800 VMThread [stack: 0x00007f65a86f7000,0x00007f65a87f8000] [id=3642]
  0x00007f65ac169800 WatcherThread [stack: 0x00007f658feaf000,0x00007f658ffb0000] [id=3649]

VM state:not at safepoint (normal execution)

VM Mutex/Monitor currently owned by a thread: None

Heap
 PSYoungGen      total 37376K, used 32095K [0x00000007d6d00000, 0x00000007d9680000, 0x0000000800000000)
  eden space 32256K, 99% used [0x00000007d6d00000,0x00000007d8c57fc8,0x00000007d8c80000)
  from space 5120K, 0% used [0x00000007d9180000,0x00000007d9180000,0x00000007d9680000)
  to   space 5120K, 0% used [0x00000007d8c80000,0x00000007d8c80000,0x00000007d9180000)
 ParOldGen       total 83968K, used 0K [0x0000000784800000, 0x0000000789a00000, 0x00000007d6d00000)
  object space 83968K, 0% used [0x0000000784800000,0x0000000784800000,0x0000000789a00000)
 PSPermGen       total 21504K, used 17085K [0x000000077f600000, 0x0000000780b00000, 0x0000000784800000)
  object space 21504K, 79% used [0x000000077f600000,0x00000007806af740,0x0000000780b00000)

Card table byte_map: [0x00007f65b1574000,0x00007f65b197a000] byte_map_base: 0x00007f65ad979000

Polling page: 0x00007f65b417c000

Code Cache  [0x00007f65a9000000, 0x00007f65a9270000, 0x00007f65ac000000)
 total_blobs=704 nmethods=190 adapters=467 free_code_cache=48271Kb largest_free_block=49402432

Compilation events (10 events):
Event: 2911.855 Thread 0x00007f65ac159800  189             java.awt.Component$1::isDisplayable (13 bytes)
Event: 2911.855 Thread 0x00007f65ac15c800  188             java.awt.Component$1::isVisible (5 bytes)
Event: 2911.856 Thread 0x00007f65ac15c800 nmethod 188 0x00007f65a90dfc90 code [0x00007f65a90dfdc0, 0x00007f65a90dfe38]
Event: 2911.856 Thread 0x00007f65ac159800 nmethod 189 0x00007f65a90da550 code [0x00007f65a90da6a0, 0x00007f65a90da738]
Event: 2911.856 Thread 0x00007f65ac15c800  190             java.awt.Component$1::isLightweight (8 bytes)
Event: 2911.856 Thread 0x00007f65ac15c800 nmethod 190 0x00007f65a90dba10 code [0x00007f65a90dbb60, 0x00007f65a90dbc38]
Event: 2911.863 Thread 0x00007f65ac15c800  192             sun.awt.SunToolkit::getHeavyweightComponent (31 bytes)
Event: 2911.863 Thread 0x00007f65ac159800  191             sun.awt.X11.XGlobalCursorManager::getCapableCursor (138 bytes)
Event: 2911.865 Thread 0x00007f65ac15c800 nmethod 192 0x00007f65a90db690 code [0x00007f65a90db7e0, 0x00007f65a90db8f8]
Event: 2911.867 Thread 0x00007f65ac159800 nmethod 191 0x00007f65a90dae90 code [0x00007f65a90db020, 0x00007f65a90db338]

GC Heap History (0 events):
No events

Deoptimization events (10 events):
Event: 3.449 Thread 0x00007f65ac008800 Uncommon trap: reason=class_check action=maybe_recompile pc=0x00007f65a90aca8c method=java.util.HashMap.put(Ljava/lang/Object;Ljava/lang/Object;)Ljava/lang/Object; @ 105
Event: 3.450 Thread 0x00007f65ac008800 Uncommon trap: reason=class_check action=maybe_recompile pc=0x00007f65a90aca8c method=java.util.HashMap.put(Ljava/lang/Object;Ljava/lang/Object;)Ljava/lang/Object; @ 105
Event: 3.450 Thread 0x00007f65ac008800 Uncommon trap: reason=class_check action=maybe_recompile pc=0x00007f65a90aca8c method=java.util.HashMap.put(Ljava/lang/Object;Ljava/lang/Object;)Ljava/lang/Object; @ 105
Event: 3.450 Thread 0x00007f65ac008800 Uncommon trap: reason=class_check action=maybe_recompile pc=0x00007f65a90aca8c method=java.util.HashMap.put(Ljava/lang/Object;Ljava/lang/Object;)Ljava/lang/Object; @ 105
Event: 4.046 Thread 0x00007f65ac008800 Uncommon trap: reason=unreached action=reinterpret pc=0x00007f65a90a74a8 method=java.lang.AbstractStringBuilder.append(Ljava/lang/String;)Ljava/lang/AbstractStringBuilder; @ 1
Event: 4.046 Thread 0x00007f65ac008800 Uncommon trap: reason=unreached action=reinterpret pc=0x00007f65a90a642c method=java.lang.AbstractStringBuilder.append(Ljava/lang/String;)Ljava/lang/AbstractStringBuilder; @ 1
Event: 4.583 Thread 0x00007f65ac281000 Uncommon trap: reason=unreached action=reinterpret pc=0x00007f65a90956ec method=java.lang.ThreadLocal.get()Ljava/lang/Object; @ 11
Event: 4.755 Thread 0x00007f65ac281000 Uncommon trap: reason=null_check action=make_not_entrant pc=0x00007f65a90bf9b4 method=java.lang.StringCoding.deref(Ljava/lang/ThreadLocal;)Ljava/lang/Object; @ 4
Event: 4.760 Thread 0x00007f65ac5a1000 Uncommon trap: reason=unreached action=reinterpret pc=0x00007f65a9092a40 method=java.lang.ThreadLocal.get()Ljava/lang/Object; @ 11
Event: 2910.294 Thread 0x00007f65ac5a1000 Uncommon trap: reason=unreached action=reinterpret pc=0x00007f65a90d81fc method=javax.swing.plaf.nimbus.NimbusStyle.getExtendedState(Ljavax/swing/plaf/synth/SynthContext;Ljavax/swing/plaf/nimbus/NimbusStyle$Values;)I @ 172

Internal exceptions (10 events):
Event: 3.288 Thread 0x00007f65ac008800 Threw 0x00000007d7f74e40 at /HUDSON/workspace/7u-2-build-linux-amd64/jdk7u79/2331/hotspot/src/share/vm/prims/jvm.cpp:1304
Event: 3.371 Thread 0x00007f65ac008800 Threw 0x00000007d7f96c00 at /HUDSON/workspace/7u-2-build-linux-amd64/jdk7u79/2331/hotspot/src/share/vm/prims/jvm.cpp:1304
Event: 3.586 Thread 0x00007f65ac008800 Threw 0x00000007d81966a8 at /HUDSON/workspace/7u-2-build-linux-amd64/jdk7u79/2331/hotspot/src/share/vm/prims/jvm.cpp:1304
Event: 4.046 Thread 0x00007f65ac008800 Implicit null exception at 0x00007f65a90a7135 to 0x00007f65a90a7495
Event: 4.046 Thread 0x00007f65ac008800 Implicit null exception at 0x00007f65a90a60b5 to 0x00007f65a90a6419
Event: 4.583 Thread 0x00007f65ac281000 Implicit null exception at 0x00007f65a9095556 to 0x00007f65a90956d9
Event: 4.755 Thread 0x00007f65ac281000 Implicit null exception at 0x00007f65a90bed83 to 0x00007f65a90bf999
Event: 4.760 Thread 0x00007f65ac5a1000 Implicit null exception at 0x00007f65a909294f to 0x00007f65a9092a2d
Event: 5.337 Thread 0x00007f65ac5a1000 Threw 0x00000007d8954df0 at /HUDSON/workspace/7u-2-build-linux-amd64/jdk7u79/2331/hotspot/src/share/vm/prims/jni.cpp:743
Event: 2912.283 Thread 0x00007f65ac5a1000 Threw 0x00000007d8bb7658 at /HUDSON/workspace/7u-2-build-linux-amd64/jdk7u79/2331/hotspot/src/share/vm/prims/jvm.cpp:1304

Events (10 events):
Event: 2909.480 loading class 0x00007f656c11c5c0 done
Event: 2909.631 Thread 0x00007f65ac159800 flushing nmethod 0x00007f65a9065a10
Event: 2909.705 Thread 0x00007f65ac15c800 flushing nmethod 0x00007f65a908bb90
Event: 2910.294 Thread 0x00007f65ac5a1000 Uncommon trap: trap_request=0xffffffad fr.pc=0x00007f65a90d81fc
Event: 2910.294 Thread 0x00007f65ac5a1000 DEOPT PACKING pc=0x00007f65a90d81fc sp=0x00007f658d383150
Event: 2910.294 Thread 0x00007f65ac5a1000 DEOPT UNPACKING pc=0x00007f65a9039445 sp=0x00007f658d3830e0 mode 2
Event: 2912.282 loading class 0x00007f656c0dc780
Event: 2912.282 loading class 0x00007f656c0dc780 done
Event: 2912.283 loading class 0x00007f65ac5204a0
Event: 2912.283 loading class 0x00007f65ac5204a0 done


Dynamic libraries:
00400000-00401000 r-xp 00000000 fd:01 262270                             /opt/jdk1.7.0_79/bin/java
00600000-00601000 rw-p 00000000 fd:01 262270                             /opt/jdk1.7.0_79/bin/java
01a0e000-01a2f000 rw-p 00000000 00:00 0                                  [heap]
77f600000-780b00000 rw-p 00000000 00:00 0 
780b00000-784800000 rw-p 00000000 00:00 0 
784800000-789a00000 rw-p 00000000 00:00 0 
789a00000-7d6d00000 rw-p 00000000 00:00 0 
7d6d00000-7d9680000 rw-p 00000000 00:00 0 
7d9680000-800000000 rw-p 00000000 00:00 0 
7f6554000000-7f6554021000 rw-p 00000000 00:00 0 
7f6554021000-7f6558000000 ---p 00000000 00:00 0 
7f6558000000-7f655802a000 rw-p 00000000 00:00 0 
7f655802a000-7f655c000000 ---p 00000000 00:00 0 
7f655c000000-7f655c021000 rw-p 00000000 00:00 0 
7f655c021000-7f6560000000 ---p 00000000 00:00 0 
7f6560000000-7f6560024000 rw-p 00000000 00:00 0 
7f6560024000-7f6564000000 ---p 00000000 00:00 0 
7f6564000000-7f6564021000 rw-p 00000000 00:00 0 
7f6564021000-7f6568000000 ---p 00000000 00:00 0 
7f6568000000-7f6568021000 rw-p 00000000 00:00 0 
7f6568021000-7f656c000000 ---p 00000000 00:00 0 
7f656c000000-7f656c3ae000 rw-p 00000000 00:00 0 
7f656c3ae000-7f6570000000 ---p 00000000 00:00 0 
7f6570000000-7f6570021000 rw-p 00000000 00:00 0 
7f6570021000-7f6574000000 ---p 00000000 00:00 0 
7f6574000000-7f65743b1000 rw-p 00000000 00:00 0 
7f65743b1000-7f6578000000 ---p 00000000 00:00 0 
7f6579946000-7f6580000000 r--p 00000000 fd:01 1191868                    /usr/lib/locale/locale-archive
7f6580000000-7f6580021000 rw-p 00000000 00:00 0 
7f6580021000-7f6584000000 ---p 00000000 00:00 0 
7f6584000000-7f6584021000 rw-p 00000000 00:00 0 
7f6584021000-7f6588000000 ---p 00000000 00:00 0 
7f6588000000-7f6588021000 rw-p 00000000 00:00 0 
7f6588021000-7f658c000000 ---p 00000000 00:00 0 
7f658c9ef000-7f658cb5c000 rw-p 00000000 00:00 0 
7f658cb5c000-7f658cb5e000 r--s 00000000 fd:01 2643296                    /var/cache/fontconfig/87f5e051180a7a75f16eb6fe7dbd3749-le64.cache-7
7f658cb5e000-7f658cb69000 r--s 00000000 fd:01 2635124                    /var/cache/fontconfig/b79f3aaa7d385a141ab53ec885cc22a8-le64.cache-7
7f658cb69000-7f658cb73000 r--s 00000000 fd:01 2643330                    /var/cache/fontconfig/b249521c4e5422ed9b50cd8e856d652c-le64.cache-7
7f658cb73000-7f658cb97000 r--s 00000000 fd:01 2643329                    /var/cache/fontconfig/0c8c704313a61b8a850327d2059470f7-le64.cache-7
7f658cb97000-7f658cb99000 r--s 00000000 fd:01 2643328                    /var/cache/fontconfig/2e1514a9fdd499050989183bb65136db-le64.cache-7
7f658cb99000-7f658cb9b000 r--s 00000000 fd:01 2643327                    /var/cache/fontconfig/3f821257dd33660ba7bbb45c32deb84c-le64.cache-7
7f658cb9b000-7f658cb9c000 r--s 00000000 fd:01 2643326                    /var/cache/fontconfig/4e602040080c966cb821813a3e584564-le64.cache-7
7f658cb9c000-7f658cb9f000 r--s 00000000 fd:01 2643325                    /var/cache/fontconfig/830f035fa84a65ce80e050178dbb630d-le64.cache-7
7f658cb9f000-7f658cba0000 r--s 00000000 fd:01 2643324                    /var/cache/fontconfig/81a173283b451552b599cfaafd6236bd-le64.cache-7
7f658cba0000-7f658cba1000 r--s 00000000 fd:01 2643323                    /var/cache/fontconfig/ac68f755438cc3dc5a526084839fc7ca-le64.cache-7
7f658cba1000-7f658cba2000 r--s 00000000 fd:01 2643322                    /var/cache/fontconfig/f951a6bc01c50d58ac4af16a0108457e-le64.cache-7
7f658cba2000-7f658cba3000 r--s 00000000 fd:01 2643321                    /var/cache/fontconfig/8cab66d8f642305e525ba3e322d0979c-le64.cache-7
7f658cba3000-7f658cba4000 r--s 00000000 fd:01 2643320                    /var/cache/fontconfig/12513961c6e7090f8648812f9eaf65d6-le64.cache-7
7f658cba4000-7f658cba7000 r--s 00000000 fd:01 2643319                    /var/cache/fontconfig/e26bf336397aae6fcef4d3803472adec-le64.cache-7
7f658cba7000-7f658cba8000 r--s 00000000 fd:01 2643318                    /var/cache/fontconfig/f132fa2327207a6ac3298c0518879731-le64.cache-7
7f658cba8000-7f658cba9000 r--s 00000000 fd:01 2643317                    /var/cache/fontconfig/6fcb01a03a016cc71057b587cdea6709-le64.cache-7
7f658cba9000-7f658cbad000 r--s 00000000 fd:01 2643316                    /var/cache/fontconfig/8aa05f52519ebacbdf5713e01a6153b0-le64.cache-7
7f658cbad000-7f658cbae000 r--s 00000000 fd:01 2643315                    /var/cache/fontconfig/b887eea8f1b96e1d899b44ed6681fc27-le64.cache-7
7f658cbae000-7f658cbaf000 r--s 00000000 fd:01 2643314                    /var/cache/fontconfig/860639f272b8b4b3094f9e399e41bccd-le64.cache-7
7f658cbaf000-7f658cbb0000 r--s 00000000 fd:01 2643313                    /var/cache/fontconfig/5d33f04e74a97395cf88bbd83847f1f1-le64.cache-7
7f658cbb0000-7f658cbb1000 r--s 00000000 fd:01 2643312                    /var/cache/fontconfig/df893b4576ad6107f9397134092c4059-le64.cache-7
7f658cbb1000-7f658cbb2000 r--s 00000000 fd:01 2643311                    /var/cache/fontconfig/1e1e03b57ed9f0c723c5aeafda46c3fb-le64.cache-7
7f658cbb2000-7f658cbb3000 r--s 00000000 fd:01 2643310                    /var/cache/fontconfig/900402270e15d763a6e008bb2d4c7686-le64.cache-7
7f658cbb3000-7f658cbb4000 r--s 00000000 fd:01 2643309                    /var/cache/fontconfig/47f48679023f44a4d1e44699a69464f6-le64.cache-7
7f658cbb4000-7f658cbb5000 r--s 00000000 fd:01 2643308                    /var/cache/fontconfig/2881ed3fd21ca306ddad6f9b0dd3189f-le64.cache-7
7f658cbb5000-7f658cbb6000 r--s 00000000 fd:01 2643307                    /var/cache/fontconfig/3c3fb04d32a5211b073874b125d29701-le64.cache-7
7f658cbb6000-7f658cbb7000 r--s 00000000 fd:01 2643306                    /var/cache/fontconfig/e61abf8156cc476151baa07d67337cae-le64.cache-7
7f658cbb7000-7f658cbbc000 r--s 00000000 fd:01 2643305                    /var/cache/fontconfig/b67b32625a2bb51b023d3814a918f351-le64.cache-7
7f658cbbc000-7f658cbbe000 r--s 00000000 fd:01 2643304                    /var/cache/fontconfig/d3379abda271c4acd2ad0c01f565d0b0-le64.cache-7
7f658cbbe000-7f658cbbf000 r--s 00000000 fd:01 2643303                    /var/cache/fontconfig/b4d0b56f766d89640448751fcd18ec1e-le64.cache-7
7f658cbbf000-7f658cbc1000 r--s 00000000 fd:01 2643302                    /var/cache/fontconfig/7ee6df7a8311986241317a58487e0145-le64.cache-7
7f658cbc1000-7f658cbd4000 r--s 00000000 fd:01 2643298                    /var/cache/fontconfig/614d1caaa4d7914789410f6367de37ca-le64.cache-7
7f658cc7c000-7f658cd57000 rw-p 00000000 00:00 0 
7f658cd57000-7f658cda2000 rw-s 00000000 00:05 4128779                    /SYSV00000000 (deleted)
7f658cda2000-7f658d052000 rw-s 00000000 00:05 786442                     /SYSV00000000 (deleted)
7f658d057000-7f658d059000 rw-p 00000000 00:00 0 
7f658d059000-7f658d083000 r-xp 00000000 fd:01 12115                      /opt/jdk1.7.0_79/jre/lib/amd64/libdcpr.so
7f658d083000-7f658d283000 ---p 0002a000 fd:01 12115                      /opt/jdk1.7.0_79/jre/lib/amd64/libdcpr.so
7f658d283000-7f658d286000 rw-p 0002a000 fd:01 12115                      /opt/jdk1.7.0_79/jre/lib/amd64/libdcpr.so
7f658d286000-7f658d289000 ---p 00000000 00:00 0 
7f658d289000-7f658d387000 rw-p 00000000 00:00 0                          [stack:3689]
7f658d387000-7f658d38a000 ---p 00000000 00:00 0 
7f658d38a000-7f658d488000 rw-p 00000000 00:00 0                          [stack:3688]
7f658d488000-7f658d4c2000 r-xp 00000000 fd:01 12121                      /opt/jdk1.7.0_79/jre/lib/amd64/libjpeg.so
7f658d4c2000-7f658d6c2000 ---p 0003a000 fd:01 12121                      /opt/jdk1.7.0_79/jre/lib/amd64/libjpeg.so
7f658d6c2000-7f658d6c3000 rw-p 0003a000 fd:01 12121                      /opt/jdk1.7.0_79/jre/lib/amd64/libjpeg.so
7f658d6c3000-7f658d72c000 r-xp 00000000 fd:01 2038                       /opt/jdk1.7.0_79/jre/lib/amd64/libt2k.so
7f658d72c000-7f658d92b000 ---p 00069000 fd:01 2038                       /opt/jdk1.7.0_79/jre/lib/amd64/libt2k.so
7f658d92b000-7f658d932000 rw-p 00068000 fd:01 2038                       /opt/jdk1.7.0_79/jre/lib/amd64/libt2k.so
7f658d932000-7f658d942000 rw-p 00000000 00:00 0 
7f658d942000-7f658d952000 r-xp 00000000 fd:01 2064                       /opt/jdk1.7.0_79/jre/lib/amd64/libnio.so
7f658d952000-7f658db52000 ---p 00010000 fd:01 2064                       /opt/jdk1.7.0_79/jre/lib/amd64/libnio.so
7f658db52000-7f658db53000 rw-p 00010000 fd:01 2064                       /opt/jdk1.7.0_79/jre/lib/amd64/libnio.so
7f658db53000-7f658db69000 r-xp 00000000 fd:01 12124                      /opt/jdk1.7.0_79/jre/lib/amd64/libnet.so
7f658db69000-7f658dd69000 ---p 00016000 fd:01 12124                      /opt/jdk1.7.0_79/jre/lib/amd64/libnet.so
7f658dd69000-7f658dd6a000 rw-p 00016000 fd:01 12124                      /opt/jdk1.7.0_79/jre/lib/amd64/libnet.so
7f658dd6a000-7f658dd80000 r-xp 00000000 fd:01 1184757                    /usr/lib64/libgcc_s-5.3.1-20151207.so.1
7f658dd80000-7f658df7f000 ---p 00016000 fd:01 1184757                    /usr/lib64/libgcc_s-5.3.1-20151207.so.1
7f658df7f000-7f658df80000 r--p 00015000 fd:01 1184757                    /usr/lib64/libgcc_s-5.3.1-20151207.so.1
7f658df80000-7f658df81000 rw-p 00016000 fd:01 1184757                    /usr/lib64/libgcc_s-5.3.1-20151207.so.1
7f658df81000-7f658df83000 r--s 00000000 fd:01 2643301                    /var/cache/fontconfig/99a1ce9f8b6a0434aadb01d3779b0780-le64.cache-7
7f658df83000-7f658df85000 r--s 00000000 fd:01 2643300                    /var/cache/fontconfig/f9d379b867d7c69c85310a4f24e5228f-le64.cache-7
7f658df85000-7f658df86000 r--s 00000000 fd:01 2643299                    /var/cache/fontconfig/a0c19c2c21e758d73376b5942921cc72-le64.cache-7
7f658df86000-7f658df91000 r--s 00000000 fd:01 2643297                    /var/cache/fontconfig/12b26b760a24f8b4feb03ad48a333a72-le64.cache-7
7f658df91000-7f658df98000 r--s 00000000 fd:01 2643294                    /var/cache/fontconfig/a4412f743c4d1c8e7d1a441b64ec7319-le64.cache-7
7f658df98000-7f658df9d000 r--s 00000000 fd:01 2643293                    /var/cache/fontconfig/a289f7e03715303a9a1b010d74c00c6a-le64.cache-7
7f658df9d000-7f658df9f000 r--s 00000000 fd:01 2641995                    /var/cache/fontconfig/b3043b29744cf0a429678d296f5e4026-le64.cache-7
7f658df9f000-7f658dfa3000 r--s 00000000 fd:01 2643331                    /var/cache/fontconfig/beeeeb3dfe132a8a0633a017c99ce0c0-le64.cache-7
7f658dfa3000-7f658e008000 r-xp 00000000 fd:01 2042                       /opt/jdk1.7.0_79/jre/lib/amd64/libfontmanager.so
7f658e008000-7f658e207000 ---p 00065000 fd:01 2042                       /opt/jdk1.7.0_79/jre/lib/amd64/libfontmanager.so
7f658e207000-7f658e20c000 rw-p 00064000 fd:01 2042                       /opt/jdk1.7.0_79/jre/lib/amd64/libfontmanager.so
7f658e20c000-7f658e21c000 rw-p 00000000 00:00 0 
7f658e21c000-7f658e226000 r--s 00253000 fd:01 2074                       /opt/jdk1.7.0_79/jre/lib/resources.jar
7f658e226000-7f658e229000 r--s 00028000 fd:01 2124763                    /opt/baraza/build/lib/server/tomcat-embed-el.jar
7f658e229000-7f658e23a000 r--s 0021a000 fd:01 2124757                    /opt/baraza/build/lib/server/ecj-P20140317-1600.jar
7f658e23a000-7f658e23e000 r--s 00036000 fd:01 2124088                    /opt/baraza/build/lib/server/tomcat-dbcp.jar
7f658e23e000-7f658e247000 r--s 0009f000 fd:01 2124090                    /opt/baraza/build/lib/server/tomcat-embed-jasper.jar
7f658e247000-7f658e249000 r--s 00013000 fd:01 2124092                    /opt/baraza/build/lib/server/tomcat-embed-logging-log4j.jar
7f658e249000-7f658e24b000 r--s 00008000 fd:01 2124091                    /opt/baraza/build/lib/server/tomcat-embed-logging-juli.jar
7f658e24b000-7f658e26c000 r--s 00266000 fd:01 2124089                    /opt/baraza/build/lib/server/tomcat-embed-core.jar
7f658e26c000-7f658e26e000 r--s 0000d000 fd:01 2124759                    /opt/baraza/build/lib/server/rxtxcomm.jar
7f658e26e000-7f658e272000 r--s 00033000 fd:01 2124758                    /opt/baraza/build/lib/server/jsch.jar
7f658e272000-7f658e274000 r--s 00006000 fd:01 2124774                    /opt/baraza/build/lib/webdav/slf4j-api-1.7.7.jar
7f658e274000-7f658e277000 r--s 00018000 fd:01 2124773                    /opt/baraza/build/lib/webdav/sardine.jar
7f658e277000-7f658e27d000 r--s 0003f000 fd:01 2124772                    /opt/baraza/build/lib/webdav/httpcore-4.3.2.jar
7f658e27d000-7f658e289000 r--s 00085000 fd:01 2124771                    /opt/baraza/build/lib/webdav/httpclient-4.3.4.jar
7f658e289000-7f658e28b000 r--s 0000d000 fd:01 2124073                    /opt/baraza/build/lib/htmlcomponent.jar
7f658e28b000-7f658e293000 r--s 00031000 fd:01 2124094                    /opt/baraza/build/lib/xml-apis-xerces-2.9.1.jar
7f658e293000-7f658e297000 r--s 0002f000 fd:01 2124081                    /opt/baraza/build/lib/jtidy-r938.jar
7f658e297000-7f658e2a9000 r--s 00108000 fd:01 2124070                    /opt/baraza/build/lib/core-renderer.jar
7f658e2a9000-7f658e2b9000 r--s 000e2000 fd:01 2124077                    /opt/baraza/build/lib/jackson-databind-2.1.4.jar
7f658e2b9000-7f658e2db000 r--s 001df000 fd:01 2124085                    /opt/baraza/build/lib/poi-3.10.jar
7f658e2db000-7f658e2de000 ---p 00000000 00:00 0 
7f658e2de000-7f658e3dc000 rw-p 00000000 00:00 0                          [stack:3652]
7f658e3dc000-7f658e3e1000 r-xp 00000000 fd:01 1187803                    /usr/lib64/libXfixes.so.3.1.0
7f658e3e1000-7f658e5e0000 ---p 00005000 fd:01 1187803                    /usr/lib64/libXfixes.so.3.1.0
7f658e5e0000-7f658e5e1000 r--p 00004000 fd:01 1187803                    /usr/lib64/libXfixes.so.3.1.0
7f658e5e1000-7f658e5e2000 rw-p 00005000 fd:01 1187803                    /usr/lib64/libXfixes.so.3.1.0
7f658e5e2000-7f658e5ec000 r-xp 00000000 fd:01 1187798                    /usr/lib64/libXcursor.so.1.0.2
7f658e5ec000-7f658e7eb000 ---p 0000a000 fd:01 1187798                    /usr/lib64/libXcursor.so.1.0.2
7f658e7eb000-7f658e7ec000 r--p 00009000 fd:01 1187798                    /usr/lib64/libXcursor.so.1.0.2
7f658e7ec000-7f658e7ed000 rw-p 0000a000 fd:01 1187798                    /usr/lib64/libXcursor.so.1.0.2
7f658e7ed000-7f658e7f0000 ---p 00000000 00:00 0 
7f658e7f0000-7f658e8ee000 rw-p 00000000 00:00 0                          [stack:3651]
7f658e8ee000-7f658e8f1000 ---p 00000000 00:00 0 
7f658e8f1000-7f658e9ef000 rw-p 00000000 00:00 0                          [stack:3650]
7f658e9ef000-7f658e9f1000 r-xp 00000000 fd:01 1187796                    /usr/lib64/libXau.so.6.0.0
7f658e9f1000-7f658ebf1000 ---p 00002000 fd:01 1187796                    /usr/lib64/libXau.so.6.0.0
7f658ebf1000-7f658ebf2000 r--p 00002000 fd:01 1187796                    /usr/lib64/libXau.so.6.0.0
7f658ebf2000-7f658ebf3000 rw-p 00003000 fd:01 1187796                    /usr/lib64/libXau.so.6.0.0
7f658ebf3000-7f658ec14000 r-xp 00000000 fd:01 1187523                    /usr/lib64/libxcb.so.1.1.0
7f658ec14000-7f658ee13000 ---p 00021000 fd:01 1187523                    /usr/lib64/libxcb.so.1.1.0
7f658ee13000-7f658ee14000 r--p 00020000 fd:01 1187523                    /usr/lib64/libxcb.so.1.1.0
7f658ee14000-7f658ee15000 rw-p 00021000 fd:01 1187523                    /usr/lib64/libxcb.so.1.1.0
7f658ee15000-7f658ee24000 r-xp 00000000 fd:01 1187806                    /usr/lib64/libXi.so.6.1.0
7f658ee24000-7f658f023000 ---p 0000f000 fd:01 1187806                    /usr/lib64/libXi.so.6.1.0
7f658f023000-7f658f024000 r--p 0000e000 fd:01 1187806                    /usr/lib64/libXi.so.6.1.0
7f658f024000-7f658f025000 rw-p 0000f000 fd:01 1187806                    /usr/lib64/libXi.so.6.1.0
7f658f025000-7f658f02a000 r-xp 00000000 fd:01 1187814                    /usr/lib64/libXtst.so.6.1.0
7f658f02a000-7f658f229000 ---p 00005000 fd:01 1187814                    /usr/lib64/libXtst.so.6.1.0
7f658f229000-7f658f22a000 r--p 00004000 fd:01 1187814                    /usr/lib64/libXtst.so.6.1.0
7f658f22a000-7f658f22b000 rw-p 00005000 fd:01 1187814                    /usr/lib64/libXtst.so.6.1.0
7f658f22b000-7f658f234000 r-xp 00000000 fd:01 1187812                    /usr/lib64/libXrender.so.1.3.0
7f658f234000-7f658f433000 ---p 00009000 fd:01 1187812                    /usr/lib64/libXrender.so.1.3.0
7f658f433000-7f658f434000 r--p 00008000 fd:01 1187812                    /usr/lib64/libXrender.so.1.3.0
7f658f434000-7f658f435000 rw-p 00009000 fd:01 1187812                    /usr/lib64/libXrender.so.1.3.0
7f658f435000-7f658f570000 r-xp 00000000 fd:01 1187794                    /usr/lib64/libX11.so.6.3.0
7f658f570000-7f658f770000 ---p 0013b000 fd:01 1187794                    /usr/lib64/libX11.so.6.3.0
7f658f770000-7f658f771000 r--p 0013b000 fd:01 1187794                    /usr/lib64/libX11.so.6.3.0
7f658f771000-7f658f776000 rw-p 0013c000 fd:01 1187794                    /usr/lib64/libX11.so.6.3.0
7f658f776000-7f658f787000 r-xp 00000000 fd:01 1187802                    /usr/lib64/libXext.so.6.4.0
7f658f787000-7f658f986000 ---p 00011000 fd:01 1187802                    /usr/lib64/libXext.so.6.4.0
7f658f986000-7f658f987000 r--p 00010000 fd:01 1187802                    /usr/lib64/libXext.so.6.4.0
7f658f987000-7f658f988000 rw-p 00011000 fd:01 1187802                    /usr/lib64/libXext.so.6.4.0
7f658f988000-7f658f9d8000 r-xp 00000000 fd:01 2061                       /opt/jdk1.7.0_79/jre/lib/amd64/xawt/libmawt.so
7f658f9d8000-7f658fbd8000 ---p 00050000 fd:01 2061                       /opt/jdk1.7.0_79/jre/lib/amd64/xawt/libmawt.so
7f658fbd8000-7f658fbdc000 rw-p 00050000 fd:01 2061                       /opt/jdk1.7.0_79/jre/lib/amd64/xawt/libmawt.so
7f658fbdc000-7f658fbdd000 rw-p 00000000 00:00 0 
7f658fbdd000-7f658fc7f000 r-xp 00000000 fd:01 2053                       /opt/jdk1.7.0_79/jre/lib/amd64/libawt.so
7f658fc7f000-7f658fe7f000 ---p 000a2000 fd:01 2053                       /opt/jdk1.7.0_79/jre/lib/amd64/libawt.so
7f658fe7f000-7f658fe8b000 rw-p 000a2000 fd:01 2053                       /opt/jdk1.7.0_79/jre/lib/amd64/libawt.so
7f658fe8b000-7f658feaf000 rw-p 00000000 00:00 0 
7f658feaf000-7f658feb0000 ---p 00000000 00:00 0 
7f658feb0000-7f6594000000 rw-p 00000000 00:00 0                          [stack:3649]
7f6594000000-7f6594021000 rw-p 00000000 00:00 0 
7f6594021000-7f6598000000 ---p 00000000 00:00 0 
7f6598000000-7f6598021000 rw-p 00000000 00:00 0 
7f6598021000-7f659c000000 ---p 00000000 00:00 0 
7f659c000000-7f659c021000 rw-p 00000000 00:00 0 
7f659c021000-7f65a0000000 ---p 00000000 00:00 0 
7f65a0000000-7f65a0021000 rw-p 00000000 00:00 0 
7f65a0021000-7f65a4000000 ---p 00000000 00:00 0 
7f65a4000000-7f65a4021000 rw-p 00000000 00:00 0 
7f65a4021000-7f65a8000000 ---p 00000000 00:00 0 
7f65a8000000-7f65a8001000 r--s 00000000 fd:01 2643292                    /var/cache/fontconfig/3640555adad8a8f6978400293cfce7ab-le64.cache-7
7f65a8001000-7f65a8005000 r--s 0003b000 fd:01 2125124                    /opt/baraza/build/lib/barcode.jar
7f65a8005000-7f65a8009000 r--s 00034000 fd:01 2124740                    /opt/baraza/build/lib/interclient.jar
7f65a8009000-7f65a800d000 r--s 00033000 fd:01 2124076                    /opt/baraza/build/lib/jackson-core-2.1.4.jar
7f65a800d000-7f65a8010000 r--s 00012000 fd:01 2124745                    /opt/baraza/build/lib/javax.json-1.0.4.jar
7f65a8010000-7f65a8013000 r--s 00017000 fd:01 2124063                    /opt/baraza/build/lib/barbecue-1.5-beta1.jar
7f65a8013000-7f65a801a000 r--s 0007d000 fd:01 2124769                    /opt/baraza/build/lib/sqljdbc4.jar
7f65a801a000-7f65a8021000 r--s 00091000 fd:01 2124086                    /opt/baraza/build/lib/postgresql-9.3-1101.jdbc4.jar
7f65a8021000-7f65a8033000 r--s 00211000 fd:01 2124084                    /opt/baraza/build/lib/ojdbc6.jar
7f65a8033000-7f65a8092000 r--s 0050e000 fd:01 2124078                    /opt/baraza/build/lib/jasperreports-6.2.0.jar
7f65a8092000-7f65a80f1000 r--s 005f4000 fd:01 2124072                    /opt/baraza/build/lib/groovy-all-2.0.1.jar
7f65a80f1000-7f65a80f4000 ---p 00000000 00:00 0 
7f65a80f4000-7f65a81f2000 rw-p 00000000 00:00 0                          [stack:3648]
7f65a81f2000-7f65a81f5000 ---p 00000000 00:00 0 
7f65a81f5000-7f65a82f3000 rw-p 00000000 00:00 0                          [stack:3647]
7f65a82f3000-7f65a82f6000 ---p 00000000 00:00 0 
7f65a82f6000-7f65a83f4000 rw-p 00000000 00:00 0                          [stack:3646]
7f65a83f4000-7f65a83f7000 ---p 00000000 00:00 0 
7f65a83f7000-7f65a84f5000 rw-p 00000000 00:00 0                          [stack:3645]
7f65a84f5000-7f65a84f8000 ---p 00000000 00:00 0 
7f65a84f8000-7f65a85f6000 rw-p 00000000 00:00 0                          [stack:3644]
7f65a85f6000-7f65a85f9000 ---p 00000000 00:00 0 
7f65a85f9000-7f65a86f7000 rw-p 00000000 00:00 0                          [stack:3643]
7f65a86f7000-7f65a86f8000 ---p 00000000 00:00 0 
7f65a86f8000-7f65a9000000 rw-p 00000000 00:00 0                          [stack:3642]
7f65a9000000-7f65a9270000 rwxp 00000000 00:00 0 
7f65a9270000-7f65ac5d1000 rw-p 00000000 00:00 0 
7f65ac5d1000-7f65b0000000 ---p 00000000 00:00 0 
7f65b0000000-7f65b0001000 r--s 00002000 fd:01 2124087                    /opt/baraza/build/lib/server/metropol.jar
7f65b0001000-7f65b0008000 r--s 000bd000 fd:01 2124083                    /opt/baraza/build/lib/mysql-connector-java-5.1.13-bin.jar
7f65b0008000-7f65b000f000 r--s 00073000 fd:01 2124082                    /opt/baraza/build/lib/mail.jar
7f65b000f000-7f65b001f000 r--s 00150000 fd:01 2124080                    /opt/baraza/build/lib/jfreechart-1.0.12.jar
7f65b001f000-7f65b0025000 r--s 0004d000 fd:01 2124079                    /opt/baraza/build/lib/jcommon-1.0.15.jar
7f65b0025000-7f65b003b000 r--s 00207000 fd:01 2124075                    /opt/baraza/build/lib/itextpdf-5.5.0.jar
7f65b003b000-7f65b0048000 r--s 00116000 fd:01 2124074                    /opt/baraza/build/lib/iText-2.1.7.js2.jar
7f65b0048000-7f65b006f000 r--s 00284000 fd:01 2124071                    /opt/baraza/build/lib/derby.jar
7f65b006f000-7f65b0071000 r--s 00010000 fd:01 2124069                    /opt/baraza/build/lib/commons-logging-1.1.1.jar
7f65b0071000-7f65b0075000 r--s 0002a000 fd:01 2124734                    /opt/baraza/build/lib/commons-io-2.4.jar
7f65b0075000-7f65b007b000 r--s 00030000 fd:01 2124068                    /opt/baraza/build/lib/commons-digester-2.1.jar
7f65b007b000-7f65b00a3000 r--s 001c3000 fd:01 2124064                    /opt/baraza/build/lib/bcprov-jdk16-1.46.jar
7f65b00a3000-7f65b07f5000 rw-p 00000000 00:00 0 
7f65b07f5000-7f65b09b5000 r--s 039f7000 fd:01 2079                       /opt/jdk1.7.0_79/jre/lib/rt.jar
7f65b09b5000-7f65b0eb4000 rw-p 00000000 00:00 0 
7f65b0eb4000-7f65b0eb5000 ---p 00000000 00:00 0 
7f65b0eb5000-7f65b0fb5000 rw-p 00000000 00:00 0                          [stack:3641]
7f65b0fb5000-7f65b0fb6000 ---p 00000000 00:00 0 
7f65b0fb6000-7f65b10b6000 rw-p 00000000 00:00 0                          [stack:3640]
7f65b10b6000-7f65b10b7000 ---p 00000000 00:00 0 
7f65b10b7000-7f65b11b7000 rw-p 00000000 00:00 0                          [stack:3639]
7f65b11b7000-7f65b11b8000 ---p 00000000 00:00 0 
7f65b11b8000-7f65b12c3000 rw-p 00000000 00:00 0                          [stack:3638]
7f65b12c3000-7f65b12e1000 rw-p 00000000 00:00 0 
7f65b12e1000-7f65b130a000 rw-p 00000000 00:00 0 
7f65b130a000-7f65b1574000 rw-p 00000000 00:00 0 
7f65b1574000-7f65b157f000 rw-p 00000000 00:00 0 
7f65b157f000-7f65b159d000 rw-p 00000000 00:00 0 
7f65b159d000-7f65b15c6000 rw-p 00000000 00:00 0 
7f65b15c6000-7f65b182f000 rw-p 00000000 00:00 0 
7f65b182f000-7f65b1845000 rw-p 00000000 00:00 0 
7f65b1845000-7f65b1979000 rw-p 00000000 00:00 0 
7f65b1979000-7f65b197a000 rw-p 00000000 00:00 0 
7f65b197a000-7f65b1994000 r-xp 00000000 fd:01 2057                       /opt/jdk1.7.0_79/jre/lib/amd64/libzip.so
7f65b1994000-7f65b1b94000 ---p 0001a000 fd:01 2057                       /opt/jdk1.7.0_79/jre/lib/amd64/libzip.so
7f65b1b94000-7f65b1b95000 rw-p 0001a000 fd:01 2057                       /opt/jdk1.7.0_79/jre/lib/amd64/libzip.so
7f65b1b95000-7f65b1ba1000 r-xp 00000000 fd:01 1189593                    /usr/lib64/libnss_files-2.21.so
7f65b1ba1000-7f65b1da0000 ---p 0000c000 fd:01 1189593                    /usr/lib64/libnss_files-2.21.so
7f65b1da0000-7f65b1da1000 r--p 0000b000 fd:01 1189593                    /usr/lib64/libnss_files-2.21.so
7f65b1da1000-7f65b1da2000 rw-p 0000c000 fd:01 1189593                    /usr/lib64/libnss_files-2.21.so
7f65b1da2000-7f65b1dcb000 r-xp 00000000 fd:01 2035                       /opt/jdk1.7.0_79/jre/lib/amd64/libjava.so
7f65b1dcb000-7f65b1fcb000 ---p 00029000 fd:01 2035                       /opt/jdk1.7.0_79/jre/lib/amd64/libjava.so
7f65b1fcb000-7f65b1fcd000 rw-p 00029000 fd:01 2035                       /opt/jdk1.7.0_79/jre/lib/amd64/libjava.so
7f65b1fcd000-7f65b1fda000 r-xp 00000000 fd:01 2032                       /opt/jdk1.7.0_79/jre/lib/amd64/libverify.so
7f65b1fda000-7f65b21d9000 ---p 0000d000 fd:01 2032                       /opt/jdk1.7.0_79/jre/lib/amd64/libverify.so
7f65b21d9000-7f65b21db000 rw-p 0000c000 fd:01 2032                       /opt/jdk1.7.0_79/jre/lib/amd64/libverify.so
7f65b21db000-7f65b21e2000 r-xp 00000000 fd:01 1189596                    /usr/lib64/librt-2.21.so
7f65b21e2000-7f65b23e1000 ---p 00007000 fd:01 1189596                    /usr/lib64/librt-2.21.so
7f65b23e1000-7f65b23e2000 r--p 00006000 fd:01 1189596                    /usr/lib64/librt-2.21.so
7f65b23e2000-7f65b23e3000 rw-p 00007000 fd:01 1189596                    /usr/lib64/librt-2.21.so
7f65b23e3000-7f65b24ea000 r-xp 00000000 fd:01 1189590                    /usr/lib64/libm-2.21.so
7f65b24ea000-7f65b26e9000 ---p 00107000 fd:01 1189590                    /usr/lib64/libm-2.21.so
7f65b26e9000-7f65b26ea000 r--p 00106000 fd:01 1189590                    /usr/lib64/libm-2.21.so
7f65b26ea000-7f65b26eb000 rw-p 00107000 fd:01 1189590                    /usr/lib64/libm-2.21.so
7f65b26eb000-7f65b3260000 r-xp 00000000 fd:01 2044                       /opt/jdk1.7.0_79/jre/lib/amd64/server/libjvm.so
7f65b3260000-7f65b3460000 ---p 00b75000 fd:01 2044                       /opt/jdk1.7.0_79/jre/lib/amd64/server/libjvm.so
7f65b3460000-7f65b3524000 rw-p 00b75000 fd:01 2044                       /opt/jdk1.7.0_79/jre/lib/amd64/server/libjvm.so
7f65b3524000-7f65b3565000 rw-p 00000000 00:00 0 
7f65b3565000-7f65b371c000 r-xp 00000000 fd:01 1187829                    /usr/lib64/libc-2.21.so
7f65b371c000-7f65b391c000 ---p 001b7000 fd:01 1187829                    /usr/lib64/libc-2.21.so
7f65b391c000-7f65b3920000 r--p 001b7000 fd:01 1187829                    /usr/lib64/libc-2.21.so
7f65b3920000-7f65b3922000 rw-p 001bb000 fd:01 1187829                    /usr/lib64/libc-2.21.so
7f65b3922000-7f65b3926000 rw-p 00000000 00:00 0 
7f65b3926000-7f65b3929000 r-xp 00000000 fd:01 1189589                    /usr/lib64/libdl-2.21.so
7f65b3929000-7f65b3b28000 ---p 00003000 fd:01 1189589                    /usr/lib64/libdl-2.21.so
7f65b3b28000-7f65b3b29000 r--p 00002000 fd:01 1189589                    /usr/lib64/libdl-2.21.so
7f65b3b29000-7f65b3b2a000 rw-p 00003000 fd:01 1189589                    /usr/lib64/libdl-2.21.so
7f65b3b2a000-7f65b3b40000 r-xp 00000000 fd:01 2113                       /opt/jdk1.7.0_79/lib/amd64/jli/libjli.so
7f65b3b40000-7f65b3d40000 ---p 00016000 fd:01 2113                       /opt/jdk1.7.0_79/lib/amd64/jli/libjli.so
7f65b3d40000-7f65b3d41000 rw-p 00016000 fd:01 2113                       /opt/jdk1.7.0_79/lib/amd64/jli/libjli.so
7f65b3d41000-7f65b3d58000 r-xp 00000000 fd:01 1188377                    /usr/lib64/libpthread-2.21.so
7f65b3d58000-7f65b3f57000 ---p 00017000 fd:01 1188377                    /usr/lib64/libpthread-2.21.so
7f65b3f57000-7f65b3f59000 r--p 00016000 fd:01 1188377                    /usr/lib64/libpthread-2.21.so
7f65b3f59000-7f65b3f5a000 rw-p 00018000 fd:01 1188377                    /usr/lib64/libpthread-2.21.so
7f65b3f5a000-7f65b3f5e000 rw-p 00000000 00:00 0 
7f65b3f5e000-7f65b3f7f000 r-xp 00000000 fd:01 1191851                    /usr/lib64/ld-2.21.so
7f65b3f7f000-7f65b3f80000 r--s 00002000 fd:01 2124775                    /opt/baraza/build/lib/webdav/slf4j-simple-1.7.7.jar
7f65b3f80000-7f65b3f83000 r--s 00011000 fd:01 2124732                    /opt/baraza/build/lib/commons-discovery-0.5.jar
7f65b3f83000-7f65b3f90000 r--s 0008d000 fd:01 2124067                    /opt/baraza/build/lib/commons-collections-3.2.1.jar
7f65b3f90000-7f65b3f96000 r--s 00041000 fd:01 2124066                    /opt/baraza/build/lib/commons-codec-1.9.jar
7f65b3f96000-7f65b3fa0000 rw-p 00000000 00:00 0 
7f65b3fa0000-7f65b4056000 rw-p 00000000 00:00 0 
7f65b4056000-7f65b4059000 ---p 00000000 00:00 0 
7f65b4059000-7f65b415b000 rw-p 00000000 00:00 0                          [stack:3637]
7f65b415b000-7f65b415d000 r--s 0000f000 fd:01 2124733                    /opt/baraza/build/lib/commons-fileupload-1.3.1.jar
7f65b415d000-7f65b4162000 r--s 00039000 fd:01 2124065                    /opt/baraza/build/lib/commons-beanutils-1.9.0.jar
7f65b4162000-7f65b4164000 r--s 00012000 fd:01 2124062                    /opt/baraza/build/lib/activation-1.1.1.jar
7f65b4164000-7f65b4168000 r--s 000f7000 fd:01 262164                     /opt/jdk1.7.0_79/jre/lib/ext/localedata.jar
7f65b4168000-7f65b416b000 r--s 00019000 fd:01 2095                       /opt/jdk1.7.0_79/jre/lib/jce.jar
7f65b416b000-7f65b416f000 r--s 0008b000 fd:01 2089                       /opt/jdk1.7.0_79/jre/lib/jsse.jar
7f65b416f000-7f65b4173000 r--s 00074000 fd:01 2124305                    /opt/baraza/build/baraza.jar (deleted)
7f65b4173000-7f65b417b000 rw-s 00000000 00:27 42164                      /tmp/hsperfdata_root/3636
7f65b417b000-7f65b417c000 rw-p 00000000 00:00 0 
7f65b417c000-7f65b417d000 r--p 00000000 00:00 0 
7f65b417d000-7f65b417e000 rw-p 00000000 00:00 0 
7f65b417e000-7f65b417f000 r--p 00020000 fd:01 1191851                    /usr/lib64/ld-2.21.so
7f65b417f000-7f65b4180000 rw-p 00021000 fd:01 1191851                    /usr/lib64/ld-2.21.so
7f65b4180000-7f65b4181000 rw-p 00000000 00:00 0 
7fff0a196000-7fff0a1b7000 rw-p 00000000 00:00 0                          [stack]
7fff0a1df000-7fff0a1e1000 r--p 00000000 00:00 0                          [vvar]
7fff0a1e1000-7fff0a1e3000 r-xp 00000000 00:00 0                          [vdso]
ffffffffff600000-ffffffffff601000 r-xp 00000000 00:00 0                  [vsyscall]

VM Arguments:
java_command: build/baraza.jar develop ./projects/
Launcher Type: SUN_STANDARD

Environment Variables:
PATH=/usr/local/bin:/usr/local/sbin:/usr/bin:/usr/sbin:/bin:/sbin:/root/bin
USERNAME=root
SHELL=/bin/bash
DISPLAY=:0

Signal Handlers:
SIGSEGV: [libjvm.so+0x9a3bf0], sa_mask[0]=0x7ffbfeff, sa_flags=0x10000004
SIGBUS: [libjvm.so+0x9a3bf0], sa_mask[0]=0x7ffbfeff, sa_flags=0x10000004
SIGFPE: [libjvm.so+0x81cb60], sa_mask[0]=0x7ffbfeff, sa_flags=0x10000004
SIGPIPE: [libjvm.so+0x81cb60], sa_mask[0]=0x7ffbfeff, sa_flags=0x10000004
SIGXFSZ: [libjvm.so+0x81cb60], sa_mask[0]=0x7ffbfeff, sa_flags=0x10000004
SIGILL: [libjvm.so+0x81cb60], sa_mask[0]=0x7ffbfeff, sa_flags=0x10000004
SIGUSR1: SIG_DFL, sa_mask[0]=0x00000000, sa_flags=0x00000000
SIGUSR2: [libjvm.so+0x81e360], sa_mask[0]=0x00000000, sa_flags=0x10000004
SIGHUP: [libjvm.so+0x81f480], sa_mask[0]=0x7ffbfeff, sa_flags=0x10000004
SIGINT: [libjvm.so+0x81f480], sa_mask[0]=0x7ffbfeff, sa_flags=0x10000004
SIGTERM: [libjvm.so+0x81f480], sa_mask[0]=0x7ffbfeff, sa_flags=0x10000004
SIGQUIT: [libjvm.so+0x81f480], sa_mask[0]=0x7ffbfeff, sa_flags=0x10000004


---------------  S Y S T E M  ---------------

OS:Fedora release 22 (Twenty Two)

uname:Linux 4.3.5-200.fc22.x86_64 #1 SMP Mon Feb 1 03:19:00 UTC 2016 x86_64
libc:glibc 2.21 NPTL 2.21 
rlimit: STACK 8192k, CORE 0k, NPROC 31263, NOFILE 4096, AS infinity
load average:1.22 1.26 1.32

/proc/meminfo:
MemTotal:        8088256 kB
MemFree:         3051480 kB
MemAvailable:    4792304 kB
Buffers:          143460 kB
Cached:          1858504 kB
SwapCached:            0 kB
Active:          3424832 kB
Inactive:        1176432 kB
Active(anon):    2611088 kB
Inactive(anon):   395120 kB
Active(file):     813744 kB
Inactive(file):   781312 kB
Unevictable:          16 kB
Mlocked:              16 kB
SwapTotal:       8126460 kB
SwapFree:        8126460 kB
Dirty:               748 kB
Writeback:             0 kB
AnonPages:       2599388 kB
Mapped:           519592 kB
Shmem:            406916 kB
Slab:             255832 kB
SReclaimable:     188104 kB
SUnreclaim:        67728 kB
KernelStack:       10144 kB
PageTables:        56520 kB
NFS_Unstable:          0 kB
Bounce:                0 kB
WritebackTmp:          0 kB
CommitLimit:    12170588 kB
Committed_AS:    7738320 kB
VmallocTotal:   34359738367 kB
VmallocUsed:      597312 kB
VmallocChunk:   34358423548 kB
HardwareCorrupted:     0 kB
AnonHugePages:         0 kB
HugePages_Total:       0
HugePages_Free:        0
HugePages_Rsvd:        0
HugePages_Surp:        0
Hugepagesize:       2048 kB
DirectMap4k:      172992 kB
DirectMap2M:     3934208 kB
DirectMap1G:     5242880 kB


CPU:total 4 (2 cores per cpu, 2 threads per core) family 6 model 61 stepping 4, cmov, cx8, fxsr, mmx, sse, sse2, sse3, ssse3, sse4.1, sse4.2, popcnt, avx, avx2, aes, erms, ht, tsc, tscinvbit

/proc/cpuinfo:
processor	: 0
vendor_id	: GenuineIntel
cpu family	: 6
model		: 61
model name	: Intel(R) Core(TM) i7-5500U CPU @ 2.40GHz
stepping	: 4
microcode	: 0x22
cpu MHz		: 2024.718
cache size	: 4096 KB
physical id	: 0
siblings	: 4
core id		: 0
cpu cores	: 2
apicid		: 0
initial apicid	: 0
fpu		: yes
fpu_exception	: yes
cpuid level	: 20
wp		: yes
flags		: fpu vme de pse tsc msr pae mce cx8 apic sep mtrr pge mca cmov pat pse36 clflush dts acpi mmx fxsr sse sse2 ss ht tm pbe syscall nx pdpe1gb rdtscp lm constant_tsc arch_perfmon pebs bts rep_good nopl xtopology nonstop_tsc aperfmperf eagerfpu pni pclmulqdq dtes64 monitor ds_cpl vmx est tm2 ssse3 sdbg fma cx16 xtpr pdcm pcid sse4_1 sse4_2 x2apic movbe popcnt tsc_deadline_timer aes xsave avx f16c rdrand lahf_lm abm 3dnowprefetch ida arat epb pln pts dtherm intel_pt tpr_shadow vnmi flexpriority ept vpid fsgsbase tsc_adjust bmi1 avx2 smep bmi2 erms invpcid rdseed adx smap xsaveopt
bugs		:
bogomips	: 4788.92
clflush size	: 64
cache_alignment	: 64
address sizes	: 39 bits physical, 48 bits virtual
power management:

processor	: 1
vendor_id	: GenuineIntel
cpu family	: 6
model		: 61
model name	: Intel(R) Core(TM) i7-5500U CPU @ 2.40GHz
stepping	: 4
microcode	: 0x22
cpu MHz		: 2400.187
cache size	: 4096 KB
physical id	: 0
siblings	: 4
core id		: 1
cpu cores	: 2
apicid		: 2
initial apicid	: 2
fpu		: yes
fpu_exception	: yes
cpuid level	: 20
wp		: yes
flags		: fpu vme de pse tsc msr pae mce cx8 apic sep mtrr pge mca cmov pat pse36 clflush dts acpi mmx fxsr sse sse2 ss ht tm pbe syscall nx pdpe1gb rdtscp lm constant_tsc arch_perfmon pebs bts rep_good nopl xtopology nonstop_tsc aperfmperf eagerfpu pni pclmulqdq dtes64 monitor ds_cpl vmx est tm2 ssse3 sdbg fma cx16 xtpr pdcm pcid sse4_1 sse4_2 x2apic movbe popcnt tsc_deadline_timer aes xsave avx f16c rdrand lahf_lm abm 3dnowprefetch ida arat epb pln pts dtherm intel_pt tpr_shadow vnmi flexpriority ept vpid fsgsbase tsc_adjust bmi1 avx2 smep bmi2 erms invpcid rdseed adx smap xsaveopt
bugs		:
bogomips	: 4788.92
clflush size	: 64
cache_alignment	: 64
address sizes	: 39 bits physical, 48 bits virtual
power management:

processor	: 2
vendor_id	: GenuineIntel
cpu family	: 6
model		: 61
model name	: Intel(R) Core(TM) i7-5500U CPU @ 2.40GHz
stepping	: 4
microcode	: 0x22
cpu MHz		: 2975.812
cache size	: 4096 KB
physical id	: 0
siblings	: 4
core id		: 0
cpu cores	: 2
apicid		: 1
initial apicid	: 1
fpu		: yes
fpu_exception	: yes
cpuid level	: 20
wp		: yes
flags		: fpu vme de pse tsc msr pae mce cx8 apic sep mtrr pge mca cmov pat pse36 clflush dts acpi mmx fxsr sse sse2 ss ht tm pbe syscall nx pdpe1gb rdtscp lm constant_tsc arch_perfmon pebs bts rep_good nopl xtopology nonstop_tsc aperfmperf eagerfpu pni pclmulqdq dtes64 monitor ds_cpl vmx est tm2 ssse3 sdbg fma cx16 xtpr pdcm pcid sse4_1 sse4_2 x2apic movbe popcnt tsc_deadline_timer aes xsave avx f16c rdrand lahf_lm abm 3dnowprefetch ida arat epb pln pts dtherm intel_pt tpr_shadow vnmi flexpriority ept vpid fsgsbase tsc_adjust bmi1 avx2 smep bmi2 erms invpcid rdseed adx smap xsaveopt
bugs		:
bogomips	: 4788.92
clflush size	: 64
cache_alignment	: 64
address sizes	: 39 bits physical, 48 bits virtual
power management:

processor	: 3
vendor_id	: GenuineIntel
cpu family	: 6
model		: 61
model name	: Intel(R) Core(TM) i7-5500U CPU @ 2.40GHz
stepping	: 4
microcode	: 0x22
cpu MHz		: 2400.281
cache size	: 4096 KB
physical id	: 0
siblings	: 4
core id		: 1
cpu cores	: 2
apicid		: 3
initial apicid	: 3
fpu		: yes
fpu_exception	: yes
cpuid level	: 20
wp		: yes
flags		: fpu vme de pse tsc msr pae mce cx8 apic sep mtrr pge mca cmov pat pse36 clflush dts acpi mmx fxsr sse sse2 ss ht tm pbe syscall nx pdpe1gb rdtscp lm constant_tsc arch_perfmon pebs bts rep_good nopl xtopology nonstop_tsc aperfmperf eagerfpu pni pclmulqdq dtes64 monitor ds_cpl vmx est tm2 ssse3 sdbg fma cx16 xtpr pdcm pcid sse4_1 sse4_2 x2apic movbe popcnt tsc_deadline_timer aes xsave avx f16c rdrand lahf_lm abm 3dnowprefetch ida arat epb pln pts dtherm intel_pt tpr_shadow vnmi flexpriority ept vpid fsgsbase tsc_adjust bmi1 avx2 smep bmi2 erms invpcid rdseed adx smap xsaveopt
bugs		:
bogomips	: 4788.92
clflush size	: 64
cache_alignment	: 64
address sizes	: 39 bits physical, 48 bits virtual
power management:



Memory: 4k page, physical 8088256k(3051480k free), swap 8126460k(8126460k free)

vm_info: Java HotSpot(TM) 64-Bit Server VM (24.79-b02) for linux-amd64 JRE (1.7.0_79-b15), built on Apr 10 2015 11:34:48 by "java_re" with gcc 4.3.0 20080428 (Red Hat 4.3.0-8)

time: Wed Apr 20 09:47:08 2016
elapsed time: 2912 seconds

