continents
countrys
states
religions
denominations
schools
departments
grades
degreelevels
levellocations
sublevels
degrees
residences
residenceCapacitys
assets
instructors
coursetypes
courses
bulleting
prerequisites
majors
contenttypes
majorcontents
students
studentdegrees
studentmajors
transferedcredits
requesttypes
studentrequests
quarters
qcalendar
qresidences
qcharges
qmcharges
chargetypes
qchargedefinations
qmchargedefinations
qselections
qstudents
phistory
studentpayments
paymentracks
scholarshiptypes
scholarships
citizenshiptypes
citizenships
studentexits
approvallist
qcourses
gradeopening
optiontimes
qtimetable
qexamtimetable
qgrades
gradechangelist
qcourseitems
qcoursemarks
sunimports
bankfile
banksuspence
Bankrecons
banks
marks
subjects
exam_centers
exam_dates
applications
