continents
countrys
religions
denominations
schools
departments
grades
marks
subjects
degreelevels
levellocations
sublevels
degrees
residences
assets
instructors
sabathclasses
coursetypes
courses
bulleting
prerequisites
majors
requirements
majoroptions
contenttypes
majorcontents
majoroptcontents
students
studentdegrees
transcriptprint
studentmajors
transferedcredits
requesttypes
studentrequests
quarters
qcalendar
qresidences
qcharges
qsubcharges
qstudents
approvallist
qcourses
optiontimes
qtimetable
qexamtimetable
qgrades
